mode: set
github.com/casapps/casrad/src/mode/mode.go:26.18,28.2 1 1
github.com/casapps/casrad/src/mode/mode.go:31.17,33.2 1 1
github.com/casapps/casrad/src/mode/mode.go:36.29,38.2 1 1
github.com/casapps/casrad/src/mode/mode.go:41.21,43.2 1 1
github.com/casapps/casrad/src/mode/mode.go:46.27,48.2 1 1
github.com/casapps/casrad/src/mode/mode.go:51.26,53.2 1 1
github.com/casapps/casrad/src/mode/mode.go:57.32,58.47 1 1
github.com/casapps/casrad/src/mode/mode.go:59.28,60.21 1 1
github.com/casapps/casrad/src/mode/mode.go:61.28,62.20 1 1
github.com/casapps/casrad/src/mode/mode.go:63.10,64.20 1 1
github.com/casapps/casrad/src/mode/mode.go:69.21,71.2 1 1
github.com/casapps/casrad/src/mode/mode.go:74.26,76.2 1 1
github.com/casapps/casrad/src/mode/mode.go:80.13,83.2 2 1
github.com/casapps/casrad/src/config/bool.go:41.57,44.13 2 1
github.com/casapps/casrad/src/config/bool.go:44.13,46.3 1 1
github.com/casapps/casrad/src/config/bool.go:48.2,48.21 1 1
github.com/casapps/casrad/src/config/bool.go:48.21,50.3 1 1
github.com/casapps/casrad/src/config/bool.go:52.2,52.20 1 1
github.com/casapps/casrad/src/config/bool.go:52.20,54.3 1 1
github.com/casapps/casrad/src/config/bool.go:56.2,56.58 1 1
github.com/casapps/casrad/src/config/bool.go:61.52,63.16 2 1
github.com/casapps/casrad/src/config/bool.go:63.16,64.13 1 1
github.com/casapps/casrad/src/config/bool.go:66.2,66.12 1 1
github.com/casapps/casrad/src/config/bool.go:71.30,73.2 1 1
github.com/casapps/casrad/src/config/bool.go:77.29,79.2 1 1
github.com/casapps/casrad/src/config/config.go:109.30,167.53 2 0
github.com/casapps/casrad/src/config/config.go:167.53,169.3 1 0
github.com/casapps/casrad/src/config/config.go:170.2,170.50 1 0
github.com/casapps/casrad/src/config/config.go:170.50,171.47 1 0
github.com/casapps/casrad/src/config/config.go:171.47,173.4 1 0
github.com/casapps/casrad/src/config/config.go:175.2,175.66 1 0
github.com/casapps/casrad/src/config/config.go:175.66,176.51 1 0
github.com/casapps/casrad/src/config/config.go:176.51,178.4 1 0
github.com/casapps/casrad/src/config/config.go:181.2,184.59 2 0
github.com/casapps/casrad/src/config/config.go:184.59,186.3 1 0
github.com/casapps/casrad/src/config/config.go:187.2,187.50 1 0
github.com/casapps/casrad/src/config/config.go:187.50,189.3 1 0
github.com/casapps/casrad/src/config/config.go:189.8,189.44 1 0
github.com/casapps/casrad/src/config/config.go:189.44,191.3 1 0
github.com/casapps/casrad/src/config/config.go:194.2,194.62 1 0
github.com/casapps/casrad/src/config/config.go:194.62,196.3 1 0
github.com/casapps/casrad/src/config/config.go:197.2,197.53 1 0
github.com/casapps/casrad/src/config/config.go:197.53,199.3 1 0
github.com/casapps/casrad/src/config/config.go:202.2,202.50 1 0
github.com/casapps/casrad/src/config/config.go:202.50,204.3 1 0
github.com/casapps/casrad/src/config/config.go:205.2,205.56 1 0
github.com/casapps/casrad/src/config/config.go:205.56,207.3 1 0
github.com/casapps/casrad/src/config/config.go:210.2,210.62 1 0
github.com/casapps/casrad/src/config/config.go:210.62,212.3 1 0
github.com/casapps/casrad/src/config/config.go:213.2,213.65 1 0
github.com/casapps/casrad/src/config/config.go:213.65,214.50 1 0
github.com/casapps/casrad/src/config/config.go:214.50,216.4 1 0
github.com/casapps/casrad/src/config/config.go:219.2,219.17 1 0
github.com/casapps/casrad/src/config/path.go:27.41,28.17 1 1
github.com/casapps/casrad/src/config/path.go:28.17,30.3 1 1
github.com/casapps/casrad/src/config/path.go:33.2,39.37 3 1
github.com/casapps/casrad/src/config/path.go:39.37,41.3 1 1
github.com/casapps/casrad/src/config/path.go:43.2,43.16 1 1
github.com/casapps/casrad/src/config/path.go:47.48,48.19 1 1
github.com/casapps/casrad/src/config/path.go:48.19,50.3 1 1
github.com/casapps/casrad/src/config/path.go:51.2,51.23 1 1
github.com/casapps/casrad/src/config/path.go:51.23,53.3 1 1
github.com/casapps/casrad/src/config/path.go:54.2,54.44 1 1
github.com/casapps/casrad/src/config/path.go:54.44,56.3 1 1
github.com/casapps/casrad/src/config/path.go:57.2,57.39 1 1
github.com/casapps/casrad/src/config/path.go:57.39,59.3 1 0
github.com/casapps/casrad/src/config/path.go:60.2,60.12 1 1
github.com/casapps/casrad/src/config/path.go:64.35,65.19 1 1
github.com/casapps/casrad/src/config/path.go:65.19,67.3 1 1
github.com/casapps/casrad/src/config/path.go:70.2,70.31 1 1
github.com/casapps/casrad/src/config/path.go:70.31,72.3 1 1
github.com/casapps/casrad/src/config/path.go:75.2,76.31 2 1
github.com/casapps/casrad/src/config/path.go:76.31,77.16 1 1
github.com/casapps/casrad/src/config/path.go:77.16,79.12 1 1
github.com/casapps/casrad/src/config/path.go:81.3,81.50 1 1
github.com/casapps/casrad/src/config/path.go:81.50,83.4 1 1
github.com/casapps/casrad/src/config/path.go:86.2,86.12 1 1
github.com/casapps/casrad/src/config/path.go:90.45,91.44 1 1
github.com/casapps/casrad/src/config/path.go:91.44,93.3 1 1
github.com/casapps/casrad/src/config/path.go:94.2,94.34 1 1
github.com/casapps/casrad/src/config/path.go:98.61,101.16 2 1
github.com/casapps/casrad/src/config/path.go:101.16,103.3 1 1
github.com/casapps/casrad/src/config/path.go:106.2,110.16 3 1
github.com/casapps/casrad/src/config/path.go:110.16,112.3 1 0
github.com/casapps/casrad/src/config/path.go:114.2,115.16 2 1
github.com/casapps/casrad/src/config/path.go:115.16,117.3 1 0
github.com/casapps/casrad/src/config/path.go:120.2,120.91 1 1
github.com/casapps/casrad/src/config/path.go:120.91,122.3 1 0
github.com/casapps/casrad/src/config/path.go:124.2,124.21 1 1
github.com/casapps/casrad/src/server/model/album.go:37.42,46.2 1 0
github.com/casapps/casrad/src/server/model/artist.go:32.44,38.2 1 0
github.com/casapps/casrad/src/server/model/playlist.go:49.48,58.2 1 0
github.com/casapps/casrad/src/server/model/session.go:21.41,23.2 1 1
github.com/casapps/casrad/src/server/model/token.go:27.46,28.25 1 1
github.com/casapps/casrad/src/server/model/token.go:28.25,30.3 1 1
github.com/casapps/casrad/src/server/model/token.go:31.2,33.14 3 1
github.com/casapps/casrad/src/server/model/token.go:37.51,38.21 1 1
github.com/casapps/casrad/src/server/model/token.go:38.21,41.3 2 1
github.com/casapps/casrad/src/server/model/token.go:42.2,43.30 2 1
github.com/casapps/casrad/src/server/model/token.go:47.52,48.39 1 1
github.com/casapps/casrad/src/server/model/token.go:48.39,49.28 1 1
github.com/casapps/casrad/src/server/model/token.go:49.28,51.4 1 1
github.com/casapps/casrad/src/server/model/token.go:53.2,53.14 1 1
github.com/casapps/casrad/src/server/model/track.go:105.42,116.2 1 0
github.com/casapps/casrad/src/server/store/hash.go:12.40,15.2 2 1
github.com/casapps/casrad/src/server/store/memory.go:33.36,44.2 1 1
github.com/casapps/casrad/src/server/store/memory.go:47.37,49.2 1 1
github.com/casapps/casrad/src/server/store/memory.go:52.55,54.2 1 1
github.com/casapps/casrad/src/server/store/memory.go:57.58,59.2 1 1
github.com/casapps/casrad/src/server/store/memory.go:63.89,68.9 4 1
github.com/casapps/casrad/src/server/store/memory.go:68.9,70.3 1 1
github.com/casapps/casrad/src/server/store/memory.go:71.2,71.30 1 1
github.com/casapps/casrad/src/server/store/memory.go:74.102,78.33 3 1
github.com/casapps/casrad/src/server/store/memory.go:78.33,79.33 1 1
github.com/casapps/casrad/src/server/store/memory.go:79.33,81.4 1 1
github.com/casapps/casrad/src/server/store/memory.go:83.2,83.17 1 1
github.com/casapps/casrad/src/server/store/memory.go:86.96,90.33 3 1
github.com/casapps/casrad/src/server/store/memory.go:90.33,91.27 1 1
github.com/casapps/casrad/src/server/store/memory.go:91.27,93.4 1 1
github.com/casapps/casrad/src/server/store/memory.go:95.2,95.17 1 1
github.com/casapps/casrad/src/server/store/memory.go:98.91,103.36 3 1
github.com/casapps/casrad/src/server/store/memory.go:103.36,104.42 1 1
github.com/casapps/casrad/src/server/store/memory.go:104.42,106.4 1 1
github.com/casapps/casrad/src/server/store/memory.go:107.3,107.36 1 1
github.com/casapps/casrad/src/server/store/memory.go:107.36,109.4 1 1
github.com/casapps/casrad/src/server/store/memory.go:112.2,122.16 9 1
github.com/casapps/casrad/src/server/store/memory.go:125.82,129.38 3 1
github.com/casapps/casrad/src/server/store/memory.go:129.38,131.3 1 1
github.com/casapps/casrad/src/server/store/memory.go:133.2,136.12 4 1
github.com/casapps/casrad/src/server/store/memory.go:141.87,146.9 4 1
github.com/casapps/casrad/src/server/store/memory.go:146.9,148.3 1 1
github.com/casapps/casrad/src/server/store/memory.go:149.2,149.28 1 1
github.com/casapps/casrad/src/server/store/memory.go:152.100,156.31 3 1
github.com/casapps/casrad/src/server/store/memory.go:156.31,157.32 1 1
github.com/casapps/casrad/src/server/store/memory.go:157.32,159.4 1 1
github.com/casapps/casrad/src/server/store/memory.go:161.2,161.17 1 0
github.com/casapps/casrad/src/server/store/memory.go:164.94,168.31 3 1
github.com/casapps/casrad/src/server/store/memory.go:168.31,169.26 1 1
github.com/casapps/casrad/src/server/store/memory.go:169.26,171.4 1 1
github.com/casapps/casrad/src/server/store/memory.go:173.2,173.17 1 0
github.com/casapps/casrad/src/server/store/memory.go:176.88,181.35 3 1
github.com/casapps/casrad/src/server/store/memory.go:181.35,182.41 1 1
github.com/casapps/casrad/src/server/store/memory.go:182.41,184.4 1 1
github.com/casapps/casrad/src/server/store/memory.go:185.3,185.35 1 1
github.com/casapps/casrad/src/server/store/memory.go:185.35,187.4 1 1
github.com/casapps/casrad/src/server/store/memory.go:190.2,200.24 8 1
github.com/casapps/casrad/src/server/store/memory.go:200.24,202.3 1 1
github.com/casapps/casrad/src/server/store/memory.go:203.2,203.35 1 1
github.com/casapps/casrad/src/server/store/memory.go:203.35,205.3 1 1
github.com/casapps/casrad/src/server/store/memory.go:206.2,206.36 1 1
github.com/casapps/casrad/src/server/store/memory.go:206.36,209.3 1 1
github.com/casapps/casrad/src/server/store/memory.go:211.2,212.16 2 1
github.com/casapps/casrad/src/server/store/memory.go:215.79,219.36 3 1
github.com/casapps/casrad/src/server/store/memory.go:219.36,221.3 1 1
github.com/casapps/casrad/src/server/store/memory.go:223.2,226.12 4 1
github.com/casapps/casrad/src/server/store/memory.go:229.71,235.2 4 1
github.com/casapps/casrad/src/server/store/memory.go:237.103,245.31 5 1
github.com/casapps/casrad/src/server/store/memory.go:245.31,247.3 1 1
github.com/casapps/casrad/src/server/store/memory.go:250.2,251.24 2 1
github.com/casapps/casrad/src/server/store/memory.go:251.24,253.3 1 1
github.com/casapps/casrad/src/server/store/memory.go:254.2,255.22 2 1
github.com/casapps/casrad/src/server/store/memory.go:255.22,257.3 1 1
github.com/casapps/casrad/src/server/store/memory.go:259.2,259.37 1 1
github.com/casapps/casrad/src/server/store/memory.go:264.90,270.9 4 1
github.com/casapps/casrad/src/server/store/memory.go:270.9,272.3 1 1
github.com/casapps/casrad/src/server/store/memory.go:273.2,273.34 1 1
github.com/casapps/casrad/src/server/store/memory.go:276.88,282.35 5 1
github.com/casapps/casrad/src/server/store/memory.go:282.35,284.3 1 1
github.com/casapps/casrad/src/server/store/memory.go:285.2,285.38 1 1
github.com/casapps/casrad/src/server/store/memory.go:285.38,287.3 1 1
github.com/casapps/casrad/src/server/store/memory.go:290.2,291.12 2 1
github.com/casapps/casrad/src/server/store/memory.go:294.88,300.35 4 1
github.com/casapps/casrad/src/server/store/memory.go:300.35,302.3 1 1
github.com/casapps/casrad/src/server/store/memory.go:304.2,307.12 4 1
github.com/casapps/casrad/src/server/store/memory.go:310.75,317.2 4 1
github.com/casapps/casrad/src/server/store/memory.go:319.83,323.38 3 1
github.com/casapps/casrad/src/server/store/memory.go:323.38,324.31 1 1
github.com/casapps/casrad/src/server/store/memory.go:324.31,326.4 1 1
github.com/casapps/casrad/src/server/store/memory.go:328.2,328.12 1 1
github.com/casapps/casrad/src/server/store/memory.go:333.92,339.9 4 1
github.com/casapps/casrad/src/server/store/memory.go:339.9,341.3 1 1
github.com/casapps/casrad/src/server/store/memory.go:343.2,344.9 2 1
github.com/casapps/casrad/src/server/store/memory.go:344.9,346.3 1 0
github.com/casapps/casrad/src/server/store/memory.go:347.2,347.33 1 1
github.com/casapps/casrad/src/server/store/memory.go:350.92,355.9 4 1
github.com/casapps/casrad/src/server/store/memory.go:355.9,357.3 1 1
github.com/casapps/casrad/src/server/store/memory.go:358.2,358.30 1 1
github.com/casapps/casrad/src/server/store/memory.go:361.94,376.2 10 1
github.com/casapps/casrad/src/server/store/memory.go:378.72,382.35 3 1
github.com/casapps/casrad/src/server/store/memory.go:382.35,385.3 1 1
github.com/casapps/casrad/src/server/store/memory.go:386.2,387.12 2 1
github.com/casapps/casrad/src/server/store/memory.go:390.100,395.33 4 1
github.com/casapps/casrad/src/server/store/memory.go:395.33,396.29 1 1
github.com/casapps/casrad/src/server/store/memory.go:396.29,398.4 1 1
github.com/casapps/casrad/src/server/store/memory.go:400.2,400.20 1 1
github.com/casapps/casrad/src/server/store/memory.go:405.45,406.14 1 1
github.com/casapps/casrad/src/server/store/memory.go:406.14,408.3 1 0
github.com/casapps/casrad/src/server/store/memory.go:409.2,410.14 2 1
github.com/casapps/casrad/src/server/store/memory.go:413.42,414.14 1 1
github.com/casapps/casrad/src/server/store/memory.go:414.14,416.3 1 0
github.com/casapps/casrad/src/server/store/memory.go:417.2,418.14 2 1
github.com/casapps/casrad/src/server/store/memory.go:421.51,422.14 1 1
github.com/casapps/casrad/src/server/store/memory.go:422.14,424.3 1 0
github.com/casapps/casrad/src/server/store/memory.go:425.2,426.14 2 1
github.com/casapps/casrad/src/server/store/memory.go:429.51,430.14 1 1
github.com/casapps/casrad/src/server/store/memory.go:430.14,432.3 1 0
github.com/casapps/casrad/src/server/store/memory.go:433.2,434.14 2 1
github.com/casapps/casrad/src/server/store/sqlite.go:21.55,23.16 2 0
github.com/casapps/casrad/src/server/store/sqlite.go:23.16,25.3 1 0
github.com/casapps/casrad/src/server/store/sqlite.go:28.2,40.33 5 0
github.com/casapps/casrad/src/server/store/sqlite.go:40.33,41.44 1 0
github.com/casapps/casrad/src/server/store/sqlite.go:41.44,44.4 2 0
github.com/casapps/casrad/src/server/store/sqlite.go:47.2,47.34 1 0
github.com/casapps/casrad/src/server/store/sqlite.go:51.37,52.17 1 0
github.com/casapps/casrad/src/server/store/sqlite.go:52.17,54.3 1 0
github.com/casapps/casrad/src/server/store/sqlite.go:55.2,55.12 1 0
github.com/casapps/casrad/src/server/store/sqlite.go:59.55,61.2 1 0
github.com/casapps/casrad/src/server/store/sqlite.go:64.58,67.16 2 0
github.com/casapps/casrad/src/server/store/sqlite.go:67.16,69.3 1 0
github.com/casapps/casrad/src/server/store/sqlite.go:70.2,70.12 1 0
github.com/casapps/casrad/src/server/store/sqlite.go:471.89,485.26 6 0
github.com/casapps/casrad/src/server/store/sqlite.go:485.26,487.3 1 0
github.com/casapps/casrad/src/server/store/sqlite.go:488.2,488.16 1 0
github.com/casapps/casrad/src/server/store/sqlite.go:488.16,490.3 1 0
github.com/casapps/casrad/src/server/store/sqlite.go:492.2,492.22 1 0
github.com/casapps/casrad/src/server/store/sqlite.go:492.22,494.3 1 0
github.com/casapps/casrad/src/server/store/sqlite.go:495.2,495.21 1 0
github.com/casapps/casrad/src/server/store/sqlite.go:495.21,497.3 1 0
github.com/casapps/casrad/src/server/store/sqlite.go:498.2,498.18 1 0
github.com/casapps/casrad/src/server/store/sqlite.go:498.18,500.3 1 0
github.com/casapps/casrad/src/server/store/sqlite.go:501.2,501.23 1 0
github.com/casapps/casrad/src/server/store/sqlite.go:501.23,503.3 1 0
github.com/casapps/casrad/src/server/store/sqlite.go:505.2,505.19 1 0
github.com/casapps/casrad/src/server/store/sqlite.go:508.102,522.26 6 0
github.com/casapps/casrad/src/server/store/sqlite.go:522.26,524.3 1 0
github.com/casapps/casrad/src/server/store/sqlite.go:525.2,525.16 1 0
github.com/casapps/casrad/src/server/store/sqlite.go:525.16,527.3 1 0
github.com/casapps/casrad/src/server/store/sqlite.go:529.2,529.22 1 0
github.com/casapps/casrad/src/server/store/sqlite.go:529.22,531.3 1 0
github.com/casapps/casrad/src/server/store/sqlite.go:532.2,532.21 1 0
github.com/casapps/casrad/src/server/store/sqlite.go:532.21,534.3 1 0
github.com/casapps/casrad/src/server/store/sqlite.go:535.2,535.18 1 0
github.com/casapps/casrad/src/server/store/sqlite.go:535.18,537.3 1 0
github.com/casapps/casrad/src/server/store/sqlite.go:538.2,538.23 1 0
github.com/casapps/casrad/src/server/store/sqlite.go:538.23,540.3 1 0
github.com/casapps/casrad/src/server/store/sqlite.go:542.2,542.19 1 0
github.com/casapps/casrad/src/server/store/sqlite.go:545.96,559.26 6 0
github.com/casapps/casrad/src/server/store/sqlite.go:559.26,561.3 1 0
github.com/casapps/casrad/src/server/store/sqlite.go:562.2,562.16 1 0
github.com/casapps/casrad/src/server/store/sqlite.go:562.16,564.3 1 0
github.com/casapps/casrad/src/server/store/sqlite.go:566.2,566.22 1 0
github.com/casapps/casrad/src/server/store/sqlite.go:566.22,568.3 1 0
github.com/casapps/casrad/src/server/store/sqlite.go:569.2,569.21 1 0
github.com/casapps/casrad/src/server/store/sqlite.go:569.21,571.3 1 0
github.com/casapps/casrad/src/server/store/sqlite.go:572.2,572.18 1 0
github.com/casapps/casrad/src/server/store/sqlite.go:572.18,574.3 1 0
github.com/casapps/casrad/src/server/store/sqlite.go:575.2,575.23 1 0
github.com/casapps/casrad/src/server/store/sqlite.go:575.23,577.3 1 0
github.com/casapps/casrad/src/server/store/sqlite.go:579.2,579.19 1 0
github.com/casapps/casrad/src/server/store/sqlite.go:582.91,588.28 4 0
github.com/casapps/casrad/src/server/store/sqlite.go:588.28,590.3 1 0
github.com/casapps/casrad/src/server/store/sqlite.go:592.2,596.16 2 0
github.com/casapps/casrad/src/server/store/sqlite.go:596.16,598.3 1 0
github.com/casapps/casrad/src/server/store/sqlite.go:600.2,601.16 2 0
github.com/casapps/casrad/src/server/store/sqlite.go:601.16,603.3 1 0
github.com/casapps/casrad/src/server/store/sqlite.go:605.2,605.16 1 0
github.com/casapps/casrad/src/server/store/sqlite.go:608.82,616.28 4 0
github.com/casapps/casrad/src/server/store/sqlite.go:616.28,618.3 1 0
github.com/casapps/casrad/src/server/store/sqlite.go:619.2,619.31 1 0
github.com/casapps/casrad/src/server/store/sqlite.go:619.31,621.3 1 0
github.com/casapps/casrad/src/server/store/sqlite.go:622.2,622.24 1 0
github.com/casapps/casrad/src/server/store/sqlite.go:622.24,624.3 1 0
github.com/casapps/casrad/src/server/store/sqlite.go:625.2,625.33 1 0
github.com/casapps/casrad/src/server/store/sqlite.go:625.33,627.3 1 0
github.com/casapps/casrad/src/server/store/sqlite.go:629.2,634.16 2 0
github.com/casapps/casrad/src/server/store/sqlite.go:634.16,636.3 1 0
github.com/casapps/casrad/src/server/store/sqlite.go:638.2,638.12 1 0
github.com/casapps/casrad/src/server/store/sqlite.go:643.87,662.26 6 0
github.com/casapps/casrad/src/server/store/sqlite.go:662.26,664.3 1 0
github.com/casapps/casrad/src/server/store/sqlite.go:665.2,665.16 1 0
github.com/casapps/casrad/src/server/store/sqlite.go:665.16,667.3 1 0
github.com/casapps/casrad/src/server/store/sqlite.go:669.2,669.22 1 0
github.com/casapps/casrad/src/server/store/sqlite.go:669.22,671.3 1 0
github.com/casapps/casrad/src/server/store/sqlite.go:672.2,672.19 1 0
github.com/casapps/casrad/src/server/store/sqlite.go:672.19,674.3 1 0
github.com/casapps/casrad/src/server/store/sqlite.go:675.2,675.21 1 0
github.com/casapps/casrad/src/server/store/sqlite.go:675.21,677.3 1 0
github.com/casapps/casrad/src/server/store/sqlite.go:678.2,678.18 1 0
github.com/casapps/casrad/src/server/store/sqlite.go:678.18,680.3 1 0
github.com/casapps/casrad/src/server/store/sqlite.go:681.2,681.23 1 0
github.com/casapps/casrad/src/server/store/sqlite.go:681.23,683.3 1 0
github.com/casapps/casrad/src/server/store/sqlite.go:684.2,684.20 1 0
github.com/casapps/casrad/src/server/store/sqlite.go:684.20,686.3 1 0
github.com/casapps/casrad/src/server/store/sqlite.go:687.2,687.21 1 0
github.com/casapps/casrad/src/server/store/sqlite.go:687.21,689.3 1 0
github.com/casapps/casrad/src/server/store/sqlite.go:690.2,690.15 1 0
github.com/casapps/casrad/src/server/store/sqlite.go:690.15,692.3 1 0
github.com/casapps/casrad/src/server/store/sqlite.go:693.2,693.19 1 0
github.com/casapps/casrad/src/server/store/sqlite.go:693.19,695.3 1 0
github.com/casapps/casrad/src/server/store/sqlite.go:696.2,696.20 1 0
github.com/casapps/casrad/src/server/store/sqlite.go:696.20,698.3 1 0
github.com/casapps/casrad/src/server/store/sqlite.go:700.2,700.18 1 0
github.com/casapps/casrad/src/server/store/sqlite.go:703.100,722.26 6 0
github.com/casapps/casrad/src/server/store/sqlite.go:722.26,724.3 1 0
github.com/casapps/casrad/src/server/store/sqlite.go:725.2,725.16 1 0
github.com/casapps/casrad/src/server/store/sqlite.go:725.16,727.3 1 0
github.com/casapps/casrad/src/server/store/sqlite.go:729.2,729.22 1 0
github.com/casapps/casrad/src/server/store/sqlite.go:729.22,731.3 1 0
github.com/casapps/casrad/src/server/store/sqlite.go:732.2,732.19 1 0
github.com/casapps/casrad/src/server/store/sqlite.go:732.19,734.3 1 0
github.com/casapps/casrad/src/server/store/sqlite.go:735.2,735.21 1 0
github.com/casapps/casrad/src/server/store/sqlite.go:735.21,737.3 1 0
github.com/casapps/casrad/src/server/store/sqlite.go:738.2,738.18 1 0
github.com/casapps/casrad/src/server/store/sqlite.go:738.18,740.3 1 0
github.com/casapps/casrad/src/server/store/sqlite.go:741.2,741.23 1 0
github.com/casapps/casrad/src/server/store/sqlite.go:741.23,743.3 1 0
github.com/casapps/casrad/src/server/store/sqlite.go:744.2,744.20 1 0
github.com/casapps/casrad/src/server/store/sqlite.go:744.20,746.3 1 0
github.com/casapps/casrad/src/server/store/sqlite.go:747.2,747.21 1 0
github.com/casapps/casrad/src/server/store/sqlite.go:747.21,749.3 1 0
github.com/casapps/casrad/src/server/store/sqlite.go:750.2,750.15 1 0
github.com/casapps/casrad/src/server/store/sqlite.go:750.15,752.3 1 0
github.com/casapps/casrad/src/server/store/sqlite.go:753.2,753.19 1 0
github.com/casapps/casrad/src/server/store/sqlite.go:753.19,755.3 1 0
github.com/casapps/casrad/src/server/store/sqlite.go:756.2,756.20 1 0
github.com/casapps/casrad/src/server/store/sqlite.go:756.20,758.3 1 0
github.com/casapps/casrad/src/server/store/sqlite.go:760.2,760.18 1 0
github.com/casapps/casrad/src/server/store/sqlite.go:763.94,782.26 6 0
github.com/casapps/casrad/src/server/store/sqlite.go:782.26,784.3 1 0
github.com/casapps/casrad/src/server/store/sqlite.go:785.2,785.16 1 0
github.com/casapps/casrad/src/server/store/sqlite.go:785.16,787.3 1 0
github.com/casapps/casrad/src/server/store/sqlite.go:789.2,789.22 1 0
github.com/casapps/casrad/src/server/store/sqlite.go:789.22,791.3 1 0
github.com/casapps/casrad/src/server/store/sqlite.go:792.2,792.19 1 0
github.com/casapps/casrad/src/server/store/sqlite.go:792.19,794.3 1 0
github.com/casapps/casrad/src/server/store/sqlite.go:795.2,795.21 1 0
github.com/casapps/casrad/src/server/store/sqlite.go:795.21,797.3 1 0
github.com/casapps/casrad/src/server/store/sqlite.go:798.2,798.18 1 0
github.com/casapps/casrad/src/server/store/sqlite.go:798.18,800.3 1 0
github.com/casapps/casrad/src/server/store/sqlite.go:801.2,801.23 1 0
github.com/casapps/casrad/src/server/store/sqlite.go:801.23,803.3 1 0
github.com/casapps/casrad/src/server/store/sqlite.go:804.2,804.20 1 0
github.com/casapps/casrad/src/server/store/sqlite.go:804.20,806.3 1 0
github.com/casapps/casrad/src/server/store/sqlite.go:807.2,807.21 1 0
github.com/casapps/casrad/src/server/store/sqlite.go:807.21,809.3 1 0
github.com/casapps/casrad/src/server/store/sqlite.go:810.2,810.15 1 0
github.com/casapps/casrad/src/server/store/sqlite.go:810.15,812.3 1 0
github.com/casapps/casrad/src/server/store/sqlite.go:813.2,813.19 1 0
github.com/casapps/casrad/src/server/store/sqlite.go:813.19,815.3 1 0
github.com/casapps/casrad/src/server/store/sqlite.go:816.2,816.20 1 0
github.com/casapps/casrad/src/server/store/sqlite.go:816.20,818.3 1 0
github.com/casapps/casrad/src/server/store/sqlite.go:820.2,820.18 1 0
github.com/casapps/casrad/src/server/store/sqlite.go:823.88,832.27 4 0
github.com/casapps/casrad/src/server/store/sqlite.go:832.27,834.3 1 0
github.com/casapps/casrad/src/server/store/sqlite.go:835.2,835.30 1 0
github.com/casapps/casrad/src/server/store/sqlite.go:835.30,837.3 1 0
github.com/casapps/casrad/src/server/store/sqlite.go:838.2,838.25 1 0
github.com/casapps/casrad/src/server/store/sqlite.go:838.25,840.3 1 0
github.com/casapps/casrad/src/server/store/sqlite.go:841.2,841.26 1 0
github.com/casapps/casrad/src/server/store/sqlite.go:841.26,843.3 1 0
github.com/casapps/casrad/src/server/store/sqlite.go:844.2,844.20 1 0
github.com/casapps/casrad/src/server/store/sqlite.go:844.20,846.3 1 0
github.com/casapps/casrad/src/server/store/sqlite.go:847.2,847.24 1 0
github.com/casapps/casrad/src/server/store/sqlite.go:847.24,849.3 1 0
github.com/casapps/casrad/src/server/store/sqlite.go:850.2,850.25 1 0
github.com/casapps/casrad/src/server/store/sqlite.go:850.25,852.3 1 0
github.com/casapps/casrad/src/server/store/sqlite.go:855.2,855.21 1 0
github.com/casapps/casrad/src/server/store/sqlite.go:855.21,857.3 1 0
github.com/casapps/casrad/src/server/store/sqlite.go:858.2,858.32 1 0
github.com/casapps/casrad/src/server/store/sqlite.go:858.32,860.3 1 0
github.com/casapps/casrad/src/server/store/sqlite.go:861.2,861.33 1 0
github.com/casapps/casrad/src/server/store/sqlite.go:861.33,864.3 1 0
github.com/casapps/casrad/src/server/store/sqlite.go:866.2,872.16 2 0
github.com/casapps/casrad/src/server/store/sqlite.go:872.16,874.3 1 0
github.com/casapps/casrad/src/server/store/sqlite.go:876.2,877.16 2 0
github.com/casapps/casrad/src/server/store/sqlite.go:877.16,879.3 1 0
github.com/casapps/casrad/src/server/store/sqlite.go:881.2,881.16 1 0
github.com/casapps/casrad/src/server/store/sqlite.go:884.79,895.27 4 0
github.com/casapps/casrad/src/server/store/sqlite.go:895.27,897.3 1 0
github.com/casapps/casrad/src/server/store/sqlite.go:898.2,898.30 1 0
github.com/casapps/casrad/src/server/store/sqlite.go:898.30,900.3 1 0
github.com/casapps/casrad/src/server/store/sqlite.go:901.2,901.30 1 0
github.com/casapps/casrad/src/server/store/sqlite.go:901.30,903.3 1 0
github.com/casapps/casrad/src/server/store/sqlite.go:904.2,904.23 1 0
github.com/casapps/casrad/src/server/store/sqlite.go:904.23,906.3 1 0
github.com/casapps/casrad/src/server/store/sqlite.go:907.2,907.32 1 0
github.com/casapps/casrad/src/server/store/sqlite.go:907.32,909.3 1 0
github.com/casapps/casrad/src/server/store/sqlite.go:910.2,910.25 1 0
github.com/casapps/casrad/src/server/store/sqlite.go:910.25,912.3 1 0
github.com/casapps/casrad/src/server/store/sqlite.go:913.2,913.26 1 0
github.com/casapps/casrad/src/server/store/sqlite.go:913.26,915.3 1 0
github.com/casapps/casrad/src/server/store/sqlite.go:916.2,916.20 1 0
github.com/casapps/casrad/src/server/store/sqlite.go:916.20,918.3 1 0
github.com/casapps/casrad/src/server/store/sqlite.go:919.2,919.24 1 0
github.com/casapps/casrad/src/server/store/sqlite.go:919.24,921.3 1 0
github.com/casapps/casrad/src/server/store/sqlite.go:922.2,922.25 1 0
github.com/casapps/casrad/src/server/store/sqlite.go:922.25,924.3 1 0
github.com/casapps/casrad/src/server/store/sqlite.go:926.2,933.16 2 0
github.com/casapps/casrad/src/server/store/sqlite.go:933.16,935.3 1 0
github.com/casapps/casrad/src/server/store/sqlite.go:937.2,937.12 1 0
github.com/casapps/casrad/src/server/store/sqlite.go:940.71,942.16 2 0
github.com/casapps/casrad/src/server/store/sqlite.go:942.16,944.3 1 0
github.com/casapps/casrad/src/server/store/sqlite.go:945.2,945.12 1 0
github.com/casapps/casrad/src/server/store/sqlite.go:948.103,952.16 3 0
github.com/casapps/casrad/src/server/store/sqlite.go:952.16,954.3 1 0
github.com/casapps/casrad/src/server/store/sqlite.go:957.2,964.16 3 0
github.com/casapps/casrad/src/server/store/sqlite.go:964.16,966.3 1 0
github.com/casapps/casrad/src/server/store/sqlite.go:967.2,970.18 3 0
github.com/casapps/casrad/src/server/store/sqlite.go:970.18,983.17 5 0
github.com/casapps/casrad/src/server/store/sqlite.go:983.17,985.4 1 0
github.com/casapps/casrad/src/server/store/sqlite.go:987.3,987.23 1 0
github.com/casapps/casrad/src/server/store/sqlite.go:987.23,989.4 1 0
github.com/casapps/casrad/src/server/store/sqlite.go:990.3,990.20 1 0
github.com/casapps/casrad/src/server/store/sqlite.go:990.20,992.4 1 0
github.com/casapps/casrad/src/server/store/sqlite.go:993.3,993.22 1 0
github.com/casapps/casrad/src/server/store/sqlite.go:993.22,995.4 1 0
github.com/casapps/casrad/src/server/store/sqlite.go:996.3,996.19 1 0
github.com/casapps/casrad/src/server/store/sqlite.go:996.19,998.4 1 0
github.com/casapps/casrad/src/server/store/sqlite.go:999.3,999.24 1 0
github.com/casapps/casrad/src/server/store/sqlite.go:999.24,1001.4 1 0
github.com/casapps/casrad/src/server/store/sqlite.go:1002.3,1002.21 1 0
github.com/casapps/casrad/src/server/store/sqlite.go:1002.21,1004.4 1 0
github.com/casapps/casrad/src/server/store/sqlite.go:1005.3,1005.22 1 0
github.com/casapps/casrad/src/server/store/sqlite.go:1005.22,1007.4 1 0
github.com/casapps/casrad/src/server/store/sqlite.go:1008.3,1008.16 1 0
github.com/casapps/casrad/src/server/store/sqlite.go:1008.16,1010.4 1 0
github.com/casapps/casrad/src/server/store/sqlite.go:1011.3,1011.20 1 0
github.com/casapps/casrad/src/server/store/sqlite.go:1011.20,1013.4 1 0
github.com/casapps/casrad/src/server/store/sqlite.go:1014.3,1014.21 1 0
github.com/casapps/casrad/src/server/store/sqlite.go:1014.21,1016.4 1 0
github.com/casapps/casrad/src/server/store/sqlite.go:1018.3,1018.30 1 0
github.com/casapps/casrad/src/server/store/sqlite.go:1021.2,1021.26 1 0
github.com/casapps/casrad/src/server/store/sqlite.go:1026.90,1041.26 7 0
github.com/casapps/casrad/src/server/store/sqlite.go:1041.26,1043.3 1 0
github.com/casapps/casrad/src/server/store/sqlite.go:1044.2,1044.16 1 0
github.com/casapps/casrad/src/server/store/sqlite.go:1044.16,1046.3 1 0
github.com/casapps/casrad/src/server/store/sqlite.go:1048.2,1048.18 1 0
github.com/casapps/casrad/src/server/store/sqlite.go:1048.18,1050.3 1 0
github.com/casapps/casrad/src/server/store/sqlite.go:1051.2,1051.19 1 0
github.com/casapps/casrad/src/server/store/sqlite.go:1051.19,1053.3 1 0
github.com/casapps/casrad/src/server/store/sqlite.go:1054.2,1054.21 1 0
github.com/casapps/casrad/src/server/store/sqlite.go:1054.21,1056.3 1 0
github.com/casapps/casrad/src/server/store/sqlite.go:1057.2,1057.21 1 0
github.com/casapps/casrad/src/server/store/sqlite.go:1057.21,1059.3 1 0
github.com/casapps/casrad/src/server/store/sqlite.go:1060.2,1060.21 1 0
github.com/casapps/casrad/src/server/store/sqlite.go:1060.21,1062.3 1 0
github.com/casapps/casrad/src/server/store/sqlite.go:1063.2,1063.21 1 0
github.com/casapps/casrad/src/server/store/sqlite.go:1063.21,1065.3 1 0
github.com/casapps/casrad/src/server/store/sqlite.go:1066.2,1066.24 1 0
github.com/casapps/casrad/src/server/store/sqlite.go:1066.24,1068.3 1 0
github.com/casapps/casrad/src/server/store/sqlite.go:1070.2,1070.21 1 0
github.com/casapps/casrad/src/server/store/sqlite.go:1073.88,1081.25 4 0
github.com/casapps/casrad/src/server/store/sqlite.go:1081.25,1083.3 1 0
github.com/casapps/casrad/src/server/store/sqlite.go:1084.2,1084.26 1 0
github.com/casapps/casrad/src/server/store/sqlite.go:1084.26,1086.3 1 0
github.com/casapps/casrad/src/server/store/sqlite.go:1087.2,1087.29 1 0
github.com/casapps/casrad/src/server/store/sqlite.go:1087.29,1089.3 1 0
github.com/casapps/casrad/src/server/store/sqlite.go:1090.2,1090.29 1 0
github.com/casapps/casrad/src/server/store/sqlite.go:1090.29,1092.3 1 0
github.com/casapps/casrad/src/server/store/sqlite.go:1093.2,1093.29 1 0
github.com/casapps/casrad/src/server/store/sqlite.go:1093.29,1095.3 1 0
github.com/casapps/casrad/src/server/store/sqlite.go:1097.2,1098.32 2 0
github.com/casapps/casrad/src/server/store/sqlite.go:1098.32,1100.3 1 0
github.com/casapps/casrad/src/server/store/sqlite.go:1101.2,1101.35 1 0
github.com/casapps/casrad/src/server/store/sqlite.go:1101.35,1103.3 1 0
github.com/casapps/casrad/src/server/store/sqlite.go:1106.2,1110.16 2 0
github.com/casapps/casrad/src/server/store/sqlite.go:1110.16,1112.3 1 0
github.com/casapps/casrad/src/server/store/sqlite.go:1114.2,1114.12 1 0
github.com/casapps/casrad/src/server/store/sqlite.go:1117.88,1125.16 3 0
github.com/casapps/casrad/src/server/store/sqlite.go:1125.16,1127.3 1 0
github.com/casapps/casrad/src/server/store/sqlite.go:1129.2,1129.12 1 0
github.com/casapps/casrad/src/server/store/sqlite.go:1132.75,1135.16 2 0
github.com/casapps/casrad/src/server/store/sqlite.go:1135.16,1137.3 1 0
github.com/casapps/casrad/src/server/store/sqlite.go:1138.2,1138.12 1 0
github.com/casapps/casrad/src/server/store/sqlite.go:1141.83,1143.16 2 0
github.com/casapps/casrad/src/server/store/sqlite.go:1143.16,1145.3 1 0
github.com/casapps/casrad/src/server/store/sqlite.go:1146.2,1146.12 1 0
github.com/casapps/casrad/src/server/store/sqlite.go:1151.92,1166.26 6 0
github.com/casapps/casrad/src/server/store/sqlite.go:1166.26,1168.3 1 0
github.com/casapps/casrad/src/server/store/sqlite.go:1169.2,1169.16 1 0
github.com/casapps/casrad/src/server/store/sqlite.go:1169.16,1171.3 1 0
github.com/casapps/casrad/src/server/store/sqlite.go:1173.2,1173.16 1 0
github.com/casapps/casrad/src/server/store/sqlite.go:1173.16,1175.3 1 0
github.com/casapps/casrad/src/server/store/sqlite.go:1176.2,1176.23 1 0
github.com/casapps/casrad/src/server/store/sqlite.go:1176.23,1178.3 1 0
github.com/casapps/casrad/src/server/store/sqlite.go:1179.2,1179.20 1 0
github.com/casapps/casrad/src/server/store/sqlite.go:1179.20,1181.3 1 0
github.com/casapps/casrad/src/server/store/sqlite.go:1182.2,1182.18 1 0
github.com/casapps/casrad/src/server/store/sqlite.go:1182.18,1184.3 1 0
github.com/casapps/casrad/src/server/store/sqlite.go:1185.2,1185.21 1 0
github.com/casapps/casrad/src/server/store/sqlite.go:1185.21,1187.3 1 0
github.com/casapps/casrad/src/server/store/sqlite.go:1189.2,1189.22 1 0
github.com/casapps/casrad/src/server/store/sqlite.go:1192.92,1206.26 6 0
github.com/casapps/casrad/src/server/store/sqlite.go:1206.26,1208.3 1 0
github.com/casapps/casrad/src/server/store/sqlite.go:1209.2,1209.16 1 0
github.com/casapps/casrad/src/server/store/sqlite.go:1209.16,1211.3 1 0
github.com/casapps/casrad/src/server/store/sqlite.go:1213.2,1213.16 1 0
github.com/casapps/casrad/src/server/store/sqlite.go:1213.16,1215.3 1 0
github.com/casapps/casrad/src/server/store/sqlite.go:1216.2,1216.23 1 0
github.com/casapps/casrad/src/server/store/sqlite.go:1216.23,1218.3 1 0
github.com/casapps/casrad/src/server/store/sqlite.go:1219.2,1219.20 1 0
github.com/casapps/casrad/src/server/store/sqlite.go:1219.20,1221.3 1 0
github.com/casapps/casrad/src/server/store/sqlite.go:1222.2,1222.18 1 0
github.com/casapps/casrad/src/server/store/sqlite.go:1222.18,1224.3 1 0
github.com/casapps/casrad/src/server/store/sqlite.go:1225.2,1225.21 1 0
github.com/casapps/casrad/src/server/store/sqlite.go:1225.21,1227.3 1 0
github.com/casapps/casrad/src/server/store/sqlite.go:1229.2,1229.22 1 0
github.com/casapps/casrad/src/server/store/sqlite.go:1232.94,1239.22 4 0
github.com/casapps/casrad/src/server/store/sqlite.go:1239.22,1241.3 1 0
github.com/casapps/casrad/src/server/store/sqlite.go:1242.2,1242.29 1 0
github.com/casapps/casrad/src/server/store/sqlite.go:1242.29,1244.3 1 0
github.com/casapps/casrad/src/server/store/sqlite.go:1245.2,1245.31 1 0
github.com/casapps/casrad/src/server/store/sqlite.go:1245.31,1247.3 1 0
github.com/casapps/casrad/src/server/store/sqlite.go:1250.2,1254.16 2 0
github.com/casapps/casrad/src/server/store/sqlite.go:1254.16,1256.3 1 0
github.com/casapps/casrad/src/server/store/sqlite.go:1258.2,1259.16 2 0
github.com/casapps/casrad/src/server/store/sqlite.go:1259.16,1261.3 1 0
github.com/casapps/casrad/src/server/store/sqlite.go:1263.2,1263.16 1 0
github.com/casapps/casrad/src/server/store/sqlite.go:1266.72,1268.16 2 0
github.com/casapps/casrad/src/server/store/sqlite.go:1268.16,1270.3 1 0
github.com/casapps/casrad/src/server/store/sqlite.go:1271.2,1271.12 1 0
github.com/casapps/casrad/src/server/store/sqlite.go:1274.100,1280.16 3 0
github.com/casapps/casrad/src/server/store/sqlite.go:1280.16,1282.3 1 0
github.com/casapps/casrad/src/server/store/sqlite.go:1283.2,1286.18 3 0
github.com/casapps/casrad/src/server/store/sqlite.go:1286.18,1296.17 5 0
github.com/casapps/casrad/src/server/store/sqlite.go:1296.17,1298.4 1 0
github.com/casapps/casrad/src/server/store/sqlite.go:1300.3,1300.17 1 0
github.com/casapps/casrad/src/server/store/sqlite.go:1300.17,1302.4 1 0
github.com/casapps/casrad/src/server/store/sqlite.go:1303.3,1303.24 1 0
github.com/casapps/casrad/src/server/store/sqlite.go:1303.24,1305.4 1 0
github.com/casapps/casrad/src/server/store/sqlite.go:1306.3,1306.21 1 0
github.com/casapps/casrad/src/server/store/sqlite.go:1306.21,1308.4 1 0
github.com/casapps/casrad/src/server/store/sqlite.go:1309.3,1309.19 1 0
github.com/casapps/casrad/src/server/store/sqlite.go:1309.19,1311.4 1 0
github.com/casapps/casrad/src/server/store/sqlite.go:1312.3,1312.22 1 0
github.com/casapps/casrad/src/server/store/sqlite.go:1312.22,1314.4 1 0
github.com/casapps/casrad/src/server/store/sqlite.go:1316.3,1316.36 1 0
github.com/casapps/casrad/src/server/store/sqlite.go:1319.2,1319.20 1 0
github.com/casapps/casrad/src/server/service/audit.go:87.45,91.65 2 0
github.com/casapps/casrad/src/server/service/audit.go:91.65,93.3 1 0
github.com/casapps/casrad/src/server/service/audit.go:96.2,97.16 2 0
github.com/casapps/casrad/src/server/service/audit.go:97.16,99.3 1 0
github.com/casapps/casrad/src/server/service/audit.go:101.2,106.8 1 0
github.com/casapps/casrad/src/server/service/audit.go:110.52,111.33 1 0
github.com/casapps/casrad/src/server/service/audit.go:111.33,113.3 1 0
github.com/casapps/casrad/src/server/service/audit.go:115.2,126.24 6 0
github.com/casapps/casrad/src/server/service/audit.go:126.24,128.3 1 0
github.com/casapps/casrad/src/server/service/audit.go:131.2,132.16 2 0
github.com/casapps/casrad/src/server/service/audit.go:132.16,134.3 1 0
github.com/casapps/casrad/src/server/service/audit.go:137.2,137.60 1 0
github.com/casapps/casrad/src/server/service/audit.go:137.60,139.3 1 0
github.com/casapps/casrad/src/server/service/audit.go:141.2,141.12 1 0
github.com/casapps/casrad/src/server/service/audit.go:145.37,146.19 1 0
github.com/casapps/casrad/src/server/service/audit.go:146.19,148.3 1 0
github.com/casapps/casrad/src/server/service/audit.go:149.2,149.12 1 0
github.com/casapps/casrad/src/server/service/audit.go:155.83,157.13 2 0
github.com/casapps/casrad/src/server/service/audit.go:157.13,159.3 1 0
github.com/casapps/casrad/src/server/service/audit.go:160.2,172.4 1 0
github.com/casapps/casrad/src/server/service/audit.go:176.92,190.2 1 0
github.com/casapps/casrad/src/server/service/audit.go:193.79,205.2 1 0
github.com/casapps/casrad/src/server/service/audit.go:208.78,222.2 1 0
github.com/casapps/casrad/src/server/service/audit.go:225.72,239.2 1 0
github.com/casapps/casrad/src/server/service/audit.go:242.62,257.2 1 0
github.com/casapps/casrad/src/server/service/audit.go:260.63,275.2 1 0
github.com/casapps/casrad/src/server/service/audit.go:278.80,290.2 1 0
github.com/casapps/casrad/src/server/service/audit.go:293.77,310.2 1 0
github.com/casapps/casrad/src/server/service/audit.go:313.70,328.2 1 0
github.com/casapps/casrad/src/server/service/audit.go:331.76,346.2 1 0
github.com/casapps/casrad/src/server/service/audit.go:349.74,361.2 1 0
github.com/casapps/casrad/src/server/service/audit.go:364.85,380.2 1 0
github.com/casapps/casrad/src/server/service/auth.go:82.47,84.2 1 1
github.com/casapps/casrad/src/server/service/auth.go:87.65,89.2 1 0
github.com/casapps/casrad/src/server/service/auth.go:92.61,93.40 1 1
github.com/casapps/casrad/src/server/service/auth.go:93.40,95.3 1 1
github.com/casapps/casrad/src/server/service/auth.go:96.2,96.41 1 1
github.com/casapps/casrad/src/server/service/auth.go:96.41,98.3 1 0
github.com/casapps/casrad/src/server/service/auth.go:99.2,99.27 1 1
github.com/casapps/casrad/src/server/service/auth.go:105.125,108.24 2 1
github.com/casapps/casrad/src/server/service/auth.go:108.24,110.40 1 0
github.com/casapps/casrad/src/server/service/auth.go:110.40,112.4 1 0
github.com/casapps/casrad/src/server/service/auth.go:116.2,122.16 4 1
github.com/casapps/casrad/src/server/service/auth.go:123.23,124.56 1 1
github.com/casapps/casrad/src/server/service/auth.go:125.26,126.59 1 1
github.com/casapps/casrad/src/server/service/auth.go:128.2,128.16 1 1
github.com/casapps/casrad/src/server/service/auth.go:128.16,130.3 1 0
github.com/casapps/casrad/src/server/service/auth.go:132.2,132.18 1 1
github.com/casapps/casrad/src/server/service/auth.go:132.18,134.74 1 0
github.com/casapps/casrad/src/server/service/auth.go:134.74,136.4 1 0
github.com/casapps/casrad/src/server/service/auth.go:138.3,138.22 1 0
github.com/casapps/casrad/src/server/service/auth.go:138.22,140.4 1 0
github.com/casapps/casrad/src/server/service/auth.go:142.3,142.53 1 0
github.com/casapps/casrad/src/server/service/auth.go:142.53,150.4 6 0
github.com/casapps/casrad/src/server/service/auth.go:152.3,153.37 2 0
github.com/casapps/casrad/src/server/service/auth.go:153.37,155.4 1 0
github.com/casapps/casrad/src/server/service/auth.go:156.3,157.37 2 0
github.com/casapps/casrad/src/server/service/auth.go:161.2,162.16 2 1
github.com/casapps/casrad/src/server/service/auth.go:163.23,164.54 1 1
github.com/casapps/casrad/src/server/service/auth.go:165.26,166.57 1 1
github.com/casapps/casrad/src/server/service/auth.go:168.2,168.16 1 1
github.com/casapps/casrad/src/server/service/auth.go:168.16,170.3 1 0
github.com/casapps/casrad/src/server/service/auth.go:172.2,172.17 1 1
github.com/casapps/casrad/src/server/service/auth.go:172.17,174.72 1 1
github.com/casapps/casrad/src/server/service/auth.go:174.72,176.4 1 0
github.com/casapps/casrad/src/server/service/auth.go:178.3,178.21 1 1
github.com/casapps/casrad/src/server/service/auth.go:178.21,180.4 1 1
github.com/casapps/casrad/src/server/service/auth.go:182.3,182.52 1 1
github.com/casapps/casrad/src/server/service/auth.go:182.52,190.4 6 1
github.com/casapps/casrad/src/server/service/auth.go:192.3,193.36 2 1
github.com/casapps/casrad/src/server/service/auth.go:193.36,195.4 1 0
github.com/casapps/casrad/src/server/service/auth.go:196.3,197.37 2 1
github.com/casapps/casrad/src/server/service/auth.go:200.2,200.36 1 1
github.com/casapps/casrad/src/server/service/auth.go:204.119,206.16 2 1
github.com/casapps/casrad/src/server/service/auth.go:206.16,208.3 1 0
github.com/casapps/casrad/src/server/service/auth.go:210.2,224.60 2 1
github.com/casapps/casrad/src/server/service/auth.go:224.60,226.3 1 0
github.com/casapps/casrad/src/server/service/auth.go:228.2,228.23 1 1
github.com/casapps/casrad/src/server/service/auth.go:233.113,235.16 2 1
github.com/casapps/casrad/src/server/service/auth.go:235.16,237.3 1 0
github.com/casapps/casrad/src/server/service/auth.go:238.2,238.20 1 1
github.com/casapps/casrad/src/server/service/auth.go:238.20,240.3 1 1
github.com/casapps/casrad/src/server/service/auth.go:241.2,241.23 1 1
github.com/casapps/casrad/src/server/service/auth.go:241.23,243.3 1 0
github.com/casapps/casrad/src/server/service/auth.go:244.2,244.41 1 1
github.com/casapps/casrad/src/server/service/auth.go:244.41,246.3 1 0
github.com/casapps/casrad/src/server/service/auth.go:249.2,252.45 3 1
github.com/casapps/casrad/src/server/service/auth.go:256.86,258.2 1 1
github.com/casapps/casrad/src/server/service/auth.go:261.90,263.2 1 0
github.com/casapps/casrad/src/server/service/auth.go:267.69,270.43 2 1
github.com/casapps/casrad/src/server/service/auth.go:270.43,272.3 1 0
github.com/casapps/casrad/src/server/service/auth.go:275.2,285.8 2 1
github.com/casapps/casrad/src/server/service/auth.go:289.73,292.16 2 1
github.com/casapps/casrad/src/server/service/auth.go:292.16,294.3 1 1
github.com/casapps/casrad/src/server/service/auth.go:297.2,300.60 2 1
github.com/casapps/casrad/src/server/service/auth.go:312.94,315.21 2 1
github.com/casapps/casrad/src/server/service/auth.go:315.21,317.3 1 1
github.com/casapps/casrad/src/server/service/auth.go:319.2,319.28 1 1
github.com/casapps/casrad/src/server/service/auth.go:319.28,321.3 1 0
github.com/casapps/casrad/src/server/service/auth.go:323.2,325.16 3 1
github.com/casapps/casrad/src/server/service/auth.go:325.16,327.3 1 0
github.com/casapps/casrad/src/server/service/auth.go:329.2,330.16 2 1
github.com/casapps/casrad/src/server/service/auth.go:330.16,332.3 1 0
github.com/casapps/casrad/src/server/service/auth.go:333.2,336.16 3 1
github.com/casapps/casrad/src/server/service/auth.go:336.16,338.3 1 0
github.com/casapps/casrad/src/server/service/auth.go:340.2,341.16 2 1
github.com/casapps/casrad/src/server/service/auth.go:341.16,343.3 1 0
github.com/casapps/casrad/src/server/service/auth.go:345.2,345.32 1 1
github.com/casapps/casrad/src/server/service/auth.go:349.42,351.44 2 1
github.com/casapps/casrad/src/server/service/auth.go:351.44,353.3 1 0
github.com/casapps/casrad/src/server/service/auth.go:354.2,354.57 1 1
github.com/casapps/casrad/src/server/service/auth.go:369.57,371.2 1 1
github.com/casapps/casrad/src/server/service/auth.go:375.80,378.50 2 1
github.com/casapps/casrad/src/server/service/auth.go:378.50,380.3 1 0
github.com/casapps/casrad/src/server/service/auth.go:383.2,384.26 2 1
github.com/casapps/casrad/src/server/service/auth.go:384.26,386.3 1 1
github.com/casapps/casrad/src/server/service/auth.go:388.2,390.25 3 1
github.com/casapps/casrad/src/server/service/auth.go:394.42,395.21 1 1
github.com/casapps/casrad/src/server/service/auth.go:395.21,397.3 1 1
github.com/casapps/casrad/src/server/service/auth.go:398.2,398.14 1 1
github.com/casapps/casrad/src/server/service/auth.go:402.37,405.2 2 1
github.com/casapps/casrad/src/server/service/auth.go:408.49,411.2 2 1
github.com/casapps/casrad/src/server/service/auth.go:428.142,431.24 2 0
github.com/casapps/casrad/src/server/service/auth.go:431.24,433.3 1 0
github.com/casapps/casrad/src/server/service/auth.go:436.2,441.16 4 0
github.com/casapps/casrad/src/server/service/auth.go:441.16,443.3 1 0
github.com/casapps/casrad/src/server/service/auth.go:444.2,444.25 1 0
github.com/casapps/casrad/src/server/service/auth.go:444.25,447.3 2 0
github.com/casapps/casrad/src/server/service/auth.go:450.2,451.16 2 0
github.com/casapps/casrad/src/server/service/auth.go:451.16,453.3 1 0
github.com/casapps/casrad/src/server/service/auth.go:454.2,454.25 1 0
github.com/casapps/casrad/src/server/service/auth.go:454.25,457.3 2 0
github.com/casapps/casrad/src/server/service/auth.go:460.2,461.16 2 0
github.com/casapps/casrad/src/server/service/auth.go:461.16,463.3 1 0
github.com/casapps/casrad/src/server/service/auth.go:466.2,480.70 2 0
github.com/casapps/casrad/src/server/service/auth.go:480.70,482.3 1 0
github.com/casapps/casrad/src/server/service/auth.go:484.2,484.26 1 0
github.com/casapps/casrad/src/server/service/auth.go:488.154,492.54 2 0
github.com/casapps/casrad/src/server/service/auth.go:492.54,494.3 1 0
github.com/casapps/casrad/src/server/service/auth.go:497.2,497.36 1 0
github.com/casapps/casrad/src/server/service/auth.go:497.36,499.3 1 0
github.com/casapps/casrad/src/server/service/auth.go:501.2,501.24 1 0
github.com/casapps/casrad/src/server/service/auth.go:501.24,503.3 1 0
github.com/casapps/casrad/src/server/service/auth.go:506.2,507.16 2 0
github.com/casapps/casrad/src/server/service/auth.go:507.16,509.3 1 0
github.com/casapps/casrad/src/server/service/auth.go:510.2,510.17 1 0
github.com/casapps/casrad/src/server/service/auth.go:510.17,512.3 1 0
github.com/casapps/casrad/src/server/service/auth.go:515.2,515.59 1 0
github.com/casapps/casrad/src/server/service/auth.go:515.59,518.3 2 0
github.com/casapps/casrad/src/server/service/auth.go:521.2,522.16 2 0
github.com/casapps/casrad/src/server/service/auth.go:522.16,524.3 1 0
github.com/casapps/casrad/src/server/service/auth.go:527.2,529.54 3 0
github.com/casapps/casrad/src/server/service/auth.go:529.54,531.3 1 0
github.com/casapps/casrad/src/server/service/auth.go:535.2,535.64 1 0
github.com/casapps/casrad/src/server/service/auth.go:535.64,537.3 1 0
github.com/casapps/casrad/src/server/service/auth.go:539.2,539.17 1 0
github.com/casapps/casrad/src/server/service/backup.go:84.48,95.2 1 0
github.com/casapps/casrad/src/server/service/backup.go:109.42,118.2 1 0
github.com/casapps/casrad/src/server/service/backup.go:144.108,145.19 1 0
github.com/casapps/casrad/src/server/service/backup.go:145.19,147.3 1 0
github.com/casapps/casrad/src/server/service/backup.go:148.2,148.29 1 0
github.com/casapps/casrad/src/server/service/backup.go:148.29,150.3 1 0
github.com/casapps/casrad/src/server/service/backup.go:152.2,158.3 1 0
github.com/casapps/casrad/src/server/service/backup.go:162.57,166.2 3 0
github.com/casapps/casrad/src/server/service/backup.go:170.112,175.70 3 0
github.com/casapps/casrad/src/server/service/backup.go:175.70,177.3 1 0
github.com/casapps/casrad/src/server/service/backup.go:180.2,180.56 1 0
github.com/casapps/casrad/src/server/service/backup.go:180.56,182.3 1 0
github.com/casapps/casrad/src/server/service/backup.go:185.2,187.20 3 0
github.com/casapps/casrad/src/server/service/backup.go:188.22,189.70 1 0
github.com/casapps/casrad/src/server/service/backup.go:190.23,191.55 1 0
github.com/casapps/casrad/src/server/service/backup.go:192.24,193.56 1 0
github.com/casapps/casrad/src/server/service/backup.go:194.10,195.70 1 0
github.com/casapps/casrad/src/server/service/backup.go:199.2,200.15 2 0
github.com/casapps/casrad/src/server/service/backup.go:200.15,202.3 1 0
github.com/casapps/casrad/src/server/service/backup.go:204.2,208.16 3 0
github.com/casapps/casrad/src/server/service/backup.go:208.16,210.3 1 0
github.com/casapps/casrad/src/server/service/backup.go:213.2,223.15 2 0
github.com/casapps/casrad/src/server/service/backup.go:223.15,225.3 1 0
github.com/casapps/casrad/src/server/service/backup.go:228.2,229.16 2 0
github.com/casapps/casrad/src/server/service/backup.go:229.16,231.3 1 0
github.com/casapps/casrad/src/server/service/backup.go:233.2,237.15 3 0
github.com/casapps/casrad/src/server/service/backup.go:237.15,239.17 2 0
github.com/casapps/casrad/src/server/service/backup.go:239.17,241.4 1 0
github.com/casapps/casrad/src/server/service/backup.go:242.8,244.3 1 0
github.com/casapps/casrad/src/server/service/backup.go:247.2,247.66 1 0
github.com/casapps/casrad/src/server/service/backup.go:247.66,249.3 1 0
github.com/casapps/casrad/src/server/service/backup.go:252.2,252.61 1 0
github.com/casapps/casrad/src/server/service/backup.go:252.61,256.3 2 0
github.com/casapps/casrad/src/server/service/backup.go:258.2,258.22 1 0
github.com/casapps/casrad/src/server/service/backup.go:262.67,267.32 3 0
github.com/casapps/casrad/src/server/service/backup.go:267.32,269.42 2 0
github.com/casapps/casrad/src/server/service/backup.go:269.42,271.4 1 0
github.com/casapps/casrad/src/server/service/backup.go:275.2,276.67 2 0
github.com/casapps/casrad/src/server/service/backup.go:276.67,278.3 1 0
github.com/casapps/casrad/src/server/service/backup.go:281.2,282.64 2 0
github.com/casapps/casrad/src/server/service/backup.go:282.64,284.3 1 0
github.com/casapps/casrad/src/server/service/backup.go:287.2,287.25 1 0
github.com/casapps/casrad/src/server/service/backup.go:287.25,289.63 2 0
github.com/casapps/casrad/src/server/service/backup.go:289.63,291.4 1 0
github.com/casapps/casrad/src/server/service/backup.go:295.2,295.26 1 0
github.com/casapps/casrad/src/server/service/backup.go:295.26,296.66 1 0
github.com/casapps/casrad/src/server/service/backup.go:296.66,298.4 1 0
github.com/casapps/casrad/src/server/service/backup.go:301.2,301.22 1 0
github.com/casapps/casrad/src/server/service/backup.go:305.108,313.16 5 0
github.com/casapps/casrad/src/server/service/backup.go:313.16,315.3 1 0
github.com/casapps/casrad/src/server/service/backup.go:317.2,317.77 1 0
github.com/casapps/casrad/src/server/service/backup.go:317.77,319.3 1 0
github.com/casapps/casrad/src/server/service/backup.go:322.2,322.32 1 0
github.com/casapps/casrad/src/server/service/backup.go:322.32,324.39 2 0
github.com/casapps/casrad/src/server/service/backup.go:324.39,326.4 1 0
github.com/casapps/casrad/src/server/service/backup.go:326.9,328.4 1 0
github.com/casapps/casrad/src/server/service/backup.go:330.3,330.35 1 0
github.com/casapps/casrad/src/server/service/backup.go:330.35,332.90 1 0
github.com/casapps/casrad/src/server/service/backup.go:332.90,333.19 1 0
github.com/casapps/casrad/src/server/service/backup.go:333.19,335.6 1 0
github.com/casapps/casrad/src/server/service/backup.go:336.5,336.21 1 0
github.com/casapps/casrad/src/server/service/backup.go:336.21,338.6 1 0
github.com/casapps/casrad/src/server/service/backup.go:340.5,342.19 3 0
github.com/casapps/casrad/src/server/service/backup.go:342.19,344.6 1 0
github.com/casapps/casrad/src/server/service/backup.go:345.5,345.48 1 0
github.com/casapps/casrad/src/server/service/backup.go:346.19,348.5 1 0
github.com/casapps/casrad/src/server/service/backup.go:349.9,352.18 2 0
github.com/casapps/casrad/src/server/service/backup.go:352.18,354.5 1 0
github.com/casapps/casrad/src/server/service/backup.go:355.4,355.60 1 0
github.com/casapps/casrad/src/server/service/backup.go:355.60,357.5 1 0
github.com/casapps/casrad/src/server/service/backup.go:362.2,362.42 1 0
github.com/casapps/casrad/src/server/service/backup.go:362.42,364.3 1 0
github.com/casapps/casrad/src/server/service/backup.go:365.2,365.41 1 0
github.com/casapps/casrad/src/server/service/backup.go:365.41,367.3 1 0
github.com/casapps/casrad/src/server/service/backup.go:369.2,375.35 4 0
github.com/casapps/casrad/src/server/service/backup.go:379.82,387.47 2 0
github.com/casapps/casrad/src/server/service/backup.go:387.47,389.3 1 0
github.com/casapps/casrad/src/server/service/backup.go:391.2,392.12 2 0
github.com/casapps/casrad/src/server/service/backup.go:397.86,400.43 2 0
github.com/casapps/casrad/src/server/service/backup.go:400.43,402.3 1 0
github.com/casapps/casrad/src/server/service/backup.go:405.2,409.16 3 0
github.com/casapps/casrad/src/server/service/backup.go:409.16,411.3 1 0
github.com/casapps/casrad/src/server/service/backup.go:413.2,414.16 2 0
github.com/casapps/casrad/src/server/service/backup.go:414.16,416.3 1 0
github.com/casapps/casrad/src/server/service/backup.go:419.2,420.44 2 0
github.com/casapps/casrad/src/server/service/backup.go:420.44,422.3 1 0
github.com/casapps/casrad/src/server/service/backup.go:425.2,433.20 6 0
github.com/casapps/casrad/src/server/service/backup.go:437.86,439.20 1 0
github.com/casapps/casrad/src/server/service/backup.go:439.20,441.3 1 0
github.com/casapps/casrad/src/server/service/backup.go:444.2,451.16 4 0
github.com/casapps/casrad/src/server/service/backup.go:451.16,453.3 1 0
github.com/casapps/casrad/src/server/service/backup.go:455.2,456.16 2 0
github.com/casapps/casrad/src/server/service/backup.go:456.16,458.3 1 0
github.com/casapps/casrad/src/server/service/backup.go:461.2,462.30 2 0
github.com/casapps/casrad/src/server/service/backup.go:462.30,464.3 1 0
github.com/casapps/casrad/src/server/service/backup.go:465.2,470.16 4 0
github.com/casapps/casrad/src/server/service/backup.go:470.16,472.3 1 0
github.com/casapps/casrad/src/server/service/backup.go:474.2,474.23 1 0
github.com/casapps/casrad/src/server/service/backup.go:478.80,481.16 2 0
github.com/casapps/casrad/src/server/service/backup.go:481.16,483.3 1 0
github.com/casapps/casrad/src/server/service/backup.go:486.2,486.22 1 0
github.com/casapps/casrad/src/server/service/backup.go:486.22,488.3 1 0
github.com/casapps/casrad/src/server/service/backup.go:491.2,492.16 2 0
github.com/casapps/casrad/src/server/service/backup.go:492.16,494.3 1 0
github.com/casapps/casrad/src/server/service/backup.go:497.2,500.15 3 0
github.com/casapps/casrad/src/server/service/backup.go:500.15,501.21 1 0
github.com/casapps/casrad/src/server/service/backup.go:501.21,503.4 1 0
github.com/casapps/casrad/src/server/service/backup.go:504.3,505.17 2 0
github.com/casapps/casrad/src/server/service/backup.go:505.17,507.4 1 0
github.com/casapps/casrad/src/server/service/backup.go:508.8,510.3 1 0
github.com/casapps/casrad/src/server/service/backup.go:513.2,514.16 2 0
github.com/casapps/casrad/src/server/service/backup.go:514.16,516.3 1 0
github.com/casapps/casrad/src/server/service/backup.go:517.2,525.6 5 0
github.com/casapps/casrad/src/server/service/backup.go:525.6,527.20 2 0
github.com/casapps/casrad/src/server/service/backup.go:527.20,528.9 1 0
github.com/casapps/casrad/src/server/service/backup.go:530.3,530.17 1 0
github.com/casapps/casrad/src/server/service/backup.go:530.17,532.4 1 0
github.com/casapps/casrad/src/server/service/backup.go:534.3,534.37 1 0
github.com/casapps/casrad/src/server/service/backup.go:534.37,536.66 2 0
github.com/casapps/casrad/src/server/service/backup.go:536.66,538.5 1 0
github.com/casapps/casrad/src/server/service/backup.go:539.4,539.66 1 0
github.com/casapps/casrad/src/server/service/backup.go:539.66,541.5 1 0
github.com/casapps/casrad/src/server/service/backup.go:545.2,545.21 1 0
github.com/casapps/casrad/src/server/service/backup.go:545.21,547.3 1 0
github.com/casapps/casrad/src/server/service/backup.go:550.2,552.45 3 0
github.com/casapps/casrad/src/server/service/backup.go:552.45,554.3 1 0
github.com/casapps/casrad/src/server/service/backup.go:557.2,558.16 2 0
github.com/casapps/casrad/src/server/service/backup.go:558.16,560.3 1 0
github.com/casapps/casrad/src/server/service/backup.go:561.2,567.6 4 0
github.com/casapps/casrad/src/server/service/backup.go:567.6,569.20 2 0
github.com/casapps/casrad/src/server/service/backup.go:569.20,570.9 1 0
github.com/casapps/casrad/src/server/service/backup.go:572.3,572.17 1 0
github.com/casapps/casrad/src/server/service/backup.go:572.17,574.4 1 0
github.com/casapps/casrad/src/server/service/backup.go:576.3,577.37 2 0
github.com/casapps/casrad/src/server/service/backup.go:577.37,579.4 1 0
github.com/casapps/casrad/src/server/service/backup.go:579.9,582.18 3 0
github.com/casapps/casrad/src/server/service/backup.go:582.18,584.5 1 0
github.com/casapps/casrad/src/server/service/backup.go:585.4,585.52 1 0
github.com/casapps/casrad/src/server/service/backup.go:585.52,588.5 2 0
github.com/casapps/casrad/src/server/service/backup.go:589.4,589.13 1 0
github.com/casapps/casrad/src/server/service/backup.go:592.2,596.43 3 0
github.com/casapps/casrad/src/server/service/backup.go:596.43,599.17 2 0
github.com/casapps/casrad/src/server/service/backup.go:599.17,601.4 1 0
github.com/casapps/casrad/src/server/service/backup.go:603.3,603.67 1 0
github.com/casapps/casrad/src/server/service/backup.go:603.67,605.4 1 0
github.com/casapps/casrad/src/server/service/backup.go:608.2,608.12 1 0
github.com/casapps/casrad/src/server/service/backup.go:613.81,615.61 1 0
github.com/casapps/casrad/src/server/service/backup.go:615.61,617.3 1 0
github.com/casapps/casrad/src/server/service/backup.go:620.2,621.16 2 0
github.com/casapps/casrad/src/server/service/backup.go:621.16,623.3 1 0
github.com/casapps/casrad/src/server/service/backup.go:626.2,627.43 2 0
github.com/casapps/casrad/src/server/service/backup.go:627.43,629.17 2 0
github.com/casapps/casrad/src/server/service/backup.go:629.17,631.4 1 0
github.com/casapps/casrad/src/server/service/backup.go:632.8,634.3 1 0
github.com/casapps/casrad/src/server/service/backup.go:637.2,638.16 2 0
github.com/casapps/casrad/src/server/service/backup.go:638.16,640.3 1 0
github.com/casapps/casrad/src/server/service/backup.go:641.2,645.6 3 0
github.com/casapps/casrad/src/server/service/backup.go:645.6,647.20 2 0
github.com/casapps/casrad/src/server/service/backup.go:647.20,648.9 1 0
github.com/casapps/casrad/src/server/service/backup.go:650.3,650.17 1 0
github.com/casapps/casrad/src/server/service/backup.go:650.17,652.4 1 0
github.com/casapps/casrad/src/server/service/backup.go:655.3,655.37 1 0
github.com/casapps/casrad/src/server/service/backup.go:655.37,656.12 1 0
github.com/casapps/casrad/src/server/service/backup.go:659.3,660.46 2 0
github.com/casapps/casrad/src/server/service/backup.go:660.46,662.4 1 0
github.com/casapps/casrad/src/server/service/backup.go:662.9,664.4 1 0
github.com/casapps/casrad/src/server/service/backup.go:666.3,666.37 1 0
github.com/casapps/casrad/src/server/service/backup.go:666.37,668.4 1 0
github.com/casapps/casrad/src/server/service/backup.go:668.9,671.18 3 0
github.com/casapps/casrad/src/server/service/backup.go:671.18,673.5 1 0
github.com/casapps/casrad/src/server/service/backup.go:674.4,674.51 1 0
github.com/casapps/casrad/src/server/service/backup.go:674.51,677.5 2 0
github.com/casapps/casrad/src/server/service/backup.go:678.4,679.30 2 0
github.com/casapps/casrad/src/server/service/backup.go:683.2,683.12 1 0
github.com/casapps/casrad/src/server/service/backup.go:687.62,694.16 5 0
github.com/casapps/casrad/src/server/service/backup.go:694.16,695.25 1 0
github.com/casapps/casrad/src/server/service/backup.go:695.25,697.4 1 0
github.com/casapps/casrad/src/server/service/backup.go:698.3,698.18 1 0
github.com/casapps/casrad/src/server/service/backup.go:701.2,701.32 1 0
github.com/casapps/casrad/src/server/service/backup.go:701.32,702.20 1 0
github.com/casapps/casrad/src/server/service/backup.go:702.20,703.12 1 0
github.com/casapps/casrad/src/server/service/backup.go:706.3,707.85 2 0
github.com/casapps/casrad/src/server/service/backup.go:707.85,708.12 1 0
github.com/casapps/casrad/src/server/service/backup.go:711.3,712.17 2 0
github.com/casapps/casrad/src/server/service/backup.go:712.17,713.12 1 0
github.com/casapps/casrad/src/server/service/backup.go:716.3,725.50 2 0
github.com/casapps/casrad/src/server/service/backup.go:725.50,727.4 1 0
github.com/casapps/casrad/src/server/service/backup.go:727.9,727.58 1 0
github.com/casapps/casrad/src/server/service/backup.go:727.58,729.4 1 0
github.com/casapps/casrad/src/server/service/backup.go:729.9,731.4 1 0
github.com/casapps/casrad/src/server/service/backup.go:733.3,733.36 1 0
github.com/casapps/casrad/src/server/service/backup.go:737.2,737.42 1 0
github.com/casapps/casrad/src/server/service/backup.go:737.42,739.3 1 0
github.com/casapps/casrad/src/server/service/backup.go:741.2,741.21 1 0
github.com/casapps/casrad/src/server/service/backup.go:746.48,751.16 4 0
github.com/casapps/casrad/src/server/service/backup.go:751.16,753.3 1 0
github.com/casapps/casrad/src/server/service/backup.go:756.2,757.28 2 0
github.com/casapps/casrad/src/server/service/backup.go:757.28,758.37 1 0
github.com/casapps/casrad/src/server/service/backup.go:758.37,760.4 1 0
github.com/casapps/casrad/src/server/service/backup.go:764.2,770.32 5 0
github.com/casapps/casrad/src/server/service/backup.go:770.32,771.68 1 0
github.com/casapps/casrad/src/server/service/backup.go:771.68,772.50 1 0
github.com/casapps/casrad/src/server/service/backup.go:772.50,776.5 3 0
github.com/casapps/casrad/src/server/service/backup.go:781.2,782.32 2 0
github.com/casapps/casrad/src/server/service/backup.go:782.32,783.27 1 0
github.com/casapps/casrad/src/server/service/backup.go:783.27,784.12 1 0
github.com/casapps/casrad/src/server/service/backup.go:786.3,786.29 1 0
github.com/casapps/casrad/src/server/service/backup.go:786.29,787.52 1 0
github.com/casapps/casrad/src/server/service/backup.go:787.52,791.5 3 0
github.com/casapps/casrad/src/server/service/backup.go:796.2,797.32 2 0
github.com/casapps/casrad/src/server/service/backup.go:797.32,798.27 1 0
github.com/casapps/casrad/src/server/service/backup.go:798.27,799.12 1 0
github.com/casapps/casrad/src/server/service/backup.go:801.3,801.43 1 0
github.com/casapps/casrad/src/server/service/backup.go:801.43,802.50 1 0
github.com/casapps/casrad/src/server/service/backup.go:802.50,806.5 3 0
github.com/casapps/casrad/src/server/service/backup.go:811.2,812.32 2 0
github.com/casapps/casrad/src/server/service/backup.go:812.32,813.27 1 0
github.com/casapps/casrad/src/server/service/backup.go:813.27,814.12 1 0
github.com/casapps/casrad/src/server/service/backup.go:817.3,818.47 2 0
github.com/casapps/casrad/src/server/service/backup.go:818.47,822.4 3 0
github.com/casapps/casrad/src/server/service/backup.go:826.2,826.32 1 0
github.com/casapps/casrad/src/server/service/backup.go:826.32,827.27 1 0
github.com/casapps/casrad/src/server/service/backup.go:827.27,829.4 1 0
github.com/casapps/casrad/src/server/service/backup.go:833.2,833.29 1 0
github.com/casapps/casrad/src/server/service/backup.go:833.29,834.43 1 0
github.com/casapps/casrad/src/server/service/backup.go:834.43,836.4 1 0
github.com/casapps/casrad/src/server/service/backup.go:839.2,839.12 1 0
github.com/casapps/casrad/src/server/service/backup.go:843.61,850.92 4 0
github.com/casapps/casrad/src/server/service/backup.go:850.92,852.3 1 0
github.com/casapps/casrad/src/server/service/backup.go:854.2,854.24 1 0
github.com/casapps/casrad/src/server/service/backup.go:858.47,860.2 1 0
github.com/casapps/casrad/src/server/service/backup.go:863.52,865.2 1 0
github.com/casapps/casrad/src/server/service/backup.go:869.66,873.41 3 0
github.com/casapps/casrad/src/server/service/backup.go:873.41,875.3 1 0
github.com/casapps/casrad/src/server/service/backup.go:877.2,878.12 2 0
github.com/casapps/casrad/src/server/service/backup.go:883.61,886.24 2 0
github.com/casapps/casrad/src/server/service/backup.go:886.24,889.3 2 0
github.com/casapps/casrad/src/server/service/backup.go:891.2,891.24 1 0
github.com/casapps/casrad/src/server/service/backup.go:891.24,894.3 2 0
github.com/casapps/casrad/src/server/service/backup.go:896.2,896.25 1 0
github.com/casapps/casrad/src/server/service/backup.go:896.25,899.3 2 0
github.com/casapps/casrad/src/server/service/backup.go:901.2,901.24 1 0
github.com/casapps/casrad/src/server/service/backup.go:901.24,904.3 2 0
github.com/casapps/casrad/src/server/service/backup.go:907.2,907.24 1 0
github.com/casapps/casrad/src/server/service/backup.go:907.24,909.3 1 0
github.com/casapps/casrad/src/server/service/backup.go:911.2,911.24 1 0
github.com/casapps/casrad/src/server/service/backup.go:911.24,913.3 1 0
github.com/casapps/casrad/src/server/service/backup.go:915.2,915.26 1 0
github.com/casapps/casrad/src/server/service/backup.go:915.26,917.3 1 0
github.com/casapps/casrad/src/server/service/backup.go:919.2,919.24 1 0
github.com/casapps/casrad/src/server/service/backup.go:919.24,921.3 1 0
github.com/casapps/casrad/src/server/service/backup.go:923.2,923.17 1 0
github.com/casapps/casrad/src/server/service/email.go:40.56,46.2 2 0
github.com/casapps/casrad/src/server/service/email.go:49.44,51.2 1 0
github.com/casapps/casrad/src/server/service/email.go:54.54,57.2 2 0
github.com/casapps/casrad/src/server/service/email.go:60.74,61.19 1 0
github.com/casapps/casrad/src/server/service/email.go:61.19,63.3 1 0
github.com/casapps/casrad/src/server/service/email.go:66.2,73.12 7 0
github.com/casapps/casrad/src/server/service/email.go:73.12,75.3 1 0
github.com/casapps/casrad/src/server/service/email.go:75.8,77.3 1 0
github.com/casapps/casrad/src/server/service/email.go:79.2,80.28 2 0
github.com/casapps/casrad/src/server/service/email.go:80.28,82.3 1 0
github.com/casapps/casrad/src/server/service/email.go:83.2,86.55 3 0
github.com/casapps/casrad/src/server/service/email.go:90.76,91.19 1 0
github.com/casapps/casrad/src/server/service/email.go:91.19,93.3 1 0
github.com/casapps/casrad/src/server/service/email.go:95.2,112.44 4 0
github.com/casapps/casrad/src/server/service/email.go:116.77,117.19 1 0
github.com/casapps/casrad/src/server/service/email.go:117.19,119.3 1 0
github.com/casapps/casrad/src/server/service/email.go:121.2,138.44 4 0
github.com/casapps/casrad/src/server/service/email.go:142.76,144.2 1 0
github.com/casapps/casrad/src/server/service/email.go:147.75,148.19 1 0
github.com/casapps/casrad/src/server/service/email.go:148.19,150.3 1 0
github.com/casapps/casrad/src/server/service/email.go:152.2,165.44 3 0
github.com/casapps/casrad/src/server/service/email.go:169.65,170.16 1 0
github.com/casapps/casrad/src/server/service/email.go:170.16,172.3 1 0
github.com/casapps/casrad/src/server/service/email.go:173.2,173.44 1 0
github.com/casapps/casrad/src/server/service/email.go:177.64,182.16 3 0
github.com/casapps/casrad/src/server/service/email.go:182.16,184.3 1 0
github.com/casapps/casrad/src/server/service/email.go:185.2,188.21 2 0
github.com/casapps/casrad/src/server/service/email.go:188.21,194.3 2 0
github.com/casapps/casrad/src/server/service/email.go:196.2,197.16 2 0
github.com/casapps/casrad/src/server/service/email.go:197.16,199.3 1 0
github.com/casapps/casrad/src/server/service/email.go:200.2,203.22 2 0
github.com/casapps/casrad/src/server/service/email.go:203.22,204.48 1 0
github.com/casapps/casrad/src/server/service/email.go:204.48,209.53 2 0
github.com/casapps/casrad/src/server/service/email.go:209.53,211.5 1 0
github.com/casapps/casrad/src/server/service/email.go:216.2,216.56 1 0
github.com/casapps/casrad/src/server/service/email.go:216.56,218.43 2 0
github.com/casapps/casrad/src/server/service/email.go:218.43,220.4 1 0
github.com/casapps/casrad/src/server/service/email.go:224.2,224.56 1 0
github.com/casapps/casrad/src/server/service/email.go:224.56,226.3 1 0
github.com/casapps/casrad/src/server/service/email.go:229.2,229.31 1 0
github.com/casapps/casrad/src/server/service/email.go:229.31,230.48 1 0
github.com/casapps/casrad/src/server/service/email.go:230.48,232.4 1 0
github.com/casapps/casrad/src/server/service/email.go:236.2,237.16 2 0
github.com/casapps/casrad/src/server/service/email.go:237.16,239.3 1 0
github.com/casapps/casrad/src/server/service/email.go:241.2,241.40 1 0
github.com/casapps/casrad/src/server/service/email.go:241.40,243.3 1 0
github.com/casapps/casrad/src/server/service/email.go:245.2,245.34 1 0
github.com/casapps/casrad/src/server/service/email.go:245.34,247.3 1 0
github.com/casapps/casrad/src/server/service/email.go:249.2,249.22 1 0
github.com/casapps/casrad/src/server/service/email_template.go:92.91,98.2 1 0
github.com/casapps/casrad/src/server/service/email_template.go:101.85,106.2 4 0
github.com/casapps/casrad/src/server/service/email_template.go:109.82,111.36 1 0
github.com/casapps/casrad/src/server/service/email_template.go:111.36,113.3 1 0
github.com/casapps/casrad/src/server/service/email_template.go:116.2,117.57 2 0
github.com/casapps/casrad/src/server/service/email_template.go:117.57,121.3 3 0
github.com/casapps/casrad/src/server/service/email_template.go:124.2,125.69 2 0
github.com/casapps/casrad/src/server/service/email_template.go:125.69,129.3 3 0
github.com/casapps/casrad/src/server/service/email_template.go:131.2,131.56 1 0
github.com/casapps/casrad/src/server/service/email_template.go:135.114,137.16 2 0
github.com/casapps/casrad/src/server/service/email_template.go:137.16,139.3 1 0
github.com/casapps/casrad/src/server/service/email_template.go:142.2,142.24 1 0
github.com/casapps/casrad/src/server/service/email_template.go:142.24,144.3 1 0
github.com/casapps/casrad/src/server/service/email_template.go:145.2,145.23 1 0
github.com/casapps/casrad/src/server/service/email_template.go:145.23,147.3 1 0
github.com/casapps/casrad/src/server/service/email_template.go:148.2,148.21 1 0
github.com/casapps/casrad/src/server/service/email_template.go:148.21,150.3 1 0
github.com/casapps/casrad/src/server/service/email_template.go:151.2,151.27 1 0
github.com/casapps/casrad/src/server/service/email_template.go:151.27,153.3 1 0
github.com/casapps/casrad/src/server/service/email_template.go:154.2,154.26 1 0
github.com/casapps/casrad/src/server/service/email_template.go:154.26,156.3 1 0
github.com/casapps/casrad/src/server/service/email_template.go:157.2,157.21 1 0
github.com/casapps/casrad/src/server/service/email_template.go:157.21,159.3 1 0
github.com/casapps/casrad/src/server/service/email_template.go:161.2,164.27 3 0
github.com/casapps/casrad/src/server/service/email_template.go:168.50,170.2 1 0
github.com/casapps/casrad/src/server/service/email_template.go:173.85,174.55 1 0
github.com/casapps/casrad/src/server/service/email_template.go:174.55,176.3 1 0
github.com/casapps/casrad/src/server/service/email_template.go:178.2,181.66 3 0
github.com/casapps/casrad/src/server/service/email_template.go:181.66,183.3 1 0
github.com/casapps/casrad/src/server/service/email_template.go:186.2,187.12 2 0
github.com/casapps/casrad/src/server/service/email_template.go:191.66,193.63 2 0
github.com/casapps/casrad/src/server/service/email_template.go:193.63,195.3 1 0
github.com/casapps/casrad/src/server/service/email_template.go:198.2,199.12 2 0
github.com/casapps/casrad/src/server/service/email_template.go:203.59,207.2 3 0
github.com/casapps/casrad/src/server/service/email_template.go:210.57,231.2 1 0
github.com/casapps/casrad/src/server/service/email_template.go:234.57,236.20 2 0
github.com/casapps/casrad/src/server/service/email_template.go:236.20,238.3 1 0
github.com/casapps/casrad/src/server/service/email_template.go:241.2,246.76 4 0
github.com/casapps/casrad/src/server/service/email_template.go:246.76,248.3 1 0
github.com/casapps/casrad/src/server/service/email_template.go:249.2,255.3 2 0
github.com/casapps/casrad/src/server/service/email_template.go:259.58,314.47 2 0
github.com/casapps/casrad/src/server/service/email_template.go:314.47,316.3 1 0
github.com/casapps/casrad/src/server/service/email_template.go:318.2,318.13 1 0
github.com/casapps/casrad/src/server/service/geoip.go:67.57,68.19 1 0
github.com/casapps/casrad/src/server/service/geoip.go:68.19,76.3 1 0
github.com/casapps/casrad/src/server/service/geoip.go:78.2,82.3 1 0
github.com/casapps/casrad/src/server/service/geoip.go:86.41,88.2 1 0
github.com/casapps/casrad/src/server/service/geoip.go:91.55,95.2 3 0
github.com/casapps/casrad/src/server/service/geoip.go:98.37,99.20 1 0
github.com/casapps/casrad/src/server/service/geoip.go:99.20,101.3 1 0
github.com/casapps/casrad/src/server/service/geoip.go:104.2,104.56 1 0
github.com/casapps/casrad/src/server/service/geoip.go:104.56,106.3 1 0
github.com/casapps/casrad/src/server/service/geoip.go:109.2,109.33 1 0
github.com/casapps/casrad/src/server/service/geoip.go:113.58,114.20 1 0
github.com/casapps/casrad/src/server/service/geoip.go:114.20,116.3 1 0
github.com/casapps/casrad/src/server/service/geoip.go:118.2,123.24 4 0
github.com/casapps/casrad/src/server/service/geoip.go:123.24,125.3 1 0
github.com/casapps/casrad/src/server/service/geoip.go:126.2,126.28 1 0
github.com/casapps/casrad/src/server/service/geoip.go:126.28,128.3 1 0
github.com/casapps/casrad/src/server/service/geoip.go:129.2,129.25 1 0
github.com/casapps/casrad/src/server/service/geoip.go:129.25,131.3 1 0
github.com/casapps/casrad/src/server/service/geoip.go:132.2,132.26 1 0
github.com/casapps/casrad/src/server/service/geoip.go:132.26,134.3 1 0
github.com/casapps/casrad/src/server/service/geoip.go:136.2,136.35 1 0
github.com/casapps/casrad/src/server/service/geoip.go:136.35,140.13 2 0
github.com/casapps/casrad/src/server/service/geoip.go:140.13,141.50 1 0
github.com/casapps/casrad/src/server/service/geoip.go:141.50,143.52 1 0
github.com/casapps/casrad/src/server/service/geoip.go:143.52,145.14 2 0
github.com/casapps/casrad/src/server/service/geoip.go:151.3,151.59 1 0
github.com/casapps/casrad/src/server/service/geoip.go:151.59,153.4 1 0
github.com/casapps/casrad/src/server/service/geoip.go:155.3,155.26 1 0
github.com/casapps/casrad/src/server/service/geoip.go:158.2,159.12 2 0
github.com/casapps/casrad/src/server/service/geoip.go:163.69,165.16 2 0
github.com/casapps/casrad/src/server/service/geoip.go:165.16,167.3 1 0
github.com/casapps/casrad/src/server/service/geoip.go:168.2,170.38 2 0
github.com/casapps/casrad/src/server/service/geoip.go:170.38,172.3 1 0
github.com/casapps/casrad/src/server/service/geoip.go:175.2,177.16 3 0
github.com/casapps/casrad/src/server/service/geoip.go:177.16,179.3 1 0
github.com/casapps/casrad/src/server/service/geoip.go:181.2,183.16 3 0
github.com/casapps/casrad/src/server/service/geoip.go:183.16,186.3 2 0
github.com/casapps/casrad/src/server/service/geoip.go:189.2,189.38 1 0
github.com/casapps/casrad/src/server/service/geoip.go:195.67,196.20 1 0
github.com/casapps/casrad/src/server/service/geoip.go:196.20,198.3 1 0
github.com/casapps/casrad/src/server/service/geoip.go:200.2,201.15 2 0
github.com/casapps/casrad/src/server/service/geoip.go:201.15,203.3 1 0
github.com/casapps/casrad/src/server/service/geoip.go:207.2,207.37 1 0
github.com/casapps/casrad/src/server/service/geoip.go:211.65,212.56 1 0
github.com/casapps/casrad/src/server/service/geoip.go:212.56,214.3 1 0
github.com/casapps/casrad/src/server/service/geoip.go:216.2,216.48 1 0
github.com/casapps/casrad/src/server/service/geoip.go:216.48,217.28 1 0
github.com/casapps/casrad/src/server/service/geoip.go:217.28,219.4 1 0
github.com/casapps/casrad/src/server/service/geoip.go:221.2,221.14 1 0
github.com/casapps/casrad/src/server/service/geoip.go:225.52,226.20 1 0
github.com/casapps/casrad/src/server/service/geoip.go:226.20,228.3 1 0
github.com/casapps/casrad/src/server/service/geoip.go:230.2,231.16 2 0
github.com/casapps/casrad/src/server/service/geoip.go:231.16,234.3 1 0
github.com/casapps/casrad/src/server/service/geoip.go:236.2,236.43 1 0
github.com/casapps/casrad/src/server/service/geoip.go:236.43,238.3 1 0
github.com/casapps/casrad/src/server/service/geoip.go:240.2,240.12 1 0
github.com/casapps/casrad/src/server/service/geoip.go:244.47,248.2 3 0
github.com/casapps/casrad/src/server/service/geoip.go:251.58,256.31 4 0
github.com/casapps/casrad/src/server/service/geoip.go:256.31,258.3 1 0
github.com/casapps/casrad/src/server/service/geoip.go:259.2,259.15 1 0
github.com/casapps/casrad/src/server/service/i18n.go:25.37,36.2 1 0
github.com/casapps/casrad/src/server/service/i18n.go:76.73,82.2 1 0
github.com/casapps/casrad/src/server/service/i18n.go:85.48,89.51 3 0
github.com/casapps/casrad/src/server/service/i18n.go:89.51,93.17 3 0
github.com/casapps/casrad/src/server/service/i18n.go:93.17,95.12 1 0
github.com/casapps/casrad/src/server/service/i18n.go:98.3,99.56 2 0
github.com/casapps/casrad/src/server/service/i18n.go:99.56,100.12 1 0
github.com/casapps/casrad/src/server/service/i18n.go:104.3,105.67 2 0
github.com/casapps/casrad/src/server/service/i18n.go:105.67,106.50 1 0
github.com/casapps/casrad/src/server/service/i18n.go:106.50,108.5 1 0
github.com/casapps/casrad/src/server/service/i18n.go:109.4,109.46 1 0
github.com/casapps/casrad/src/server/service/i18n.go:109.46,111.5 1 0
github.com/casapps/casrad/src/server/service/i18n.go:112.4,112.53 1 0
github.com/casapps/casrad/src/server/service/i18n.go:112.53,114.5 1 0
github.com/casapps/casrad/src/server/service/i18n.go:115.4,115.51 1 0
github.com/casapps/casrad/src/server/service/i18n.go:115.51,117.5 1 0
github.com/casapps/casrad/src/server/service/i18n.go:118.4,118.49 1 0
github.com/casapps/casrad/src/server/service/i18n.go:118.49,120.5 1 0
github.com/casapps/casrad/src/server/service/i18n.go:124.3,129.4 2 0
github.com/casapps/casrad/src/server/service/i18n.go:132.2,132.12 1 0
github.com/casapps/casrad/src/server/service/i18n.go:137.59,138.23 1 0
github.com/casapps/casrad/src/server/service/i18n.go:138.23,140.3 1 0
github.com/casapps/casrad/src/server/service/i18n.go:143.2,143.74 1 0
github.com/casapps/casrad/src/server/service/i18n.go:143.74,145.3 1 0
github.com/casapps/casrad/src/server/service/i18n.go:148.2,148.62 1 0
github.com/casapps/casrad/src/server/service/i18n.go:148.62,149.34 1 0
github.com/casapps/casrad/src/server/service/i18n.go:149.34,151.4 1 0
github.com/casapps/casrad/src/server/service/i18n.go:155.2,156.22 2 0
github.com/casapps/casrad/src/server/service/i18n.go:156.22,157.60 1 0
github.com/casapps/casrad/src/server/service/i18n.go:157.60,159.4 1 0
github.com/casapps/casrad/src/server/service/i18n.go:163.2,163.33 1 0
github.com/casapps/casrad/src/server/service/i18n.go:168.73,178.2 1 0
github.com/casapps/casrad/src/server/service/i18n.go:181.65,184.29 2 0
github.com/casapps/casrad/src/server/service/i18n.go:184.29,188.26 2 0
github.com/casapps/casrad/src/server/service/i18n.go:188.26,190.4 1 0
github.com/casapps/casrad/src/server/service/i18n.go:192.3,192.47 1 0
github.com/casapps/casrad/src/server/service/i18n.go:192.47,194.31 2 0
[...]
github.com/casapps/casrad/src/server/service/update.go:280.21,281.26 1 0
github.com/casapps/casrad/src/server/service/update.go:281.26,282.27 1 0
github.com/casapps/casrad/src/server/service/update.go:282.27,284.6 1 0
github.com/casapps/casrad/src/server/service/update.go:286.4,286.15 1 0
github.com/casapps/casrad/src/server/service/update.go:288.3,288.15 1 0
github.com/casapps/casrad/src/server/service/update.go:291.2,291.14 1 0
github.com/casapps/casrad/src/server/service/update.go:295.64,303.2 3 0
github.com/casapps/casrad/src/server/service/update.go:306.73,310.31 2 0
github.com/casapps/casrad/src/server/service/update.go:310.31,312.3 1 0
github.com/casapps/casrad/src/server/service/update.go:314.2,314.31 1 0
github.com/casapps/casrad/src/server/service/update.go:314.31,315.33 1 0
github.com/casapps/casrad/src/server/service/update.go:315.33,317.4 1 0
github.com/casapps/casrad/src/server/service/update.go:320.2,320.14 1 0
github.com/casapps/casrad/src/server/service/update.go:325.63,327.16 2 0
github.com/casapps/casrad/src/server/service/update.go:327.16,330.3 2 0
github.com/casapps/casrad/src/server/service/update.go:331.2,334.15 3 0
github.com/casapps/casrad/src/server/service/update.go:334.15,338.3 3 0
github.com/casapps/casrad/src/server/service/update.go:340.2,340.43 1 0
github.com/casapps/casrad/src/server/service/update.go:340.43,342.3 1 0
github.com/casapps/casrad/src/server/service/update.go:345.2,348.16 3 0
github.com/casapps/casrad/src/server/service/update.go:348.16,351.3 2 0
github.com/casapps/casrad/src/server/service/update.go:352.2,354.38 2 0
github.com/casapps/casrad/src/server/service/update.go:354.38,357.3 2 0
github.com/casapps/casrad/src/server/service/update.go:360.2,362.16 3 0
github.com/casapps/casrad/src/server/service/update.go:362.16,365.3 2 0
github.com/casapps/casrad/src/server/service/update.go:367.2,369.16 3 0
github.com/casapps/casrad/src/server/service/update.go:369.16,373.3 3 0
github.com/casapps/casrad/src/server/service/update.go:376.2,376.49 1 0
github.com/casapps/casrad/src/server/service/update.go:376.49,380.3 3 0
github.com/casapps/casrad/src/server/service/update.go:383.2,389.57 4 0
github.com/casapps/casrad/src/server/service/update.go:389.57,393.3 3 0
github.com/casapps/casrad/src/server/service/update.go:395.2,395.58 1 0
github.com/casapps/casrad/src/server/service/update.go:395.58,400.3 3 0
github.com/casapps/casrad/src/server/service/update.go:403.2,406.12 3 0
github.com/casapps/casrad/src/server/service/update.go:410.54,414.2 3 0
github.com/casapps/casrad/src/server/service/update.go:417.51,421.2 3 0
github.com/casapps/casrad/src/server/service/update.go:424.51,428.2 3 0
github.com/casapps/casrad/src/server/service/update.go:431.52,433.2 1 0
github.com/casapps/casrad/src/server/service/update.go:436.48,438.2 1 0
github.com/casapps/casrad/src/server/service/update.go:441.47,443.31 2 0
github.com/casapps/casrad/src/server/service/update.go:443.31,445.3 1 0
github.com/casapps/casrad/src/server/service/update.go:446.2,446.13 1 0
github.com/casapps/casrad/src/server/service/update.go:450.48,454.25 3 0
github.com/casapps/casrad/src/server/service/update.go:454.25,456.3 1 0
github.com/casapps/casrad/src/server/service/update.go:458.2,458.58 1 0
github.com/casapps/casrad/src/server/service/update.go:462.42,463.33 1 0
github.com/casapps/casrad/src/server/service/update.go:464.33,465.13 1 0
github.com/casapps/casrad/src/server/service/update.go:466.10,467.26 1 0
github.com/casapps/casrad/src/server/service/update.go:472.47,474.2 1 0
github.com/casapps/casrad/src/server/service/user.go:83.86,89.2 1 0
github.com/casapps/casrad/src/server/service/user.go:92.104,98.2 1 0
github.com/casapps/casrad/src/server/service/user.go:101.63,105.42 2 0
github.com/casapps/casrad/src/server/service/user.go:105.42,107.3 1 0
github.com/casapps/casrad/src/server/service/user.go:110.2,110.32 1 0
github.com/casapps/casrad/src/server/service/user.go:110.32,112.3 1 0
github.com/casapps/casrad/src/server/service/user.go:115.2,115.74 1 0
github.com/casapps/casrad/src/server/service/user.go:115.74,117.3 1 0
github.com/casapps/casrad/src/server/service/user.go:120.2,121.72 1 0
github.com/casapps/casrad/src/server/service/user.go:121.72,123.3 1 0
github.com/casapps/casrad/src/server/service/user.go:125.2,125.12 1 0
github.com/casapps/casrad/src/server/service/user.go:129.57,131.46 2 0
github.com/casapps/casrad/src/server/service/user.go:131.46,133.3 1 0
github.com/casapps/casrad/src/server/service/user.go:134.2,134.12 1 0
github.com/casapps/casrad/src/server/service/user.go:138.63,142.2 1 0
github.com/casapps/casrad/src/server/service/user.go:145.104,150.53 3 0
github.com/casapps/casrad/src/server/service/user.go:150.53,152.3 1 0
github.com/casapps/casrad/src/server/service/user.go:153.2,153.47 1 0
github.com/casapps/casrad/src/server/service/user.go:153.47,155.3 1 0
github.com/casapps/casrad/src/server/service/user.go:156.2,156.53 1 0
github.com/casapps/casrad/src/server/service/user.go:156.53,158.3 1 0
github.com/casapps/casrad/src/server/service/user.go:161.2,162.16 2 0
github.com/casapps/casrad/src/server/service/user.go:162.16,164.3 1 0
github.com/casapps/casrad/src/server/service/user.go:165.2,165.25 1 0
github.com/casapps/casrad/src/server/service/user.go:165.25,167.3 1 0
github.com/casapps/casrad/src/server/service/user.go:170.2,171.16 2 0
github.com/casapps/casrad/src/server/service/user.go:171.16,173.3 1 0
github.com/casapps/casrad/src/server/service/user.go:174.2,174.26 1 0
github.com/casapps/casrad/src/server/service/user.go:174.26,176.3 1 0
github.com/casapps/casrad/src/server/service/user.go:179.2,180.16 2 0
github.com/casapps/casrad/src/server/service/user.go:180.16,182.3 1 0
github.com/casapps/casrad/src/server/service/user.go:183.2,183.25 1 0
github.com/casapps/casrad/src/server/service/user.go:183.25,185.3 1 0
github.com/casapps/casrad/src/server/service/user.go:188.2,189.16 2 0
github.com/casapps/casrad/src/server/service/user.go:189.16,191.3 1 0
github.com/casapps/casrad/src/server/service/user.go:192.2,192.26 1 0
github.com/casapps/casrad/src/server/service/user.go:192.26,194.3 1 0
github.com/casapps/casrad/src/server/service/user.go:197.2,198.16 2 0
github.com/casapps/casrad/src/server/service/user.go:198.16,200.3 1 0
github.com/casapps/casrad/src/server/service/user.go:203.2,204.57 2 0
github.com/casapps/casrad/src/server/service/user.go:204.57,206.3 1 0
github.com/casapps/casrad/src/server/service/user.go:209.2,224.16 3 0
github.com/casapps/casrad/src/server/service/user.go:224.16,226.3 1 0
github.com/casapps/casrad/src/server/service/user.go:228.2,228.16 1 0
github.com/casapps/casrad/src/server/service/user.go:232.105,237.53 3 0
github.com/casapps/casrad/src/server/service/user.go:237.53,239.3 1 0
github.com/casapps/casrad/src/server/service/user.go:240.2,240.47 1 0
github.com/casapps/casrad/src/server/service/user.go:240.47,242.3 1 0
github.com/casapps/casrad/src/server/service/user.go:243.2,243.53 1 0
github.com/casapps/casrad/src/server/service/user.go:243.53,245.3 1 0
github.com/casapps/casrad/src/server/service/user.go:248.2,249.16 2 0
github.com/casapps/casrad/src/server/service/user.go:249.16,251.3 1 0
github.com/casapps/casrad/src/server/service/user.go:252.2,252.26 1 0
github.com/casapps/casrad/src/server/service/user.go:252.26,254.3 1 0
github.com/casapps/casrad/src/server/service/user.go:257.2,258.16 2 0
github.com/casapps/casrad/src/server/service/user.go:258.16,260.3 1 0
github.com/casapps/casrad/src/server/service/user.go:261.2,261.25 1 0
github.com/casapps/casrad/src/server/service/user.go:261.25,263.3 1 0
github.com/casapps/casrad/src/server/service/user.go:266.2,267.16 2 0
github.com/casapps/casrad/src/server/service/user.go:267.16,269.3 1 0
github.com/casapps/casrad/src/server/service/user.go:270.2,270.26 1 0
github.com/casapps/casrad/src/server/service/user.go:270.26,272.3 1 0
github.com/casapps/casrad/src/server/service/user.go:275.2,276.16 2 0
github.com/casapps/casrad/src/server/service/user.go:276.16,278.3 1 0
github.com/casapps/casrad/src/server/service/user.go:279.2,279.25 1 0
github.com/casapps/casrad/src/server/service/user.go:279.25,281.3 1 0
github.com/casapps/casrad/src/server/service/user.go:284.2,285.16 2 0
github.com/casapps/casrad/src/server/service/user.go:285.16,287.3 1 0
github.com/casapps/casrad/src/server/service/user.go:290.2,300.16 3 0
github.com/casapps/casrad/src/server/service/user.go:300.16,302.3 1 0
github.com/casapps/casrad/src/server/service/user.go:304.2,304.16 1 0
github.com/casapps/casrad/src/server/service/user.go:308.67,320.27 2 0
github.com/casapps/casrad/src/server/service/user.go:320.27,321.48 1 0
github.com/casapps/casrad/src/server/service/user.go:321.48,323.4 1 0
github.com/casapps/casrad/src/server/service/user.go:326.2,326.12 1 0
github.com/casapps/casrad/src/server/service/user.go:330.87,332.16 2 0
github.com/casapps/casrad/src/server/service/user.go:332.16,334.3 1 0
github.com/casapps/casrad/src/server/service/user.go:335.2,335.17 1 0
github.com/casapps/casrad/src/server/service/user.go:335.17,337.3 1 0
github.com/casapps/casrad/src/server/service/user.go:338.2,338.18 1 0
github.com/casapps/casrad/src/server/service/user.go:342.100,344.16 2 0
github.com/casapps/casrad/src/server/service/user.go:344.16,346.3 1 0
github.com/casapps/casrad/src/server/service/user.go:347.2,347.17 1 0
github.com/casapps/casrad/src/server/service/user.go:347.17,349.3 1 0
github.com/casapps/casrad/src/server/service/user.go:350.2,350.18 1 0
github.com/casapps/casrad/src/server/service/user.go:354.107,356.16 2 0
github.com/casapps/casrad/src/server/service/user.go:356.16,358.3 1 0
github.com/casapps/casrad/src/server/service/user.go:359.2,359.17 1 0
github.com/casapps/casrad/src/server/service/user.go:359.17,361.3 1 0
github.com/casapps/casrad/src/server/service/user.go:364.2,364.34 1 0
github.com/casapps/casrad/src/server/service/user.go:364.34,365.14 1 0
github.com/casapps/casrad/src/server/service/user.go:366.27,367.35 1 0
github.com/casapps/casrad/src/server/service/user.go:367.35,369.5 1 0
github.com/casapps/casrad/src/server/service/user.go:370.14,371.35 1 0
github.com/casapps/casrad/src/server/service/user.go:371.35,373.5 1 0
github.com/casapps/casrad/src/server/service/user.go:374.18,375.35 1 0
github.com/casapps/casrad/src/server/service/user.go:375.35,377.5 1 0
github.com/casapps/casrad/src/server/service/user.go:378.19,379.35 1 0
github.com/casapps/casrad/src/server/service/user.go:379.35,381.5 1 0
github.com/casapps/casrad/src/server/service/user.go:382.21,383.35 1 0
github.com/casapps/casrad/src/server/service/user.go:383.35,385.5 1 0
github.com/casapps/casrad/src/server/service/user.go:386.19,387.35 1 0
github.com/casapps/casrad/src/server/service/user.go:387.35,389.5 1 0
github.com/casapps/casrad/src/server/service/user.go:393.2,394.38 2 0
github.com/casapps/casrad/src/server/service/user.go:398.99,399.56 1 0
github.com/casapps/casrad/src/server/service/user.go:399.56,401.3 1 0
github.com/casapps/casrad/src/server/service/user.go:403.2,404.16 2 0
github.com/casapps/casrad/src/server/service/user.go:404.16,406.3 1 0
github.com/casapps/casrad/src/server/service/user.go:407.2,407.17 1 0
github.com/casapps/casrad/src/server/service/user.go:407.17,409.3 1 0
github.com/casapps/casrad/src/server/service/user.go:411.2,412.16 2 0
github.com/casapps/casrad/src/server/service/user.go:412.16,414.3 1 0
github.com/casapps/casrad/src/server/service/user.go:416.2,418.38 3 0
github.com/casapps/casrad/src/server/service/user.go:422.75,424.16 2 0
github.com/casapps/casrad/src/server/service/user.go:424.16,426.3 1 0
github.com/casapps/casrad/src/server/service/user.go:427.2,427.17 1 0
github.com/casapps/casrad/src/server/service/user.go:427.17,429.3 1 0
github.com/casapps/casrad/src/server/service/user.go:432.2,432.56 1 0
github.com/casapps/casrad/src/server/service/user.go:432.56,434.3 1 0
github.com/casapps/casrad/src/server/service/user.go:438.2,438.30 1 0
github.com/casapps/casrad/src/server/service/user.go:438.30,440.3 1 0
github.com/casapps/casrad/src/server/service/user.go:442.2,442.12 1 0
github.com/casapps/casrad/src/server/service/user.go:446.103,447.16 1 0
github.com/casapps/casrad/src/server/service/user.go:447.16,449.3 1 0
github.com/casapps/casrad/src/server/service/user.go:450.2,450.17 1 0
github.com/casapps/casrad/src/server/service/user.go:450.17,452.3 1 0
github.com/casapps/casrad/src/server/service/user.go:453.2,453.46 1 0
github.com/casapps/casrad/src/server/service/user.go:457.76,459.16 2 0
github.com/casapps/casrad/src/server/service/user.go:459.16,461.3 1 0
github.com/casapps/casrad/src/server/service/user.go:462.2,462.17 1 0
github.com/casapps/casrad/src/server/service/user.go:462.17,464.3 1 0
github.com/casapps/casrad/src/server/service/user.go:466.2,468.38 3 0
github.com/casapps/casrad/src/server/service/user.go:472.91,474.16 2 0
github.com/casapps/casrad/src/server/service/user.go:474.16,476.3 1 0
github.com/casapps/casrad/src/server/service/user.go:477.2,477.17 1 0
github.com/casapps/casrad/src/server/service/user.go:477.17,479.3 1 0
github.com/casapps/casrad/src/server/service/user.go:481.2,483.38 3 0
github.com/casapps/casrad/src/server/service/user.go:487.99,489.16 2 0
github.com/casapps/casrad/src/server/service/user.go:489.16,491.3 1 0
github.com/casapps/casrad/src/server/service/user.go:492.2,492.17 1 0
github.com/casapps/casrad/src/server/service/user.go:492.17,494.3 1 0
github.com/casapps/casrad/src/server/service/user.go:496.2,498.38 3 0
github.com/casapps/casrad/src/server/service/user.go:502.105,504.16 2 0
github.com/casapps/casrad/src/server/service/user.go:504.16,506.3 1 0
github.com/casapps/casrad/src/server/service/user.go:507.2,507.17 1 0
github.com/casapps/casrad/src/server/service/user.go:507.17,509.3 1 0
github.com/casapps/casrad/src/server/service/user.go:511.2,511.68 1 0
github.com/casapps/casrad/src/server/service/user.go:511.68,513.3 1 0
github.com/casapps/casrad/src/server/service/user.go:515.2,515.12 1 0
github.com/casapps/casrad/src/server/service/validation.go:123.37,125.2 1 1
github.com/casapps/casrad/src/server/service/validation.go:128.36,129.31 1 1
github.com/casapps/casrad/src/server/service/validation.go:129.31,130.19 1 1
github.com/casapps/casrad/src/server/service/validation.go:130.19,132.4 1 1
github.com/casapps/casrad/src/server/service/validation.go:137.41,143.2 3 1
github.com/casapps/casrad/src/server/service/validation.go:150.46,152.61 1 1
github.com/casapps/casrad/src/server/service/validation.go:152.61,154.3 1 1
github.com/casapps/casrad/src/server/service/validation.go:157.2,157.75 1 1
github.com/casapps/casrad/src/server/service/validation.go:157.75,159.3 1 1
github.com/casapps/casrad/src/server/service/validation.go:162.2,162.23 1 1
github.com/casapps/casrad/src/server/service/validation.go:162.23,164.3 1 1
github.com/casapps/casrad/src/server/service/validation.go:167.2,167.25 1 1
github.com/casapps/casrad/src/server/service/validation.go:167.25,169.3 1 1
github.com/casapps/casrad/src/server/service/validation.go:172.2,172.48 1 1
github.com/casapps/casrad/src/server/service/validation.go:172.48,174.3 1 1
github.com/casapps/casrad/src/server/service/validation.go:176.2,176.12 1 1
github.com/casapps/casrad/src/server/service/validation.go:185.56,190.23 2 1
github.com/casapps/casrad/src/server/service/validation.go:190.23,192.3 1 1
github.com/casapps/casrad/src/server/service/validation.go:195.2,195.24 1 1
github.com/casapps/casrad/src/server/service/validation.go:195.24,197.3 1 1
github.com/casapps/casrad/src/server/service/validation.go:200.2,200.47 1 1
github.com/casapps/casrad/src/server/service/validation.go:200.47,202.3 1 1
github.com/casapps/casrad/src/server/service/validation.go:205.2,205.50 1 1
github.com/casapps/casrad/src/server/service/validation.go:205.50,207.3 1 1
github.com/casapps/casrad/src/server/service/validation.go:209.2,209.22 1 1
github.com/casapps/casrad/src/server/service/validation.go:214.50,222.17 3 1
github.com/casapps/casrad/src/server/service/validation.go:222.17,224.3 1 1
github.com/casapps/casrad/src/server/service/validation.go:227.2,227.22 1 1
github.com/casapps/casrad/src/server/service/validation.go:227.22,229.3 1 0
github.com/casapps/casrad/src/server/service/validation.go:232.2,232.41 1 1
github.com/casapps/casrad/src/server/service/validation.go:232.41,234.3 1 1
github.com/casapps/casrad/src/server/service/validation.go:236.2,236.19 1 1
github.com/casapps/casrad/src/server/service/validation.go:243.78,248.29 2 1
github.com/casapps/casrad/src/server/service/validation.go:248.29,250.3 1 1
github.com/casapps/casrad/src/server/service/validation.go:253.2,253.39 1 1
github.com/casapps/casrad/src/server/service/validation.go:253.39,255.3 1 1
github.com/casapps/casrad/src/server/service/validation.go:257.2,257.19 1 1
github.com/casapps/casrad/src/server/service/validation.go:261.78,266.25 2 1
github.com/casapps/casrad/src/server/service/validation.go:266.25,268.3 1 1
github.com/casapps/casrad/src/server/service/validation.go:271.2,271.39 1 1
github.com/casapps/casrad/src/server/service/validation.go:271.39,273.3 1 1
github.com/casapps/casrad/src/server/service/validation.go:275.2,275.19 1 1
github.com/casapps/casrad/src/server/service/validation.go:279.47,292.30 6 1
github.com/casapps/casrad/src/server/service/validation.go:292.30,294.3 1 1
github.com/casapps/casrad/src/server/service/validation.go:296.2,296.17 1 1
github.com/casapps/casrad/src/server/service/validation.go:300.37,306.45 3 1
github.com/casapps/casrad/src/server/service/validation.go:306.45,308.3 1 1
github.com/casapps/casrad/src/server/service/validation.go:309.2,309.39 1 1
github.com/casapps/casrad/src/server/service/validation.go:309.39,311.3 1 1
github.com/casapps/casrad/src/server/service/validation.go:312.2,312.43 1 1
github.com/casapps/casrad/src/server/service/validation.go:312.43,314.3 1 1
github.com/casapps/casrad/src/server/service/validation.go:316.2,316.12 1 1
github.com/casapps/casrad/src/server/service/validation.go:320.45,326.2 3 1
github.com/casapps/casrad/src/server/service/validation.go:329.37,332.2 2 1
github.com/casapps/casrad/src/server/service/validation.go:335.38,342.2 6 1
github.com/casapps/casrad/src/server/service/validation.go:351.46,356.2 1 1
github.com/casapps/casrad/src/server/service/validation.go:359.60,362.2 2 1
github.com/casapps/casrad/src/server/service/validation.go:365.45,367.2 1 1
github.com/casapps/casrad/src/server/service/validation.go:370.96,374.66 2 1
github.com/casapps/casrad/src/server/service/validation.go:374.66,376.3 1 1
github.com/casapps/casrad/src/server/service/validation.go:376.8,378.3 1 1
github.com/casapps/casrad/src/server/service/validation.go:381.2,381.57 1 1
github.com/casapps/casrad/src/server/service/validation.go:381.57,383.3 1 1
github.com/casapps/casrad/src/server/service/validation.go:383.8,385.3 1 1
github.com/casapps/casrad/src/server/service/validation.go:388.2,388.51 1 1
github.com/casapps/casrad/src/server/service/validation.go:388.51,390.3 1 1
github.com/casapps/casrad/src/server/service/validation.go:393.2,393.33 1 1
github.com/casapps/casrad/src/server/service/validation.go:393.33,395.3 1 1
github.com/casapps/casrad/src/server/service/validation.go:397.2,397.15 1 1
github.com/casapps/casrad/src/server/service/validation.go:401.67,407.22 3 1
github.com/casapps/casrad/src/server/service/validation.go:407.22,409.3 1 1
github.com/casapps/casrad/src/server/service/validation.go:413.2,413.20 1 1
github.com/casapps/casrad/src/server/service/validation.go:413.20,415.3 1 1
github.com/casapps/casrad/src/server/service/validation.go:415.8,416.62 1 1
github.com/casapps/casrad/src/server/service/validation.go:416.62,418.4 1 1
github.com/casapps/casrad/src/server/service/validation.go:419.3,419.76 1 1
github.com/casapps/casrad/src/server/service/validation.go:419.76,421.4 1 1
github.com/casapps/casrad/src/server/service/validation.go:424.2,424.15 1 1
