mode: set
github.com/casapps/casrad/src/config/bool.go:41.57,44.13 2 0
github.com/casapps/casrad/src/config/bool.go:44.13,46.3 1 0
github.com/casapps/casrad/src/config/bool.go:48.2,48.21 1 0
github.com/casapps/casrad/src/config/bool.go:48.21,50.3 1 0
github.com/casapps/casrad/src/config/bool.go:52.2,52.20 1 0
github.com/casapps/casrad/src/config/bool.go:52.20,54.3 1 0
github.com/casapps/casrad/src/config/bool.go:56.2,56.58 1 0
github.com/casapps/casrad/src/config/bool.go:61.52,63.16 2 0
github.com/casapps/casrad/src/config/bool.go:63.16,64.13 1 0
github.com/casapps/casrad/src/config/bool.go:66.2,66.12 1 0
github.com/casapps/casrad/src/config/bool.go:71.30,73.2 1 0
github.com/casapps/casrad/src/config/bool.go:77.29,79.2 1 0
github.com/casapps/casrad/src/config/config.go:109.30,167.53 2 0
github.com/casapps/casrad/src/config/config.go:167.53,169.3 1 0
github.com/casapps/casrad/src/config/config.go:170.2,170.50 1 0
github.com/casapps/casrad/src/config/config.go:170.50,171.47 1 0
github.com/casapps/casrad/src/config/config.go:171.47,173.4 1 0
github.com/casapps/casrad/src/config/config.go:175.2,175.66 1 0
github.com/casapps/casrad/src/config/config.go:175.66,176.51 1 0
github.com/casapps/casrad/src/config/config.go:176.51,178.4 1 0
github.com/casapps/casrad/src/config/config.go:181.2,184.59 2 0
github.com/casapps/casrad/src/config/config.go:184.59,186.3 1 0
github.com/casapps/casrad/src/config/config.go:187.2,187.50 1 0
github.com/casapps/casrad/src/config/config.go:187.50,189.3 1 0
github.com/casapps/casrad/src/config/config.go:189.8,189.44 1 0
github.com/casapps/casrad/src/config/config.go:189.44,191.3 1 0
github.com/casapps/casrad/src/config/config.go:194.2,194.62 1 0
github.com/casapps/casrad/src/config/config.go:194.62,196.3 1 0
github.com/casapps/casrad/src/config/config.go:197.2,197.53 1 0
github.com/casapps/casrad/src/config/config.go:197.53,199.3 1 0
github.com/casapps/casrad/src/config/config.go:202.2,202.50 1 0
github.com/casapps/casrad/src/config/config.go:202.50,204.3 1 0
github.com/casapps/casrad/src/config/config.go:205.2,205.56 1 0
github.com/casapps/casrad/src/config/config.go:205.56,207.3 1 0
github.com/casapps/casrad/src/config/config.go:210.2,210.62 1 0
github.com/casapps/casrad/src/config/config.go:210.62,212.3 1 0
github.com/casapps/casrad/src/config/config.go:213.2,213.65 1 0
github.com/casapps/casrad/src/config/config.go:213.65,214.50 1 0
github.com/casapps/casrad/src/config/config.go:214.50,216.4 1 0
github.com/casapps/casrad/src/config/config.go:219.2,219.17 1 0
github.com/casapps/casrad/src/config/path.go:27.41,28.17 1 0
github.com/casapps/casrad/src/config/path.go:28.17,30.3 1 0
github.com/casapps/casrad/src/config/path.go:33.2,39.37 3 0
github.com/casapps/casrad/src/config/path.go:39.37,41.3 1 0
github.com/casapps/casrad/src/config/path.go:43.2,43.16 1 0
github.com/casapps/casrad/src/config/path.go:47.48,48.19 1 0
github.com/casapps/casrad/src/config/path.go:48.19,50.3 1 0
github.com/casapps/casrad/src/config/path.go:51.2,51.23 1 0
github.com/casapps/casrad/src/config/path.go:51.23,53.3 1 0
github.com/casapps/casrad/src/config/path.go:54.2,54.44 1 0
github.com/casapps/casrad/src/config/path.go:54.44,56.3 1 0
github.com/casapps/casrad/src/config/path.go:57.2,57.39 1 0
github.com/casapps/casrad/src/config/path.go:57.39,59.3 1 0
github.com/casapps/casrad/src/config/path.go:60.2,60.12 1 0
github.com/casapps/casrad/src/config/path.go:64.35,65.19 1 0
github.com/casapps/casrad/src/config/path.go:65.19,67.3 1 0
github.com/casapps/casrad/src/config/path.go:70.2,70.31 1 0
github.com/casapps/casrad/src/config/path.go:70.31,72.3 1 0
github.com/casapps/casrad/src/config/path.go:75.2,76.31 2 0
github.com/casapps/casrad/src/config/path.go:76.31,77.16 1 0
github.com/casapps/casrad/src/config/path.go:77.16,79.12 1 0
github.com/casapps/casrad/src/config/path.go:81.3,81.50 1 0
github.com/casapps/casrad/src/config/path.go:81.50,83.4 1 0
github.com/casapps/casrad/src/config/path.go:86.2,86.12 1 0
github.com/casapps/casrad/src/config/path.go:90.45,91.44 1 0
github.com/casapps/casrad/src/config/path.go:91.44,93.3 1 0
github.com/casapps/casrad/src/config/path.go:94.2,94.34 1 0
github.com/casapps/casrad/src/config/path.go:98.61,101.16 2 0
github.com/casapps/casrad/src/config/path.go:101.16,103.3 1 0
github.com/casapps/casrad/src/config/path.go:106.2,110.16 3 0
github.com/casapps/casrad/src/config/path.go:110.16,112.3 1 0
github.com/casapps/casrad/src/config/path.go:114.2,115.16 2 0
github.com/casapps/casrad/src/config/path.go:115.16,117.3 1 0
github.com/casapps/casrad/src/config/path.go:120.2,120.91 1 0
github.com/casapps/casrad/src/config/path.go:120.91,122.3 1 0
github.com/casapps/casrad/src/config/path.go:124.2,124.21 1 0
github.com/casapps/casrad/src/mode/mode.go:26.18,28.2 1 0
github.com/casapps/casrad/src/mode/mode.go:31.17,33.2 1 0
github.com/casapps/casrad/src/mode/mode.go:36.29,38.2 1 0
github.com/casapps/casrad/src/mode/mode.go:41.21,43.2 1 0
github.com/casapps/casrad/src/mode/mode.go:46.27,48.2 1 0
github.com/casapps/casrad/src/mode/mode.go:51.26,53.2 1 0
github.com/casapps/casrad/src/mode/mode.go:57.32,58.47 1 0
github.com/casapps/casrad/src/mode/mode.go:59.28,60.21 1 0
github.com/casapps/casrad/src/mode/mode.go:61.28,62.20 1 0
github.com/casapps/casrad/src/mode/mode.go:63.10,64.20 1 0
github.com/casapps/casrad/src/mode/mode.go:69.21,71.2 1 0
github.com/casapps/casrad/src/mode/mode.go:74.26,76.2 1 0
github.com/casapps/casrad/src/mode/mode.go:80.13,83.2 2 0
github.com/casapps/casrad/src/graphql/graphql.go:22.39,27.2 1 0
github.com/casapps/casrad/src/graphql/graphql.go:57.41,58.71 1 0
github.com/casapps/casrad/src/graphql/graphql.go:58.71,63.19 3 0
github.com/casapps/casrad/src/graphql/graphql.go:64.24,65.63 1 0
github.com/casapps/casrad/src/graphql/graphql.go:65.63,68.5 2 0
github.com/casapps/casrad/src/graphql/graphql.go:69.23,72.58 3 0
github.com/casapps/casrad/src/graphql/graphql.go:72.58,74.5 1 0
github.com/casapps/casrad/src/graphql/graphql.go:75.11,77.10 2 0
github.com/casapps/casrad/src/graphql/graphql.go:80.3,80.22 1 0
github.com/casapps/casrad/src/graphql/graphql.go:80.22,83.4 2 0
github.com/casapps/casrad/src/graphql/graphql.go:86.3,91.34 3 0
github.com/casapps/casrad/src/graphql/graphql.go:96.71,100.42 2 0
github.com/casapps/casrad/src/graphql/graphql.go:100.42,102.3 1 0
github.com/casapps/casrad/src/graphql/graphql.go:104.2,104.50 1 0
github.com/casapps/casrad/src/graphql/graphql.go:108.110,115.31 4 0
github.com/casapps/casrad/src/graphql/graphql.go:115.31,117.17 2 0
github.com/casapps/casrad/src/graphql/graphql.go:117.17,119.4 1 0
github.com/casapps/casrad/src/graphql/graphql.go:119.9,121.4 1 0
github.com/casapps/casrad/src/graphql/graphql.go:124.2,124.46 1 0
github.com/casapps/casrad/src/graphql/graphql.go:128.113,135.31 4 0
github.com/casapps/casrad/src/graphql/graphql.go:135.31,137.17 2 0
github.com/casapps/casrad/src/graphql/graphql.go:137.17,139.4 1 0
github.com/casapps/casrad/src/graphql/graphql.go:139.9,141.4 1 0
github.com/casapps/casrad/src/graphql/graphql.go:144.2,144.46 1 0
github.com/casapps/casrad/src/graphql/graphql.go:155.45,161.40 3 0
github.com/casapps/casrad/src/graphql/graphql.go:161.40,162.41 1 0
github.com/casapps/casrad/src/graphql/graphql.go:162.41,170.19 3 0
github.com/casapps/casrad/src/graphql/graphql.go:170.19,172.18 2 0
github.com/casapps/casrad/src/graphql/graphql.go:172.18,175.6 2 0
github.com/casapps/casrad/src/graphql/graphql.go:178.4,178.34 1 0
github.com/casapps/casrad/src/graphql/graphql.go:182.2,182.15 1 0
github.com/casapps/casrad/src/graphql/graphql.go:186.48,191.43 3 0
github.com/casapps/casrad/src/graphql/graphql.go:191.43,192.41 1 0
github.com/casapps/casrad/src/graphql/graphql.go:192.41,200.19 3 0
github.com/casapps/casrad/src/graphql/graphql.go:200.19,202.18 2 0
github.com/casapps/casrad/src/graphql/graphql.go:202.18,205.6 2 0
github.com/casapps/casrad/src/graphql/graphql.go:208.4,208.34 1 0
github.com/casapps/casrad/src/graphql/graphql.go:212.2,212.15 1 0
github.com/casapps/casrad/src/graphql/graphql.go:216.38,218.30 2 0
github.com/casapps/casrad/src/graphql/graphql.go:218.30,219.15 1 0
github.com/casapps/casrad/src/graphql/graphql.go:220.12,221.11 1 0
github.com/casapps/casrad/src/graphql/graphql.go:222.12,224.18 2 0
github.com/casapps/casrad/src/graphql/graphql.go:224.18,226.5 1 0
github.com/casapps/casrad/src/graphql/graphql.go:229.2,229.11 1 0
github.com/casapps/casrad/src/graphql/graphql.go:233.60,238.19 3 0
github.com/casapps/casrad/src/graphql/graphql.go:238.19,240.3 1 0
github.com/casapps/casrad/src/graphql/graphql.go:243.2,245.29 2 0
github.com/casapps/casrad/src/graphql/graphql.go:245.29,248.21 3 0
github.com/casapps/casrad/src/graphql/graphql.go:248.21,249.12 1 0
github.com/casapps/casrad/src/graphql/graphql.go:252.3,256.32 3 0
github.com/casapps/casrad/src/graphql/graphql.go:259.2,259.13 1 0
github.com/casapps/casrad/src/graphql/graphql.go:263.40,269.30 5 0
github.com/casapps/casrad/src/graphql/graphql.go:269.30,272.45 2 0
github.com/casapps/casrad/src/graphql/graphql.go:272.45,274.4 1 0
github.com/casapps/casrad/src/graphql/graphql.go:276.3,276.16 1 0
github.com/casapps/casrad/src/graphql/graphql.go:276.16,277.28 1 0
github.com/casapps/casrad/src/graphql/graphql.go:277.28,279.5 1 0
github.com/casapps/casrad/src/graphql/graphql.go:279.10,279.35 1 0
github.com/casapps/casrad/src/graphql/graphql.go:279.35,281.5 1 0
github.com/casapps/casrad/src/graphql/graphql.go:281.10,281.37 1 0
github.com/casapps/casrad/src/graphql/graphql.go:281.37,284.13 3 0
github.com/casapps/casrad/src/graphql/graphql.go:288.3,288.23 1 0
github.com/casapps/casrad/src/graphql/graphql.go:291.2,291.23 1 0
github.com/casapps/casrad/src/graphql/graphql.go:291.23,293.3 1 0
github.com/casapps/casrad/src/graphql/graphql.go:295.2,295.14 1 0
github.com/casapps/casrad/src/graphql/graphql.go:299.39,303.62 2 0
github.com/casapps/casrad/src/graphql/graphql.go:303.62,305.3 1 0
github.com/casapps/casrad/src/graphql/graphql.go:308.2,308.35 1 0
github.com/casapps/casrad/src/graphql/graphql.go:308.35,310.3 1 0
github.com/casapps/casrad/src/graphql/graphql.go:313.2,313.17 1 0
github.com/casapps/casrad/src/graphql/graphql.go:313.17,315.3 1 0
github.com/casapps/casrad/src/graphql/graphql.go:316.2,316.18 1 0
github.com/casapps/casrad/src/graphql/graphql.go:316.18,318.3 1 0
github.com/casapps/casrad/src/graphql/graphql.go:321.2,321.17 1 0
github.com/casapps/casrad/src/graphql/graphql.go:321.17,323.3 1 0
github.com/casapps/casrad/src/graphql/graphql.go:326.2,326.60 1 0
github.com/casapps/casrad/src/graphql/graphql.go:326.60,328.3 1 0
github.com/casapps/casrad/src/graphql/graphql.go:331.2,331.60 1 0
github.com/casapps/casrad/src/graphql/graphql.go:331.60,333.3 1 0
github.com/casapps/casrad/src/graphql/graphql.go:335.2,335.10 1 0
github.com/casapps/casrad/src/graphql/graphql.go:339.40,342.54 2 0
github.com/casapps/casrad/src/graphql/graphql.go:342.54,344.3 1 0
github.com/casapps/casrad/src/graphql/graphql.go:347.2,348.54 2 0
github.com/casapps/casrad/src/graphql/graphql.go:348.54,350.3 1 0
github.com/casapps/casrad/src/graphql/graphql.go:352.2,352.12 1 0
github.com/casapps/casrad/src/graphql/graphql.go:356.41,359.29 3 0
github.com/casapps/casrad/src/graphql/graphql.go:359.29,361.3 1 0
github.com/casapps/casrad/src/graphql/graphql.go:362.2,362.12 1 0
github.com/casapps/casrad/src/graphql/graphql.go:366.125,367.20 1 0
github.com/casapps/casrad/src/graphql/graphql.go:368.16,369.32 1 0
github.com/casapps/casrad/src/graphql/graphql.go:370.12,371.28 1 0
github.com/casapps/casrad/src/graphql/graphql.go:372.16,375.17 3 0
github.com/casapps/casrad/src/graphql/graphql.go:375.17,377.4 1 0
github.com/casapps/casrad/src/graphql/graphql.go:378.3,378.57 1 0
github.com/casapps/casrad/src/graphql/graphql.go:379.15,381.35 2 0
github.com/casapps/casrad/src/graphql/graphql.go:382.16,385.17 3 0
github.com/casapps/casrad/src/graphql/graphql.go:385.17,387.4 1 0
github.com/casapps/casrad/src/graphql/graphql.go:388.3,388.57 1 0
github.com/casapps/casrad/src/graphql/graphql.go:389.15,391.35 2 0
github.com/casapps/casrad/src/graphql/graphql.go:392.17,395.17 3 0
github.com/casapps/casrad/src/graphql/graphql.go:395.17,397.4 1 0
github.com/casapps/casrad/src/graphql/graphql.go:398.3,398.58 1 0
github.com/casapps/casrad/src/graphql/graphql.go:399.16,401.36 2 0
github.com/casapps/casrad/src/graphql/graphql.go:402.19,403.35 1 0
github.com/casapps/casrad/src/graphql/graphql.go:404.18,406.38 2 0
github.com/casapps/casrad/src/graphql/graphql.go:407.20,408.36 1 0
github.com/casapps/casrad/src/graphql/graphql.go:409.19,411.39 2 0
github.com/casapps/casrad/src/graphql/graphql.go:412.16,414.39 2 0
github.com/casapps/casrad/src/graphql/graphql.go:415.10,416.18 1 0
github.com/casapps/casrad/src/graphql/graphql.go:421.128,422.20 1 0
github.com/casapps/casrad/src/graphql/graphql.go:423.15,426.53 3 0
github.com/casapps/casrad/src/graphql/graphql.go:427.16,428.32 1 0
github.com/casapps/casrad/src/graphql/graphql.go:429.24,431.47 2 0
github.com/casapps/casrad/src/graphql/graphql.go:432.24,435.51 3 0
github.com/casapps/casrad/src/graphql/graphql.go:436.24,438.44 2 0
github.com/casapps/casrad/src/graphql/graphql.go:439.23,443.31 4 0
github.com/casapps/casrad/src/graphql/graphql.go:443.31,444.32 1 0
github.com/casapps/casrad/src/graphql/graphql.go:444.32,446.5 1 0
github.com/casapps/casrad/src/graphql/graphql.go:448.3,448.56 1 0
github.com/casapps/casrad/src/graphql/graphql.go:449.23,451.46 2 0
github.com/casapps/casrad/src/graphql/graphql.go:452.10,453.18 1 0
github.com/casapps/casrad/src/graphql/graphql.go:458.80,463.2 2 0
github.com/casapps/casrad/src/graphql/graphql.go:466.42,469.2 2 0
github.com/casapps/casrad/src/graphql/graphql.go:472.51,473.71 1 0
github.com/casapps/casrad/src/graphql/graphql.go:473.71,477.18 2 0
github.com/casapps/casrad/src/graphql/graphql.go:477.18,479.63 2 0
github.com/casapps/casrad/src/graphql/graphql.go:479.64,481.5 0 0
github.com/casapps/casrad/src/graphql/graphql.go:485.3,486.24 2 0
github.com/casapps/casrad/src/graphql/graphql.go:493.40,529.2 2 0
github.com/casapps/casrad/src/graphql/resolvers.go:20.43,22.2 1 0
github.com/casapps/casrad/src/graphql/resolvers.go:27.80,31.2 1 0
github.com/casapps/casrad/src/graphql/resolvers.go:34.76,36.17 2 0
github.com/casapps/casrad/src/graphql/resolvers.go:36.17,38.3 1 0
github.com/casapps/casrad/src/graphql/resolvers.go:40.2,41.16 2 0
github.com/casapps/casrad/src/graphql/resolvers.go:41.16,43.3 1 0
github.com/casapps/casrad/src/graphql/resolvers.go:45.2,53.8 1 0
github.com/casapps/casrad/src/graphql/resolvers.go:57.99,63.2 1 0
github.com/casapps/casrad/src/graphql/resolvers.go:66.90,67.14 1 0
github.com/casapps/casrad/src/graphql/resolvers.go:67.14,69.3 1 0
github.com/casapps/casrad/src/graphql/resolvers.go:70.2,70.17 1 0
github.com/casapps/casrad/src/graphql/resolvers.go:74.99,79.2 1 0
github.com/casapps/casrad/src/graphql/resolvers.go:82.90,83.14 1 0
github.com/casapps/casrad/src/graphql/resolvers.go:83.14,85.3 1 0
github.com/casapps/casrad/src/graphql/resolvers.go:86.2,86.17 1 0
github.com/casapps/casrad/src/graphql/resolvers.go:90.100,95.2 1 0
github.com/casapps/casrad/src/graphql/resolvers.go:98.91,99.14 1 0
github.com/casapps/casrad/src/graphql/resolvers.go:99.14,101.3 1 0
github.com/casapps/casrad/src/graphql/resolvers.go:102.2,102.17 1 0
github.com/casapps/casrad/src/graphql/resolvers.go:106.85,108.17 2 0
github.com/casapps/casrad/src/graphql/resolvers.go:108.17,110.3 1 0
github.com/casapps/casrad/src/graphql/resolvers.go:111.2,111.40 1 0
github.com/casapps/casrad/src/graphql/resolvers.go:115.93,116.14 1 0
github.com/casapps/casrad/src/graphql/resolvers.go:116.14,118.3 1 0
github.com/casapps/casrad/src/graphql/resolvers.go:119.2,119.17 1 0
github.com/casapps/casrad/src/graphql/resolvers.go:123.86,125.2 1 0
github.com/casapps/casrad/src/graphql/resolvers.go:128.94,129.14 1 0
github.com/casapps/casrad/src/graphql/resolvers.go:129.14,131.3 1 0
github.com/casapps/casrad/src/graphql/resolvers.go:132.2,132.17 1 0
github.com/casapps/casrad/src/graphql/resolvers.go:136.94,137.17 1 0
github.com/casapps/casrad/src/graphql/resolvers.go:137.17,143.3 1 0
github.com/casapps/casrad/src/graphql/resolvers.go:145.2,149.8 1 0
github.com/casapps/casrad/src/graphql/resolvers.go:155.108,156.40 1 0
github.com/casapps/casrad/src/graphql/resolvers.go:156.40,158.3 1 0
github.com/casapps/casrad/src/graphql/resolvers.go:161.2,162.16 2 0
github.com/casapps/casrad/src/graphql/resolvers.go:162.16,164.17 2 0
github.com/casapps/casrad/src/graphql/resolvers.go:164.17,166.4 1 0
github.com/casapps/casrad/src/graphql/resolvers.go:170.2,170.50 1 0
github.com/casapps/casrad/src/graphql/resolvers.go:170.50,172.3 1 0
github.com/casapps/casrad/src/graphql/resolvers.go:175.2,188.8 2 0
github.com/casapps/casrad/src/graphql/resolvers.go:192.62,194.2 1 0
github.com/casapps/casrad/src/graphql/resolvers.go:197.118,199.17 2 0
github.com/casapps/casrad/src/graphql/resolvers.go:199.17,201.3 1 0
github.com/casapps/casrad/src/graphql/resolvers.go:203.2,204.16 2 0
github.com/casapps/casrad/src/graphql/resolvers.go:204.16,206.3 1 0
github.com/casapps/casrad/src/graphql/resolvers.go:208.2,218.8 3 0
github.com/casapps/casrad/src/graphql/resolvers.go:222.129,224.17 2 0
github.com/casapps/casrad/src/graphql/resolvers.go:224.17,226.3 1 0
github.com/casapps/casrad/src/graphql/resolvers.go:228.2,228.14 1 0
github.com/casapps/casrad/src/graphql/resolvers.go:228.14,230.3 1 0
github.com/casapps/casrad/src/graphql/resolvers.go:232.2,243.8 4 0
github.com/casapps/casrad/src/graphql/resolvers.go:247.81,249.17 2 0
github.com/casapps/casrad/src/graphql/resolvers.go:249.17,251.3 1 0
github.com/casapps/casrad/src/graphql/resolvers.go:253.2,253.14 1 0
github.com/casapps/casrad/src/graphql/resolvers.go:253.14,255.3 1 0
github.com/casapps/casrad/src/graphql/resolvers.go:257.2,257.18 1 0
github.com/casapps/casrad/src/graphql/resolvers.go:261.125,263.17 2 0
github.com/casapps/casrad/src/graphql/resolvers.go:263.17,265.3 1 0
github.com/casapps/casrad/src/graphql/resolvers.go:267.2,267.22 1 0
github.com/casapps/casrad/src/graphql/resolvers.go:267.22,269.3 1 0
github.com/casapps/casrad/src/graphql/resolvers.go:271.2,278.8 1 0
github.com/casapps/casrad/src/graphql/resolvers.go:282.117,284.17 2 0
github.com/casapps/casrad/src/graphql/resolvers.go:284.17,286.3 1 0
github.com/casapps/casrad/src/graphql/resolvers.go:288.2,289.16 2 0
github.com/casapps/casrad/src/graphql/resolvers.go:289.16,291.3 1 0
github.com/casapps/casrad/src/graphql/resolvers.go:294.2,294.61 1 0
github.com/casapps/casrad/src/graphql/resolvers.go:294.61,296.3 1 0
github.com/casapps/casrad/src/graphql/resolvers.go:297.2,297.71 1 0
github.com/casapps/casrad/src/graphql/resolvers.go:297.71,299.3 1 0
github.com/casapps/casrad/src/graphql/resolvers.go:302.2,302.54 1 0
github.com/casapps/casrad/src/graphql/resolvers.go:302.54,304.3 1 0
github.com/casapps/casrad/src/graphql/resolvers.go:306.2,314.8 1 0
github.com/casapps/casrad/src/graphql/resolvers.go:320.49,324.2 1 0
github.com/casapps/casrad/src/graphql/resolvers.go:327.29,330.2 1 0
github.com/casapps/casrad/src/graphql/theme.go:7.36,8.15 1 0
github.com/casapps/casrad/src/graphql/theme.go:9.15,10.23 1 0
github.com/casapps/casrad/src/graphql/theme.go:11.10,12.22 1 0
github.com/casapps/casrad/src/common/display/detect.go:22.20,24.40 1 0
github.com/casapps/casrad/src/common/display/detect.go:24.40,26.3 1 0
github.com/casapps/casrad/src/common/display/detect.go:29.2,29.18 1 0
github.com/casapps/casrad/src/common/display/detect.go:29.18,32.3 1 0
github.com/casapps/casrad/src/common/display/detect.go:35.2,35.16 1 0
github.com/casapps/casrad/src/common/display/detect.go:39.24,41.16 2 0
github.com/casapps/casrad/src/common/display/detect.go:41.16,43.3 1 0
github.com/casapps/casrad/src/common/display/detect.go:44.2,44.51 1 0
github.com/casapps/casrad/src/common/display/detect.go:48.27,50.2 1 0
github.com/casapps/casrad/src/common/banner/banner.go:29.37,32.9 2 0
github.com/casapps/casrad/src/common/banner/banner.go:33.19,34.26 1 0
github.com/casapps/casrad/src/common/banner/banner.go:35.19,36.29 1 0
github.com/casapps/casrad/src/common/banner/banner.go:37.19,38.29 1 0
github.com/casapps/casrad/src/common/banner/banner.go:39.10,40.27 1 0
github.com/casapps/casrad/src/common/banner/banner.go:45.29,47.30 2 0
github.com/casapps/casrad/src/common/banner/banner.go:47.30,49.3 1 0
github.com/casapps/casrad/src/common/banner/banner.go:50.2,50.14 1 0
github.com/casapps/casrad/src/common/banner/banner.go:54.47,62.31 6 0
github.com/casapps/casrad/src/common/banner/banner.go:62.31,65.3 2 0
github.com/casapps/casrad/src/common/banner/banner.go:67.2,68.25 2 0
github.com/casapps/casrad/src/common/banner/banner.go:68.25,70.3 1 0
github.com/casapps/casrad/src/common/banner/banner.go:71.2,72.17 2 0
github.com/casapps/casrad/src/common/banner/banner.go:76.50,79.31 3 0
github.com/casapps/casrad/src/common/banner/banner.go:79.31,82.3 2 0
github.com/casapps/casrad/src/common/banner/banner.go:83.2,83.17 1 0
github.com/casapps/casrad/src/common/banner/banner.go:87.50,89.31 2 0
github.com/casapps/casrad/src/common/banner/banner.go:89.31,91.3 1 0
github.com/casapps/casrad/src/common/banner/banner.go:95.48,96.23 1 0
github.com/casapps/casrad/src/common/banner/banner.go:96.23,98.3 1 0
github.com/casapps/casrad/src/common/banner/banner.go:98.8,100.3 1 0
github.com/casapps/casrad/src/common/banner/banner.go:104.68,106.27 2 0
github.com/casapps/casrad/src/common/banner/banner.go:106.27,108.3 1 0
github.com/casapps/casrad/src/common/banner/banner.go:110.2,111.11 2 0
github.com/casapps/casrad/src/common/banner/banner.go:111.11,113.3 1 0
github.com/casapps/casrad/src/common/banner/banner.go:115.2,115.14 1 0
github.com/casapps/casrad/src/common/banner/banner.go:115.14,117.3 1 0
github.com/casapps/casrad/src/common/banner/banner.go:117.8,119.3 1 0
github.com/casapps/casrad/src/common/banner/banner.go:123.65,125.27 2 0
github.com/casapps/casrad/src/common/banner/banner.go:125.27,127.3 1 0
github.com/casapps/casrad/src/common/banner/banner.go:129.2,130.11 2 0
github.com/casapps/casrad/src/common/banner/banner.go:130.11,132.3 1 0
github.com/casapps/casrad/src/common/banner/banner.go:134.2,134.43 1 0
github.com/casapps/casrad/src/common/banner/banner.go:138.36,139.9 1 0
github.com/casapps/casrad/src/common/banner/banner.go:140.39,141.23 1 0
github.com/casapps/casrad/src/common/banner/banner.go:142.37,143.23 1 0
github.com/casapps/casrad/src/common/banner/banner.go:144.42,145.23 1 0
github.com/casapps/casrad/src/common/banner/banner.go:146.34,147.23 1 0
github.com/casapps/casrad/src/common/banner/banner.go:148.10,149.23 1 0
github.com/casapps/casrad/src/common/banner/banner.go:154.41,159.2 3 0
github.com/casapps/casrad/src/common/banner/banner.go:162.26,163.12 1 0
github.com/casapps/casrad/src/common/banner/banner.go:163.12,165.3 1 0
github.com/casapps/casrad/src/common/banner/banner.go:166.2,166.31 1 0
github.com/casapps/casrad/src/common/banner/banner.go:170.49,172.16 2 0
github.com/casapps/casrad/src/common/banner/banner.go:172.16,179.3 5 0
github.com/casapps/casrad/src/common/banner/banner.go:181.2,189.210 9 0
github.com/casapps/casrad/src/common/banner/banner.go:193.68,202.2 2 0
github.com/casapps/casrad/src/client/main.go:36.25,37.22 1 0
github.com/casapps/casrad/src/client/main.go:38.17,40.20 2 0
github.com/casapps/casrad/src/client/main.go:40.20,42.4 1 0
github.com/casapps/casrad/src/client/main.go:43.3,43.53 1 0
github.com/casapps/casrad/src/client/main.go:44.10,46.16 2 0
github.com/casapps/casrad/src/client/main.go:46.16,48.4 1 0
github.com/casapps/casrad/src/client/main.go:49.3,50.61 2 0
github.com/casapps/casrad/src/client/main.go:57.42,60.24 3 0
github.com/casapps/casrad/src/client/main.go:60.24,62.3 1 0
github.com/casapps/casrad/src/client/main.go:63.2,63.16 1 0
github.com/casapps/casrad/src/client/main.go:63.16,65.3 1 0
github.com/casapps/casrad/src/client/main.go:68.2,68.31 1 0
github.com/casapps/casrad/src/client/main.go:68.31,70.22 2 0
github.com/casapps/casrad/src/client/main.go:70.22,72.4 1 0
github.com/casapps/casrad/src/client/main.go:75.2,76.16 2 0
github.com/casapps/casrad/src/client/main.go:76.16,78.3 1 0
github.com/casapps/casrad/src/client/main.go:80.2,81.51 2 0
github.com/casapps/casrad/src/client/main.go:81.51,83.3 1 0
github.com/casapps/casrad/src/client/main.go:84.2,84.18 1 0
github.com/casapps/casrad/src/client/main.go:89.85,91.21 1 0
github.com/casapps/casrad/src/client/main.go:91.21,93.3 1 0
github.com/casapps/casrad/src/client/main.go:96.2,96.25 1 0
github.com/casapps/casrad/src/client/main.go:96.25,98.17 2 0
github.com/casapps/casrad/src/client/main.go:98.17,100.4 1 0
github.com/casapps/casrad/src/client/main.go:101.3,101.65 1 0
github.com/casapps/casrad/src/client/main.go:101.65,104.4 1 0
github.com/casapps/casrad/src/client/main.go:105.3,106.17 2 0
github.com/casapps/casrad/src/client/main.go:106.17,108.4 1 0
github.com/casapps/casrad/src/client/main.go:109.3,109.46 1 0
github.com/casapps/casrad/src/client/main.go:113.2,113.49 1 0
github.com/casapps/casrad/src/client/main.go:113.49,115.3 1 0
github.com/casapps/casrad/src/client/main.go:118.2,118.43 1 0
github.com/casapps/casrad/src/client/main.go:118.43,120.3 1 0
github.com/casapps/casrad/src/client/main.go:123.2,125.16 3 0
github.com/casapps/casrad/src/client/main.go:125.16,126.65 1 0
github.com/casapps/casrad/src/client/main.go:126.65,129.4 1 0
github.com/casapps/casrad/src/client/main.go:130.3,131.17 2 0
github.com/casapps/casrad/src/client/main.go:131.17,133.17 2 0
github.com/casapps/casrad/src/client/main.go:133.17,135.5 1 0
github.com/casapps/casrad/src/client/main.go:139.2,139.16 1 0
github.com/casapps/casrad/src/client/main.go:144.43,145.36 1 0
github.com/casapps/casrad/src/client/main.go:146.16,147.15 1 0
github.com/casapps/casrad/src/client/main.go:148.15,149.14 1 0
github.com/casapps/casrad/src/client/main.go:152.2,152.41 1 0
github.com/casapps/casrad/src/client/main.go:152.41,154.3 1 0
github.com/casapps/casrad/src/client/main.go:155.2,155.14 1 0
github.com/casapps/casrad/src/client/main.go:159.57,162.16 3 0
github.com/casapps/casrad/src/client/main.go:162.16,164.3 1 0
github.com/casapps/casrad/src/client/main.go:165.2,166.17 2 0
github.com/casapps/casrad/src/client/main.go:166.17,168.3 1 0
github.com/casapps/casrad/src/client/main.go:170.2,172.16 3 0
github.com/casapps/casrad/src/client/main.go:172.16,174.3 1 0
github.com/casapps/casrad/src/client/main.go:175.2,178.16 3 0
github.com/casapps/casrad/src/client/main.go:178.16,180.3 1 0
github.com/casapps/casrad/src/client/main.go:182.2,182.33 1 0
github.com/casapps/casrad/src/client/main.go:183.14,186.38 2 0
github.com/casapps/casrad/src/client/main.go:186.38,189.4 2 0
github.com/casapps/casrad/src/client/main.go:189.9,191.4 1 0
github.com/casapps/casrad/src/client/main.go:192.10,193.26 1 0
github.com/casapps/casrad/src/client/main.go:195.2,195.12 1 0
github.com/casapps/casrad/src/client/main.go:198.13,218.33 4 0
github.com/casapps/casrad/src/client/main.go:218.33,220.28 2 0
github.com/casapps/casrad/src/client/main.go:220.28,221.23 1 0
github.com/casapps/casrad/src/client/main.go:221.23,224.5 2 0
github.com/casapps/casrad/src/client/main.go:225.4,225.13 1 0
github.com/casapps/casrad/src/client/main.go:228.3,228.14 1 0
github.com/casapps/casrad/src/client/main.go:229.23,230.19 1 0
github.com/casapps/casrad/src/client/main.go:231.26,232.22 1 0
github.com/casapps/casrad/src/client/main.go:233.18,234.25 1 0
github.com/casapps/casrad/src/client/main.go:235.23,236.29 1 0
github.com/casapps/casrad/src/client/main.go:237.19,238.26 1 0
github.com/casapps/casrad/src/client/main.go:239.19,240.26 1 0
github.com/casapps/casrad/src/client/main.go:241.18,242.25 1 0
github.com/casapps/casrad/src/client/main.go:243.17,244.24 1 0
github.com/casapps/casrad/src/client/main.go:245.18,246.25 1 0
github.com/casapps/casrad/src/client/main.go:247.18,248.20 1 0
github.com/casapps/casrad/src/client/main.go:249.17,250.24 1 0
github.com/casapps/casrad/src/client/main.go:251.11,252.42 1 0
github.com/casapps/casrad/src/client/main.go:252.42,254.5 1 0
github.com/casapps/casrad/src/client/main.go:254.10,254.50 1 0
github.com/casapps/casrad/src/client/main.go:254.50,256.5 1 0
github.com/casapps/casrad/src/client/main.go:256.10,256.50 1 0
github.com/casapps/casrad/src/client/main.go:256.50,258.5 1 0
github.com/casapps/casrad/src/client/main.go:258.10,258.49 1 0
github.com/casapps/casrad/src/client/main.go:258.49,260.5 1 0
github.com/casapps/casrad/src/client/main.go:260.10,260.48 1 0
github.com/casapps/casrad/src/client/main.go:260.48,262.5 1 0
github.com/casapps/casrad/src/client/main.go:262.10,262.49 1 0
github.com/casapps/casrad/src/client/main.go:262.49,264.5 1 0
github.com/casapps/casrad/src/client/main.go:264.10,264.48 1 0
github.com/casapps/casrad/src/client/main.go:264.48,266.5 1 0
github.com/casapps/casrad/src/client/main.go:271.2,276.21 5 0
github.com/casapps/casrad/src/client/main.go:276.21,279.3 2 0
github.com/casapps/casrad/src/client/main.go:281.2,281.17 1 0
github.com/casapps/casrad/src/client/main.go:281.17,284.3 2 0
github.com/casapps/casrad/src/client/main.go:286.2,286.14 1 0
github.com/casapps/casrad/src/client/main.go:286.14,319.3 2 0
github.com/casapps/casrad/src/client/main.go:322.2,323.16 2 0
github.com/casapps/casrad/src/client/main.go:323.16,326.3 2 0
github.com/casapps/casrad/src/client/main.go:329.2,330.21 2 0
github.com/casapps/casrad/src/client/main.go:330.21,332.3 1 0
github.com/casapps/casrad/src/client/main.go:333.2,333.45 1 0
github.com/casapps/casrad/src/client/main.go:333.45,335.3 1 0
github.com/casapps/casrad/src/client/main.go:336.2,336.21 1 0
github.com/casapps/casrad/src/client/main.go:336.21,338.3 1 0
github.com/casapps/casrad/src/client/main.go:341.2,342.42 2 0
github.com/casapps/casrad/src/client/main.go:342.42,344.3 1 0
github.com/casapps/casrad/src/client/main.go:347.2,348.16 2 0
github.com/casapps/casrad/src/client/main.go:348.16,351.3 2 0
github.com/casapps/casrad/src/client/main.go:354.2,354.20 1 0
github.com/casapps/casrad/src/client/main.go:354.20,358.3 2 0
github.com/casapps/casrad/src/client/main.go:361.2,362.25 2 0
github.com/casapps/casrad/src/client/main.go:362.25,363.33 1 0
github.com/casapps/casrad/src/client/main.go:363.33,365.9 2 0
github.com/casapps/casrad/src/client/main.go:369.2,369.17 1 0
github.com/casapps/casrad/src/client/main.go:370.16,371.83 1 0
github.com/casapps/casrad/src/client/main.go:371.83,374.4 2 0
github.com/casapps/casrad/src/client/main.go:376.17,377.83 1 0
github.com/casapps/casrad/src/client/main.go:377.83,380.4 2 0
github.com/casapps/casrad/src/client/main.go:382.10,385.13 2 0
github.com/casapps/casrad/src/client/main.go:387.10,390.13 2 0
github.com/casapps/casrad/src/common/theme/colors.go:58.31,59.14 1 0
github.com/casapps/casrad/src/common/theme/colors.go:60.15,61.15 1 0
github.com/casapps/casrad/src/common/theme/colors.go:62.10,63.14 1 0
github.com/casapps/casrad/src/common/theme/colors.go:68.31,86.2 1 0
github.com/casapps/casrad/src/common/terminal/size.go:18.21,20.16 2 0
github.com/casapps/casrad/src/common/terminal/size.go:20.16,23.3 1 0
github.com/casapps/casrad/src/common/terminal/size.go:24.2,24.43 1 0
github.com/casapps/casrad/src/common/terminal/size.go:28.30,30.2 1 0
github.com/casapps/casrad/src/paths/paths.go:35.26,37.2 1 0
github.com/casapps/casrad/src/paths/paths.go:41.24,42.20 1 0
github.com/casapps/casrad/src/paths/paths.go:42.20,44.3 1 0
github.com/casapps/casrad/src/paths/paths.go:45.2,45.26 1 0
github.com/casapps/casrad/src/paths/paths.go:49.34,50.22 1 0
github.com/casapps/casrad/src/paths/paths.go:51.16,63.4 2 0
github.com/casapps/casrad/src/paths/paths.go:65.17,67.24 2 0
github.com/casapps/casrad/src/paths/paths.go:67.24,69.4 1 0
github.com/casapps/casrad/src/paths/paths.go:70.3,82.4 2 0
github.com/casapps/casrad/src/paths/paths.go:84.38,95.4 1 0
github.com/casapps/casrad/src/paths/paths.go:98.10,109.4 1 0
github.com/casapps/casrad/src/paths/paths.go:114.36,117.22 2 0
github.com/casapps/casrad/src/paths/paths.go:118.16,130.4 2 0
github.com/casapps/casrad/src/paths/paths.go:132.17,134.20 2 0
github.com/casapps/casrad/src/paths/paths.go:134.20,136.4 1 0
github.com/casapps/casrad/src/paths/paths.go:137.3,138.25 2 0
github.com/casapps/casrad/src/paths/paths.go:138.25,140.4 1 0
github.com/casapps/casrad/src/paths/paths.go:141.3,154.4 3 0
github.com/casapps/casrad/src/paths/paths.go:156.38,159.23 2 0
github.com/casapps/casrad/src/paths/paths.go:159.23,161.4 1 0
github.com/casapps/casrad/src/paths/paths.go:162.3,163.21 2 0
github.com/casapps/casrad/src/paths/paths.go:163.21,165.4 1 0
github.com/casapps/casrad/src/paths/paths.go:166.3,167.22 2 0
github.com/casapps/casrad/src/paths/paths.go:167.22,169.4 1 0
github.com/casapps/casrad/src/paths/paths.go:170.3,182.4 3 0
github.com/casapps/casrad/src/paths/paths.go:185.10,187.23 2 0
github.com/casapps/casrad/src/paths/paths.go:187.23,189.4 1 0
github.com/casapps/casrad/src/paths/paths.go:190.3,191.21 2 0
github.com/casapps/casrad/src/paths/paths.go:191.21,193.4 1 0
github.com/casapps/casrad/src/paths/paths.go:194.3,195.22 2 0
github.com/casapps/casrad/src/paths/paths.go:195.22,197.4 1 0
github.com/casapps/casrad/src/paths/paths.go:198.3,210.4 3 0
github.com/casapps/casrad/src/paths/paths.go:215.32,230.26 3 0
github.com/casapps/casrad/src/paths/paths.go:230.26,231.14 1 0
github.com/casapps/casrad/src/paths/paths.go:231.14,232.12 1 0
github.com/casapps/casrad/src/paths/paths.go:234.3,234.46 1 0
github.com/casapps/casrad/src/paths/paths.go:234.46,236.4 1 0
github.com/casapps/casrad/src/paths/paths.go:240.2,240.24 1 0
github.com/casapps/casrad/src/paths/paths.go:240.24,242.51 2 0
github.com/casapps/casrad/src/paths/paths.go:242.51,244.4 1 0
github.com/casapps/casrad/src/paths/paths.go:247.2,247.12 1 0
github.com/casapps/casrad/src/paths/paths.go:251.26,253.2 1 0
github.com/casapps/casrad/src/paths/paths.go:256.23,258.2 1 0
github.com/casapps/casrad/src/paths/paths.go:261.24,263.2 1 0
github.com/casapps/casrad/src/paths/paths.go:266.23,268.2 1 0
github.com/casapps/casrad/src/scheduler/scheduler.go:36.23,41.2 1 0
github.com/casapps/casrad/src/scheduler/scheduler.go:44.75,56.8 5 0
github.com/casapps/casrad/src/scheduler/scheduler.go:56.8,59.3 2 0
github.com/casapps/casrad/src/scheduler/scheduler.go:59.8,61.3 1 0
github.com/casapps/casrad/src/scheduler/scheduler.go:63.2,63.22 1 0
github.com/casapps/casrad/src/scheduler/scheduler.go:67.83,71.32 4 0
github.com/casapps/casrad/src/scheduler/scheduler.go:71.32,73.3 1 0
github.com/casapps/casrad/src/scheduler/scheduler.go:77.29,79.15 2 0
github.com/casapps/casrad/src/scheduler/scheduler.go:79.15,82.3 2 0
github.com/casapps/casrad/src/scheduler/scheduler.go:83.2,86.12 3 0
github.com/casapps/casrad/src/scheduler/scheduler.go:90.28,92.16 2 0
github.com/casapps/casrad/src/scheduler/scheduler.go:92.16,95.3 2 0
github.com/casapps/casrad/src/scheduler/scheduler.go:96.2,99.15 3 0
github.com/casapps/casrad/src/scheduler/scheduler.go:103.27,107.6 3 0
github.com/casapps/casrad/src/scheduler/scheduler.go:107.6,108.10 1 0
github.com/casapps/casrad/src/scheduler/scheduler.go:109.17,110.10 1 0
github.com/casapps/casrad/src/scheduler/scheduler.go:111.19,112.12 1 0
github.com/casapps/casrad/src/scheduler/scheduler.go:117.28,122.31 4 0
github.com/casapps/casrad/src/scheduler/scheduler.go:122.31,123.20 1 0
github.com/casapps/casrad/src/scheduler/scheduler.go:123.20,124.12 1 0
github.com/casapps/casrad/src/scheduler/scheduler.go:126.3,126.24 1 0
github.com/casapps/casrad/src/scheduler/scheduler.go:126.24,128.71 1 0
github.com/casapps/casrad/src/scheduler/scheduler.go:128.71,130.5 1 0
github.com/casapps/casrad/src/scheduler/scheduler.go:131.9,133.62 1 0
github.com/casapps/casrad/src/scheduler/scheduler.go:133.62,135.5 1 0
github.com/casapps/casrad/src/scheduler/scheduler.go:140.41,142.39 2 0
github.com/casapps/casrad/src/scheduler/scheduler.go:142.39,144.3 1 0
github.com/casapps/casrad/src/scheduler/scheduler.go:144.8,146.3 1 0
github.com/casapps/casrad/src/scheduler/scheduler.go:147.2,149.23 3 0
github.com/casapps/casrad/src/scheduler/scheduler.go:149.23,151.3 1 0
github.com/casapps/casrad/src/scheduler/scheduler.go:151.8,153.3 1 0
github.com/casapps/casrad/src/scheduler/scheduler.go:154.2,154.15 1 0
github.com/casapps/casrad/src/scheduler/scheduler.go:159.59,161.11 2 0
github.com/casapps/casrad/src/scheduler/scheduler.go:162.17,163.25 1 0
github.com/casapps/casrad/src/scheduler/scheduler.go:164.29,165.30 1 0
github.com/casapps/casrad/src/scheduler/scheduler.go:166.17,167.34 1 0
github.com/casapps/casrad/src/scheduler/scheduler.go:170.2,170.37 1 0
github.com/casapps/casrad/src/scheduler/scheduler.go:170.37,173.26 3 0
github.com/casapps/casrad/src/scheduler/scheduler.go:173.26,175.4 1 0
github.com/casapps/casrad/src/scheduler/scheduler.go:178.2,178.17 1 0
github.com/casapps/casrad/src/scheduler/scheduler.go:184.57,186.21 2 0
github.com/casapps/casrad/src/scheduler/scheduler.go:186.21,188.3 1 0
github.com/casapps/casrad/src/scheduler/scheduler.go:190.2,200.42 6 0
github.com/casapps/casrad/src/scheduler/scheduler.go:204.61,205.18 1 0
github.com/casapps/casrad/src/scheduler/scheduler.go:205.18,207.3 1 0
github.com/casapps/casrad/src/scheduler/scheduler.go:209.2,209.36 1 0
github.com/casapps/casrad/src/scheduler/scheduler.go:209.36,211.30 2 0
github.com/casapps/casrad/src/scheduler/scheduler.go:211.30,213.4 1 0
github.com/casapps/casrad/src/scheduler/scheduler.go:214.3,214.25 1 0
github.com/casapps/casrad/src/scheduler/scheduler.go:217.2,217.34 1 0
github.com/casapps/casrad/src/scheduler/scheduler.go:217.34,218.50 1 0
github.com/casapps/casrad/src/scheduler/scheduler.go:218.50,219.45 1 0
github.com/casapps/casrad/src/scheduler/scheduler.go:219.45,221.5 1 0
github.com/casapps/casrad/src/scheduler/scheduler.go:223.3,223.15 1 0
github.com/casapps/casrad/src/scheduler/scheduler.go:226.2,226.34 1 0
github.com/casapps/casrad/src/scheduler/scheduler.go:226.34,228.27 2 0
github.com/casapps/casrad/src/scheduler/scheduler.go:228.27,231.34 3 0
github.com/casapps/casrad/src/scheduler/scheduler.go:231.34,233.5 1 0
github.com/casapps/casrad/src/scheduler/scheduler.go:235.3,235.15 1 0
github.com/casapps/casrad/src/scheduler/scheduler.go:238.2,239.16 2 0
github.com/casapps/casrad/src/scheduler/scheduler.go:239.16,241.3 1 0
github.com/casapps/casrad/src/scheduler/scheduler.go:242.2,242.19 1 0
github.com/casapps/casrad/src/scheduler/scheduler.go:246.66,250.37 3 0
github.com/casapps/casrad/src/scheduler/scheduler.go:250.37,251.36 1 0
github.com/casapps/casrad/src/scheduler/scheduler.go:251.36,253.4 1 0
github.com/casapps/casrad/src/scheduler/scheduler.go:254.3,254.31 1 0
github.com/casapps/casrad/src/scheduler/scheduler.go:257.2,257.28 1 0
github.com/casapps/casrad/src/scheduler/scheduler.go:263.41,265.54 1 0
github.com/casapps/casrad/src/scheduler/scheduler.go:265.54,268.3 2 0
github.com/casapps/casrad/src/scheduler/scheduler.go:271.2,271.55 1 0
github.com/casapps/casrad/src/scheduler/scheduler.go:271.55,274.3 2 0
github.com/casapps/casrad/src/scheduler/scheduler.go:277.2,277.59 1 0
github.com/casapps/casrad/src/scheduler/scheduler.go:277.59,280.3 2 0
github.com/casapps/casrad/src/scheduler/scheduler.go:283.2,283.53 1 0
github.com/casapps/casrad/src/scheduler/scheduler.go:283.53,286.3 2 0
github.com/casapps/casrad/src/scheduler/scheduler.go:289.2,289.59 1 0
github.com/casapps/casrad/src/scheduler/scheduler.go:289.59,292.3 2 0
github.com/casapps/casrad/src/scheduler/scheduler.go:295.2,295.57 1 0
github.com/casapps/casrad/src/scheduler/scheduler.go:295.57,298.3 2 0
github.com/casapps/casrad/src/scheduler/scheduler.go:301.2,301.55 1 0
github.com/casapps/casrad/src/scheduler/scheduler.go:301.55,304.3 2 0
github.com/casapps/casrad/src/scheduler/scheduler.go:307.2,307.55 1 0
github.com/casapps/casrad/src/scheduler/scheduler.go:307.55,310.3 2 0
github.com/casapps/casrad/src/scheduler/scheduler.go:313.2,313.62 1 0
github.com/casapps/casrad/src/scheduler/scheduler.go:313.62,316.3 2 0
github.com/casapps/casrad/src/scheduler/scheduler.go:319.2,319.59 1 0
github.com/casapps/casrad/src/scheduler/scheduler.go:319.59,322.3 2 0
github.com/casapps/casrad/src/scheduler/scheduler.go:325.2,325.54 1 0
github.com/casapps/casrad/src/scheduler/scheduler.go:325.54,328.3 2 0
github.com/casapps/casrad/src/scheduler/scheduler.go:331.2,331.61 1 0
github.com/casapps/casrad/src/scheduler/scheduler.go:331.61,334.3 2 0
github.com/casapps/casrad/src/main.go:30.43,31.36 1 0
github.com/casapps/casrad/src/main.go:32.16,33.15 1 0
github.com/casapps/casrad/src/main.go:34.15,35.14 1 0
github.com/casapps/casrad/src/main.go:38.2,39.12 2 0
github.com/casapps/casrad/src/main.go:42.13,69.33 19 0
github.com/casapps/casrad/src/main.go:69.33,71.14 2 0
github.com/casapps/casrad/src/main.go:72.23,73.19 1 0
github.com/casapps/casrad/src/main.go:75.26,76.22 1 0
github.com/casapps/casrad/src/main.go:78.19,79.23 1 0
github.com/casapps/casrad/src/main.go:79.23,82.5 2 0
github.com/casapps/casrad/src/main.go:84.23,85.23 1 0
github.com/casapps/casrad/src/main.go:85.23,87.52 2 0
github.com/casapps/casrad/src/main.go:87.52,89.6 1 0
github.com/casapps/casrad/src/main.go:92.26,93.23 1 0
github.com/casapps/casrad/src/main.go:93.23,96.5 2 0
github.com/casapps/casrad/src/main.go:98.23,99.23 1 0
github.com/casapps/casrad/src/main.go:99.23,102.5 2 0
github.com/casapps/casrad/src/main.go:104.17,105.23 1 0
github.com/casapps/casrad/src/main.go:105.23,108.5 2 0
github.com/casapps/casrad/src/main.go:110.18,111.16 1 0
github.com/casapps/casrad/src/main.go:113.18,114.23 1 0
github.com/casapps/casrad/src/main.go:114.23,117.5 2 0
github.com/casapps/casrad/src/main.go:119.17,120.23 1 0
github.com/casapps/casrad/src/main.go:120.23,123.5 2 0
github.com/casapps/casrad/src/main.go:125.18,126.23 1 0
github.com/casapps/casrad/src/main.go:126.23,129.5 2 0
github.com/casapps/casrad/src/main.go:131.20,132.22 1 0
github.com/casapps/casrad/src/main.go:136.49,137.19 1 0
github.com/casapps/casrad/src/main.go:137.19,139.5 1 0
github.com/casapps/casrad/src/main.go:141.24,144.23 2 0
github.com/casapps/casrad/src/main.go:144.23,146.17 2 0
github.com/casapps/casrad/src/main.go:147.40,152.63 3 0
github.com/casapps/casrad/src/main.go:152.63,155.7 2 0
github.com/casapps/casrad/src/main.go:162.2,165.20 2 0
github.com/casapps/casrad/src/main.go:165.20,167.3 1 0
github.com/casapps/casrad/src/main.go:168.2,168.11 1 0
github.com/casapps/casrad/src/main.go:168.11,170.3 1 0
github.com/casapps/casrad/src/main.go:172.2,175.21 2 0
github.com/casapps/casrad/src/main.go:175.21,178.3 2 0
github.com/casapps/casrad/src/main.go:181.2,181.17 1 0
github.com/casapps/casrad/src/main.go:181.17,184.3 2 0
github.com/casapps/casrad/src/main.go:186.2,186.14 1 0
github.com/casapps/casrad/src/main.go:186.14,222.3 2 0
github.com/casapps/casrad/src/main.go:225.2,225.17 1 0
github.com/casapps/casrad/src/main.go:225.17,226.26 1 0
github.com/casapps/casrad/src/main.go:226.26,230.4 3 0
github.com/casapps/casrad/src/main.go:232.3,233.24 2 0
github.com/casapps/casrad/src/main.go:234.18,235.40 1 0
github.com/casapps/casrad/src/main.go:235.40,238.5 2 0
github.com/casapps/casrad/src/main.go:239.4,239.49 1 0
github.com/casapps/casrad/src/main.go:241.20,245.58 4 0
github.com/casapps/casrad/src/main.go:245.58,248.5 2 0
github.com/casapps/casrad/src/main.go:249.4,249.42 1 0
github.com/casapps/casrad/src/main.go:249.42,252.5 2 0
github.com/casapps/casrad/src/main.go:253.4,253.39 1 0
github.com/casapps/casrad/src/main.go:255.17,256.39 1 0
github.com/casapps/casrad/src/main.go:256.39,259.5 2 0
github.com/casapps/casrad/src/main.go:260.4,260.35 1 0
github.com/casapps/casrad/src/main.go:262.18,263.40 1 0
github.com/casapps/casrad/src/main.go:263.40,266.5 2 0
github.com/casapps/casrad/src/main.go:267.4,267.36 1 0
github.com/casapps/casrad/src/main.go:269.17,271.18 2 0
github.com/casapps/casrad/src/main.go:271.18,274.5 2 0
github.com/casapps/casrad/src/main.go:275.4,275.23 1 0
github.com/casapps/casrad/src/main.go:277.18,278.40 1 0
github.com/casapps/casrad/src/main.go:278.40,281.5 2 0
github.com/casapps/casrad/src/main.go:282.4,282.37 1 0
github.com/casapps/casrad/src/main.go:284.16,285.38 1 0
github.com/casapps/casrad/src/main.go:285.38,288.5 2 0
github.com/casapps/casrad/src/main.go:289.4,289.35 1 0
github.com/casapps/casrad/src/main.go:291.15,292.37 1 0
github.com/casapps/casrad/src/main.go:292.37,295.5 2 0
github.com/casapps/casrad/src/main.go:296.4,296.35 1 0
github.com/casapps/casrad/src/main.go:298.11,301.14 3 0
github.com/casapps/casrad/src/main.go:303.3,303.13 1 0
github.com/casapps/casrad/src/main.go:307.2,307.21 1 0
github.com/casapps/casrad/src/main.go:307.21,308.28 1 0
github.com/casapps/casrad/src/main.go:309.17,312.14 3 0
github.com/casapps/casrad/src/main.go:314.18,315.28 1 0
github.com/casapps/casrad/src/main.go:315.28,318.5 2 0
github.com/casapps/casrad/src/main.go:319.4,320.14 2 0
github.com/casapps/casrad/src/main.go:322.17,324.14 2 0
github.com/casapps/casrad/src/main.go:326.11,328.14 2 0
github.com/casapps/casrad/src/main.go:333.2,334.16 2 0
github.com/casapps/casrad/src/main.go:334.16,337.3 2 0
github.com/casapps/casrad/src/main.go:340.2,340.14 1 0
github.com/casapps/casrad/src/main.go:340.14,342.3 1 0
github.com/casapps/casrad/src/main.go:343.2,343.19 1 0
github.com/casapps/casrad/src/main.go:343.19,345.3 1 0
github.com/casapps/casrad/src/main.go:346.2,346.11 1 0
github.com/casapps/casrad/src/main.go:346.11,348.3 1 0
github.com/casapps/casrad/src/main.go:349.2,349.20 1 0
github.com/casapps/casrad/src/main.go:349.20,351.3 1 0
github.com/casapps/casrad/src/main.go:352.2,352.20 1 0
github.com/casapps/casrad/src/main.go:352.20,354.3 1 0
github.com/casapps/casrad/src/main.go:355.2,355.22 1 0
github.com/casapps/casrad/src/main.go:355.22,357.3 1 0
github.com/casapps/casrad/src/main.go:360.2,374.16 11 0
github.com/casapps/casrad/src/main.go:374.16,377.3 2 0
github.com/casapps/casrad/src/main.go:379.2,379.34 1 0
github.com/casapps/casrad/src/main.go:379.34,382.3 2 0
github.com/casapps/casrad/src/admin/admin.go:41.29,42.25 1 0
github.com/casapps/casrad/src/admin/admin.go:42.25,44.3 1 0
github.com/casapps/casrad/src/admin/admin.go:45.2,53.3 1 0
github.com/casapps/casrad/src/admin/admin.go:57.31,59.2 1 0
github.com/casapps/casrad/src/admin/admin.go:63.39,93.2 22 0
github.com/casapps/casrad/src/admin/admin.go:96.86,183.2 2 0
github.com/casapps/casrad/src/admin/admin.go:185.73,189.30 2 0
github.com/casapps/casrad/src/admin/admin.go:189.30,192.3 2 0
github.com/casapps/casrad/src/admin/admin.go:195.2,211.50 6 0
github.com/casapps/casrad/src/admin/admin.go:211.50,215.3 3 0
github.com/casapps/casrad/src/admin/admin.go:217.2,217.29 1 0
github.com/casapps/casrad/src/admin/admin.go:220.71,223.30 2 0
github.com/casapps/casrad/src/admin/admin.go:223.30,226.3 2 0
github.com/casapps/casrad/src/admin/admin.go:228.2,230.16 3 0
github.com/casapps/casrad/src/admin/admin.go:230.16,233.3 2 0
github.com/casapps/casrad/src/admin/admin.go:235.2,235.50 1 0
github.com/casapps/casrad/src/admin/admin.go:235.50,246.3 3 0
github.com/casapps/casrad/src/admin/admin.go:248.2,279.11 2 0
github.com/casapps/casrad/src/admin/admin.go:282.77,285.30 2 0
github.com/casapps/casrad/src/admin/admin.go:285.30,290.3 4 0
github.com/casapps/casrad/src/admin/admin.go:292.2,294.16 3 0
github.com/casapps/casrad/src/admin/admin.go:294.16,299.3 4 0
github.com/casapps/casrad/src/admin/admin.go:301.2,302.65 2 0
github.com/casapps/casrad/src/admin/admin.go:302.65,307.3 4 0
github.com/casapps/casrad/src/admin/admin.go:310.2,310.63 1 0
github.com/casapps/casrad/src/admin/admin.go:310.63,312.3 1 0
github.com/casapps/casrad/src/admin/admin.go:313.2,315.56 2 0
github.com/casapps/casrad/src/admin/admin.go:315.56,320.3 4 0
github.com/casapps/casrad/src/admin/admin.go:322.2,323.67 2 0
github.com/casapps/casrad/src/admin/admin.go:326.75,329.30 2 0
github.com/casapps/casrad/src/admin/admin.go:329.30,332.3 2 0
github.com/casapps/casrad/src/admin/admin.go:334.2,373.11 2 0
github.com/casapps/casrad/src/admin/admin.go:376.81,379.30 2 0
github.com/casapps/casrad/src/admin/admin.go:379.30,384.3 4 0
github.com/casapps/casrad/src/admin/admin.go:386.2,387.67 2 0
github.com/casapps/casrad/src/admin/admin.go:390.77,393.30 2 0
github.com/casapps/casrad/src/admin/admin.go:393.30,396.3 2 0
github.com/casapps/casrad/src/admin/admin.go:398.2,398.50 1 0
github.com/casapps/casrad/src/admin/admin.go:398.50,402.3 3 0
github.com/casapps/casrad/src/admin/admin.go:404.2,430.11 2 0
github.com/casapps/casrad/src/admin/admin.go:433.78,436.30 2 0
github.com/casapps/casrad/src/admin/admin.go:436.30,439.3 2 0
github.com/casapps/casrad/src/admin/admin.go:441.2,455.50 2 0
github.com/casapps/casrad/src/admin/admin.go:455.50,459.3 3 0
github.com/casapps/casrad/src/admin/admin.go:461.2,526.11 2 0
github.com/casapps/casrad/src/admin/admin.go:529.84,532.30 2 0
github.com/casapps/casrad/src/admin/admin.go:532.30,537.3 4 0
github.com/casapps/casrad/src/admin/admin.go:539.2,540.66 2 0
github.com/casapps/casrad/src/admin/admin.go:540.66,545.3 4 0
github.com/casapps/casrad/src/admin/admin.go:548.2,549.67 2 0
github.com/casapps/casrad/src/admin/admin.go:552.75,555.30 2 0
github.com/casapps/casrad/src/admin/admin.go:555.30,558.3 2 0
github.com/casapps/casrad/src/admin/admin.go:561.2,563.45 3 0
github.com/casapps/casrad/src/admin/admin.go:563.45,564.59 1 0
github.com/casapps/casrad/src/admin/admin.go:564.59,566.4 1 0
github.com/casapps/casrad/src/admin/admin.go:568.2,571.16 3 0
github.com/casapps/casrad/src/admin/admin.go:571.16,574.3 2 0
github.com/casapps/casrad/src/admin/admin.go:576.2,576.50 1 0
github.com/casapps/casrad/src/admin/admin.go:576.50,585.3 3 0
github.com/casapps/casrad/src/admin/admin.go:588.2,589.29 2 0
github.com/casapps/casrad/src/admin/admin.go:589.29,591.21 2 0
github.com/casapps/casrad/src/admin/admin.go:591.21,593.4 1 0
github.com/casapps/casrad/src/admin/admin.go:594.3,602.125 1 0
github.com/casapps/casrad/src/admin/admin.go:605.2,605.20 1 0
github.com/casapps/casrad/src/admin/admin.go:605.20,607.3 1 0
github.com/casapps/casrad/src/admin/admin.go:609.2,665.11 2 0
github.com/casapps/casrad/src/admin/admin.go:668.80,671.30 2 0
github.com/casapps/casrad/src/admin/admin.go:671.30,676.3 4 0
github.com/casapps/casrad/src/admin/admin.go:678.2,685.61 2 0
github.com/casapps/casrad/src/admin/admin.go:685.61,690.3 4 0
github.com/casapps/casrad/src/admin/admin.go:692.2,692.20 1 0
github.com/casapps/casrad/src/admin/admin.go:692.20,694.3 1 0
github.com/casapps/casrad/src/admin/admin.go:696.2,697.16 2 0
github.com/casapps/casrad/src/admin/admin.go:697.16,702.3 4 0
github.com/casapps/casrad/src/admin/admin.go:704.2,706.70 3 0
github.com/casapps/casrad/src/admin/admin.go:709.80,712.30 2 0
github.com/casapps/casrad/src/admin/admin.go:712.30,715.3 2 0
github.com/casapps/casrad/src/admin/admin.go:717.2,719.16 3 0
github.com/casapps/casrad/src/admin/admin.go:719.16,722.3 2 0
github.com/casapps/casrad/src/admin/admin.go:724.2,725.16 2 0
github.com/casapps/casrad/src/admin/admin.go:725.16,728.3 2 0
github.com/casapps/casrad/src/admin/admin.go:730.2,730.50 1 0
github.com/casapps/casrad/src/admin/admin.go:730.50,734.3 3 0
github.com/casapps/casrad/src/admin/admin.go:736.2,778.11 2 0
github.com/casapps/casrad/src/admin/admin.go:781.80,784.30 2 0
github.com/casapps/casrad/src/admin/admin.go:784.30,789.3 4 0
github.com/casapps/casrad/src/admin/admin.go:791.2,793.16 3 0
github.com/casapps/casrad/src/admin/admin.go:793.16,798.3 4 0
github.com/casapps/casrad/src/admin/admin.go:800.2,801.16 2 0
github.com/casapps/casrad/src/admin/admin.go:801.16,806.3 4 0
github.com/casapps/casrad/src/admin/admin.go:808.2,809.65 2 0
github.com/casapps/casrad/src/admin/admin.go:809.65,814.3 4 0
github.com/casapps/casrad/src/admin/admin.go:817.2,817.63 1 0
github.com/casapps/casrad/src/admin/admin.go:817.63,819.3 1 0
github.com/casapps/casrad/src/admin/admin.go:820.2,820.60 1 0
github.com/casapps/casrad/src/admin/admin.go:820.60,822.3 1 0
github.com/casapps/casrad/src/admin/admin.go:823.2,823.53 1 0
github.com/casapps/casrad/src/admin/admin.go:823.53,825.3 1 0
github.com/casapps/casrad/src/admin/admin.go:826.2,828.54 2 0
github.com/casapps/casrad/src/admin/admin.go:828.54,833.3 4 0
github.com/casapps/casrad/src/admin/admin.go:835.2,836.67 2 0
github.com/casapps/casrad/src/admin/admin.go:839.80,842.30 2 0
github.com/casapps/casrad/src/admin/admin.go:842.30,847.3 4 0
github.com/casapps/casrad/src/admin/admin.go:849.2,851.16 3 0
github.com/casapps/casrad/src/admin/admin.go:851.16,856.3 4 0
github.com/casapps/casrad/src/admin/admin.go:858.2,858.52 1 0
github.com/casapps/casrad/src/admin/admin.go:858.52,863.3 4 0
github.com/casapps/casrad/src/admin/admin.go:865.2,866.67 2 0
github.com/casapps/casrad/src/admin/admin.go:869.74,872.30 2 0
github.com/casapps/casrad/src/admin/admin.go:872.30,875.3 2 0
github.com/casapps/casrad/src/admin/admin.go:878.2,883.50 2 0
github.com/casapps/casrad/src/admin/admin.go:883.50,887.3 3 0
github.com/casapps/casrad/src/admin/admin.go:889.2,890.27 2 0
github.com/casapps/casrad/src/admin/admin.go:890.27,892.30 2 0
github.com/casapps/casrad/src/admin/admin.go:892.30,894.4 1 0
github.com/casapps/casrad/src/admin/admin.go:894.9,894.39 1 0
github.com/casapps/casrad/src/admin/admin.go:894.39,896.4 1 0
github.com/casapps/casrad/src/admin/admin.go:897.3,901.76 1 0
github.com/casapps/casrad/src/admin/admin.go:904.2,947.11 2 0
github.com/casapps/casrad/src/admin/admin.go:950.76,953.30 2 0
github.com/casapps/casrad/src/admin/admin.go:953.30,956.3 2 0
github.com/casapps/casrad/src/admin/admin.go:958.2,963.50 2 0
github.com/casapps/casrad/src/admin/admin.go:963.50,967.3 3 0
github.com/casapps/casrad/src/admin/admin.go:969.2,970.28 2 0
github.com/casapps/casrad/src/admin/admin.go:970.28,978.3 1 0
github.com/casapps/casrad/src/admin/admin.go:980.2,1027.11 2 0
github.com/casapps/casrad/src/admin/admin.go:1030.82,1033.30 2 0
github.com/casapps/casrad/src/admin/admin.go:1033.30,1038.3 4 0
github.com/casapps/casrad/src/admin/admin.go:1041.2,1047.4 3 0
github.com/casapps/casrad/src/admin/admin.go:1050.77,1053.30 2 0
github.com/casapps/casrad/src/admin/admin.go:1053.30,1058.3 4 0
github.com/casapps/casrad/src/admin/admin.go:1060.2,1064.61 2 0
github.com/casapps/casrad/src/admin/admin.go:1064.61,1069.3 4 0
github.com/casapps/casrad/src/admin/admin.go:1072.2,1073.68 2 0
github.com/casapps/casrad/src/admin/admin.go:1076.77,1079.30 2 0
github.com/casapps/casrad/src/admin/admin.go:1079.30,1082.3 2 0
github.com/casapps/casrad/src/admin/admin.go:1084.2,1100.50 4 0
github.com/casapps/casrad/src/admin/admin.go:1100.50,1104.3 3 0
github.com/casapps/casrad/src/admin/admin.go:1106.2,1162.11 2 0
github.com/casapps/casrad/src/admin/admin.go:1165.75,1168.30 2 0
github.com/casapps/casrad/src/admin/admin.go:1168.30,1171.3 2 0
github.com/casapps/casrad/src/admin/admin.go:1173.2,1183.50 2 0
github.com/casapps/casrad/src/admin/admin.go:1183.50,1187.3 3 0
github.com/casapps/casrad/src/admin/admin.go:1189.2,1190.26 2 0
github.com/casapps/casrad/src/admin/admin.go:1190.26,1198.3 1 0
github.com/casapps/casrad/src/admin/admin.go:1200.2,1245.11 2 0
github.com/casapps/casrad/src/admin/admin.go:1248.77,1251.30 2 0
github.com/casapps/casrad/src/admin/admin.go:1251.30,1256.3 4 0
github.com/casapps/casrad/src/admin/admin.go:1258.2,1259.20 2 0
github.com/casapps/casrad/src/admin/admin.go:1259.20,1264.3 4 0
github.com/casapps/casrad/src/admin/admin.go:1267.2,1267.24 1 0
github.com/casapps/casrad/src/admin/admin.go:1267.24,1268.68 1 0
github.com/casapps/casrad/src/admin/admin.go:1268.68,1273.4 4 0
github.com/casapps/casrad/src/admin/admin.go:1276.2,1280.4 2 0
github.com/casapps/casrad/src/admin/admin.go:1284.45,1289.14 4 0
github.com/casapps/casrad/src/admin/admin.go:1289.14,1291.3 1 0
github.com/casapps/casrad/src/admin/admin.go:1292.2,1292.15 1 0
github.com/casapps/casrad/src/admin/admin.go:1292.15,1294.3 1 0
github.com/casapps/casrad/src/admin/admin.go:1295.2,1295.36 1 0
github.com/casapps/casrad/src/admin/admin.go:1298.39,1300.18 2 0
github.com/casapps/casrad/src/admin/admin.go:1300.18,1302.3 1 0
github.com/casapps/casrad/src/admin/admin.go:1303.2,1304.46 2 0
github.com/casapps/casrad/src/admin/admin.go:1304.46,1307.3 2 0
github.com/casapps/casrad/src/admin/admin.go:1308.2,1308.76 1 0
github.com/casapps/casrad/src/admin/admin.go:1311.40,1312.15 1 0
github.com/casapps/casrad/src/admin/admin.go:1312.15,1314.3 1 0
github.com/casapps/casrad/src/admin/admin.go:1315.2,1315.11 1 0
github.com/casapps/casrad/src/server/metrics/metrics.go:27.37,36.2 1 0
github.com/casapps/casrad/src/server/metrics/metrics.go:45.25,49.2 3 0
github.com/casapps/casrad/src/server/metrics/metrics.go:52.37,56.2 3 0
github.com/casapps/casrad/src/server/metrics/metrics.go:59.34,63.2 3 0
github.com/casapps/casrad/src/server/metrics/metrics.go:72.36,76.2 3 0
github.com/casapps/casrad/src/server/metrics/metrics.go:79.23,83.2 3 0
github.com/casapps/casrad/src/server/metrics/metrics.go:86.23,90.2 3 0
github.com/casapps/casrad/src/server/metrics/metrics.go:93.36,97.2 3 0
github.com/casapps/casrad/src/server/metrics/metrics.go:100.33,104.2 3 0
github.com/casapps/casrad/src/server/metrics/metrics.go:116.49,121.2 1 0
github.com/casapps/casrad/src/server/metrics/metrics.go:124.44,131.35 5 0
github.com/casapps/casrad/src/server/metrics/metrics.go:131.35,132.22 1 0
github.com/casapps/casrad/src/server/metrics/metrics.go:132.22,135.4 2 0
github.com/casapps/casrad/src/server/metrics/metrics.go:137.2,137.28 1 0
github.com/casapps/casrad/src/server/metrics/metrics.go:187.46,193.2 5 0
github.com/casapps/casrad/src/server/metrics/metrics.go:196.76,200.32 3 0
github.com/casapps/casrad/src/server/metrics/metrics.go:200.32,202.3 1 0
github.com/casapps/casrad/src/server/metrics/metrics.go:203.2,205.10 3 0
github.com/casapps/casrad/src/server/metrics/metrics.go:209.70,213.32 3 0
github.com/casapps/casrad/src/server/metrics/metrics.go:213.32,215.3 1 0
github.com/casapps/casrad/src/server/metrics/metrics.go:216.2,218.10 3 0
github.com/casapps/casrad/src/server/metrics/metrics.go:222.57,225.2 2 0
github.com/casapps/casrad/src/server/metrics/metrics.go:228.45,231.2 2 0
github.com/casapps/casrad/src/server/metrics/metrics.go:234.35,236.2 1 0
github.com/casapps/casrad/src/server/metrics/metrics.go:239.36,241.2 1 0
github.com/casapps/casrad/src/server/metrics/metrics.go:244.53,246.14 2 0
github.com/casapps/casrad/src/server/metrics/metrics.go:246.14,248.3 1 0
github.com/casapps/casrad/src/server/metrics/metrics.go:249.2,251.74 3 0
github.com/casapps/casrad/src/server/metrics/metrics.go:255.53,257.14 2 0
github.com/casapps/casrad/src/server/metrics/metrics.go:257.14,259.3 1 0
github.com/casapps/casrad/src/server/metrics/metrics.go:260.2,261.50 2 0
github.com/casapps/casrad/src/server/metrics/metrics.go:265.21,268.2 2 0
github.com/casapps/casrad/src/server/metrics/metrics.go:272.29,273.71 1 0
github.com/casapps/casrad/src/server/metrics/metrics.go:273.71,298.39 15 0
github.com/casapps/casrad/src/server/metrics/metrics.go:298.39,300.4 1 0
github.com/casapps/casrad/src/server/metrics/metrics.go:303.3,305.36 3 0
github.com/casapps/casrad/src/server/metrics/metrics.go:305.36,307.4 1 0
github.com/casapps/casrad/src/server/metrics/metrics.go:310.3,312.31 3 0
github.com/casapps/casrad/src/server/metrics/metrics.go:312.31,314.4 1 0
github.com/casapps/casrad/src/server/metrics/metrics.go:315.3,317.33 3 0
github.com/casapps/casrad/src/server/metrics/metrics.go:317.33,319.4 1 0
github.com/casapps/casrad/src/server/metrics/metrics.go:322.3,324.41 3 0
github.com/casapps/casrad/src/server/metrics/metrics.go:324.41,326.4 1 0
github.com/casapps/casrad/src/server/metrics/metrics.go:329.3,331.39 3 0
github.com/casapps/casrad/src/server/metrics/metrics.go:331.39,333.4 1 0
github.com/casapps/casrad/src/server/metrics/metrics.go:336.3,346.60 9 0
github.com/casapps/casrad/src/server/model/album.go:37.42,46.2 1 0
github.com/casapps/casrad/src/server/model/artist.go:32.44,38.2 1 0
github.com/casapps/casrad/src/server/model/playlist.go:49.48,58.2 1 0
github.com/casapps/casrad/src/server/model/session.go:21.41,23.2 1 0
github.com/casapps/casrad/src/server/model/token.go:27.46,28.25 1 0
github.com/casapps/casrad/src/server/model/token.go:28.25,30.3 1 0
github.com/casapps/casrad/src/server/model/token.go:31.2,33.14 3 0
github.com/casapps/casrad/src/server/model/token.go:37.51,38.21 1 0
github.com/casapps/casrad/src/server/model/token.go:38.21,41.3 2 0
github.com/casapps/casrad/src/server/model/token.go:42.2,43.30 2 0
github.com/casapps/casrad/src/server/model/token.go:47.52,48.39 1 0
github.com/casapps/casrad/src/server/model/token.go:48.39,49.28 1 0
github.com/casapps/casrad/src/server/model/token.go:49.28,51.4 1 0
github.com/casapps/casrad/src/server/model/token.go:53.2,53.14 1 0
github.com/casapps/casrad/src/server/model/track.go:105.42,116.2 1 0
github.com/casapps/casrad/src/server/middleware/auth.go:31.83,33.2 1 0
github.com/casapps/casrad/src/server/middleware/auth.go:36.70,37.71 1 0
github.com/casapps/casrad/src/server/middleware/auth.go:37.71,42.39 3 0
github.com/casapps/casrad/src/server/middleware/auth.go:42.39,44.18 2 0
github.com/casapps/casrad/src/server/middleware/auth.go:44.18,51.5 6 0
github.com/casapps/casrad/src/server/middleware/auth.go:55.3,56.47 2 0
github.com/casapps/casrad/src/server/middleware/auth.go:56.47,58.40 2 0
github.com/casapps/casrad/src/server/middleware/auth.go:58.40,61.77 2 0
github.com/casapps/casrad/src/server/middleware/auth.go:61.77,66.6 4 0
github.com/casapps/casrad/src/server/middleware/auth.go:71.3,71.51 1 0
github.com/casapps/casrad/src/server/middleware/auth.go:71.51,76.4 4 0
github.com/casapps/casrad/src/server/middleware/auth.go:79.3,79.79 1 0
github.com/casapps/casrad/src/server/middleware/auth.go:84.71,85.71 1 0
github.com/casapps/casrad/src/server/middleware/auth.go:85.71,90.39 3 0
github.com/casapps/casrad/src/server/middleware/auth.go:90.39,92.34 2 0
github.com/casapps/casrad/src/server/middleware/auth.go:92.34,99.5 6 0
github.com/casapps/casrad/src/server/middleware/auth.go:103.3,103.51 1 0
github.com/casapps/casrad/src/server/middleware/auth.go:103.51,108.4 4 0
github.com/casapps/casrad/src/server/middleware/auth.go:111.3,111.79 1 0
github.com/casapps/casrad/src/server/middleware/auth.go:116.71,117.71 1 0
github.com/casapps/casrad/src/server/middleware/auth.go:117.71,122.39 3 0
github.com/casapps/casrad/src/server/middleware/auth.go:122.39,124.18 2 0
github.com/casapps/casrad/src/server/middleware/auth.go:124.18,129.5 4 0
github.com/casapps/casrad/src/server/middleware/auth.go:132.3,132.40 1 0
github.com/casapps/casrad/src/server/middleware/auth.go:137.43,138.48 1 0
github.com/casapps/casrad/src/server/middleware/auth.go:138.48,140.3 1 0
github.com/casapps/casrad/src/server/middleware/auth.go:141.2,141.10 1 0
github.com/casapps/casrad/src/server/middleware/auth.go:145.44,146.49 1 0
github.com/casapps/casrad/src/server/middleware/auth.go:146.49,148.3 1 0
github.com/casapps/casrad/src/server/middleware/auth.go:149.2,149.10 1 0
github.com/casapps/casrad/src/server/middleware/auth.go:153.40,154.53 1 0
github.com/casapps/casrad/src/server/middleware/auth.go:154.53,156.3 1 0
github.com/casapps/casrad/src/server/middleware/auth.go:157.2,157.14 1 0
github.com/casapps/casrad/src/server/middleware/auth.go:161.47,162.52 1 0
github.com/casapps/casrad/src/server/middleware/auth.go:162.52,164.3 1 0
github.com/casapps/casrad/src/server/middleware/auth.go:165.2,165.11 1 0
github.com/casapps/casrad/src/server/middleware/logging.go:18.49,21.2 2 0
github.com/casapps/casrad/src/server/middleware/logging.go:24.56,28.2 3 0
github.com/casapps/casrad/src/server/middleware/logging.go:31.46,32.71 1 0
github.com/casapps/casrad/src/server/middleware/logging.go:32.71,54.3 5 0
github.com/casapps/casrad/src/server/middleware/logging.go:58.47,59.71 1 0
github.com/casapps/casrad/src/server/middleware/logging.go:59.71,60.16 1 0
github.com/casapps/casrad/src/server/middleware/logging.go:60.16,61.36 1 0
github.com/casapps/casrad/src/server/middleware/logging.go:61.36,66.5 4 0
github.com/casapps/casrad/src/server/middleware/logging.go:68.3,68.23 1 0
github.com/casapps/casrad/src/server/middleware/ratelimit.go:29.74,42.2 4 0
github.com/casapps/casrad/src/server/middleware/ratelimit.go:45.31,48.2 2 0
github.com/casapps/casrad/src/server/middleware/ratelimit.go:51.34,52.6 1 0
github.com/casapps/casrad/src/server/middleware/ratelimit.go:52.6,53.10 1 0
github.com/casapps/casrad/src/server/middleware/ratelimit.go:54.20,55.10 1 0
github.com/casapps/casrad/src/server/middleware/ratelimit.go:56.29,59.38 3 0
github.com/casapps/casrad/src/server/middleware/ratelimit.go:59.38,60.50 1 0
github.com/casapps/casrad/src/server/middleware/ratelimit.go:60.50,62.6 1 0
github.com/casapps/casrad/src/server/middleware/ratelimit.go:64.4,64.18 1 0
github.com/casapps/casrad/src/server/middleware/ratelimit.go:70.46,77.13 5 0
github.com/casapps/casrad/src/server/middleware/ratelimit.go:77.13,83.3 2 0
github.com/casapps/casrad/src/server/middleware/ratelimit.go:86.2,86.46 1 0
github.com/casapps/casrad/src/server/middleware/ratelimit.go:86.46,90.3 3 0
github.com/casapps/casrad/src/server/middleware/ratelimit.go:93.2,93.36 1 0
github.com/casapps/casrad/src/server/middleware/ratelimit.go:93.36,95.3 1 0
github.com/casapps/casrad/src/server/middleware/ratelimit.go:97.2,98.13 2 0
github.com/casapps/casrad/src/server/middleware/ratelimit.go:102.62,103.71 1 0
github.com/casapps/casrad/src/server/middleware/ratelimit.go:103.71,106.20 2 0
github.com/casapps/casrad/src/server/middleware/ratelimit.go:106.20,112.4 5 0
github.com/casapps/casrad/src/server/middleware/ratelimit.go:114.3,114.23 1 0
github.com/casapps/casrad/src/server/middleware/ratelimit.go:120.42,123.15 2 0
github.com/casapps/casrad/src/server/middleware/ratelimit.go:123.15,126.19 2 0
github.com/casapps/casrad/src/server/middleware/ratelimit.go:126.19,128.4 1 0
github.com/casapps/casrad/src/server/middleware/ratelimit.go:132.2,133.16 2 0
github.com/casapps/casrad/src/server/middleware/ratelimit.go:133.16,135.3 1 0
github.com/casapps/casrad/src/server/middleware/ratelimit.go:138.2,139.16 2 0
github.com/casapps/casrad/src/server/middleware/ratelimit.go:139.16,141.3 1 0
github.com/casapps/casrad/src/server/middleware/ratelimit.go:142.2,142.11 1 0
github.com/casapps/casrad/src/server/middleware/ratelimit.go:146.34,148.35 2 0
github.com/casapps/casrad/src/server/middleware/ratelimit.go:148.35,149.34 1 0
github.com/casapps/casrad/src/server/middleware/ratelimit.go:149.34,150.22 1 0
github.com/casapps/casrad/src/server/middleware/ratelimit.go:150.22,152.17 2 0
github.com/casapps/casrad/src/server/middleware/ratelimit.go:152.17,154.6 1 0
github.com/casapps/casrad/src/server/middleware/ratelimit.go:155.5,156.11 2 0
github.com/casapps/casrad/src/server/middleware/ratelimit.go:159.3,160.15 2 0
github.com/casapps/casrad/src/server/middleware/ratelimit.go:160.15,162.4 1 0
github.com/casapps/casrad/src/server/middleware/ratelimit.go:164.2,164.12 1 0
github.com/casapps/casrad/src/server/middleware/ratelimit.go:168.33,171.59 3 0
github.com/casapps/casrad/src/server/middleware/ratelimit.go:171.59,173.3 1 0
github.com/casapps/casrad/src/server/middleware/ratelimit.go:174.2,174.59 1 0
github.com/casapps/casrad/src/server/middleware/ratelimit.go:174.59,176.3 1 0
github.com/casapps/casrad/src/server/middleware/ratelimit.go:177.2,177.21 1 0
github.com/casapps/casrad/src/server/middleware/security.go:18.50,22.2 1 0
github.com/casapps/casrad/src/server/middleware/security.go:25.70,26.71 1 0
github.com/casapps/casrad/src/server/middleware/security.go:26.71,35.19 6 0
github.com/casapps/casrad/src/server/middleware/security.go:35.19,37.4 1 0
github.com/casapps/casrad/src/server/middleware/security.go:40.3,40.51 1 0
github.com/casapps/casrad/src/server/middleware/security.go:40.51,49.4 1 0
github.com/casapps/casrad/src/server/middleware/security.go:51.3,51.23 1 0
github.com/casapps/casrad/src/server/middleware/security.go:56.67,57.71 1 0
github.com/casapps/casrad/src/server/middleware/security.go:57.71,59.71 1 0
github.com/casapps/casrad/src/server/middleware/security.go:59.71,62.4 2 0
github.com/casapps/casrad/src/server/middleware/security.go:65.3,65.42 1 0
github.com/casapps/casrad/src/server/middleware/security.go:65.42,68.4 2 0
github.com/casapps/casrad/src/server/middleware/security.go:71.3,72.18 2 0
github.com/casapps/casrad/src/server/middleware/security.go:72.18,74.4 1 0
github.com/casapps/casrad/src/server/middleware/security.go:76.3,76.49 1 0
github.com/casapps/casrad/src/server/middleware/security.go:76.49,81.4 4 0
github.com/casapps/casrad/src/server/middleware/security.go:84.3,86.23 2 0
github.com/casapps/casrad/src/server/middleware/security.go:91.57,101.2 7 0
github.com/casapps/casrad/src/server/middleware/security.go:104.67,108.2 3 0
github.com/casapps/casrad/src/server/middleware/security.go:111.64,115.2 3 0
github.com/casapps/casrad/src/server/middleware/security.go:118.68,119.46 1 0
github.com/casapps/casrad/src/server/middleware/security.go:119.46,120.72 1 0
github.com/casapps/casrad/src/server/middleware/security.go:120.72,125.37 3 0
github.com/casapps/casrad/src/server/middleware/security.go:125.37,126.32 1 0
github.com/casapps/casrad/src/server/middleware/security.go:126.32,128.11 2 0
github.com/casapps/casrad/src/server/middleware/security.go:132.4,132.15 1 0
github.com/casapps/casrad/src/server/middleware/security.go:132.15,138.5 5 0
github.com/casapps/casrad/src/server/middleware/security.go:141.4,141.29 1 0
github.com/casapps/casrad/src/server/middleware/security.go:141.29,144.5 2 0
github.com/casapps/casrad/src/server/middleware/security.go:146.4,146.24 1 0
github.com/casapps/casrad/src/server/handler/admin.go:25.78,31.2 1 0
github.com/casapps/casrad/src/server/handler/admin.go:34.74,37.30 2 0
github.com/casapps/casrad/src/server/handler/admin.go:37.30,40.3 2 0
github.com/casapps/casrad/src/server/handler/admin.go:42.2,54.50 5 0
github.com/casapps/casrad/src/server/handler/admin.go:54.50,58.3 3 0
github.com/casapps/casrad/src/server/handler/admin.go:60.2,89.11 2 0
github.com/casapps/casrad/src/server/handler/admin.go:93.72,96.30 2 0
github.com/casapps/casrad/src/server/handler/admin.go:96.30,99.3 2 0
github.com/casapps/casrad/src/server/handler/admin.go:101.2,103.16 3 0
github.com/casapps/casrad/src/server/handler/admin.go:103.16,106.3 2 0
github.com/casapps/casrad/src/server/handler/admin.go:108.2,108.50 1 0
github.com/casapps/casrad/src/server/handler/admin.go:108.50,117.3 3 0
github.com/casapps/casrad/src/server/handler/admin.go:119.2,147.11 2 0
github.com/casapps/casrad/src/server/handler/admin.go:151.76,154.30 2 0
github.com/casapps/casrad/src/server/handler/admin.go:154.30,157.3 2 0
github.com/casapps/casrad/src/server/handler/admin.go:159.2,190.11 2 0
github.com/casapps/casrad/src/server/handler/admin.go:194.79,197.30 2 0
github.com/casapps/casrad/src/server/handler/admin.go:197.30,200.3 2 0
github.com/casapps/casrad/src/server/handler/admin.go:202.2,202.50 1 0
github.com/casapps/casrad/src/server/handler/admin.go:202.50,211.3 3 0
github.com/casapps/casrad/src/server/handler/admin.go:213.2,241.11 2 0
github.com/casapps/casrad/src/server/handler/admin.go:245.76,248.30 2 0
github.com/casapps/casrad/src/server/handler/admin.go:248.30,251.3 2 0
github.com/casapps/casrad/src/server/handler/admin.go:253.2,254.16 2 0
github.com/casapps/casrad/src/server/handler/admin.go:254.16,257.3 2 0
github.com/casapps/casrad/src/server/handler/admin.go:259.2,259.50 1 0
github.com/casapps/casrad/src/server/handler/admin.go:259.50,266.3 3 0
github.com/casapps/casrad/src/server/handler/admin.go:268.2,269.29 2 0
github.com/casapps/casrad/src/server/handler/admin.go:269.29,271.3 1 0
github.com/casapps/casrad/src/server/handler/admin.go:273.2,302.11 2 0
github.com/casapps/casrad/src/server/handler/admin.go:306.75,309.30 2 0
github.com/casapps/casrad/src/server/handler/admin.go:309.30,312.3 2 0
github.com/casapps/casrad/src/server/handler/admin.go:314.2,314.50 1 0
github.com/casapps/casrad/src/server/handler/admin.go:314.50,320.3 3 0
github.com/casapps/casrad/src/server/handler/admin.go:322.2,346.11 2 0
github.com/casapps/casrad/src/server/handler/admin.go:350.77,353.30 2 0
github.com/casapps/casrad/src/server/handler/admin.go:353.30,356.3 2 0
github.com/casapps/casrad/src/server/handler/admin.go:358.2,358.50 1 0
github.com/casapps/casrad/src/server/handler/admin.go:358.50,364.3 3 0
github.com/casapps/casrad/src/server/handler/admin.go:366.2,390.11 2 0
github.com/casapps/casrad/src/server/handler/admin.go:394.78,397.30 2 0
github.com/casapps/casrad/src/server/handler/admin.go:397.30,400.3 2 0
github.com/casapps/casrad/src/server/handler/admin.go:402.2,412.50 4 0
github.com/casapps/casrad/src/server/handler/admin.go:412.50,416.3 3 0
github.com/casapps/casrad/src/server/handler/admin.go:418.2,447.11 2 0
github.com/casapps/casrad/src/server/handler/admin.go:451.43,456.14 4 0
github.com/casapps/casrad/src/server/handler/admin.go:456.14,458.3 1 0
github.com/casapps/casrad/src/server/handler/admin.go:459.2,459.15 1 0
github.com/casapps/casrad/src/server/handler/admin.go:459.15,461.3 1 0
github.com/casapps/casrad/src/server/handler/admin.go:462.2,462.28 1 0
github.com/casapps/casrad/src/server/handler/admin.go:465.40,467.18 2 0
github.com/casapps/casrad/src/server/handler/admin.go:467.18,469.3 1 0
github.com/casapps/casrad/src/server/handler/admin.go:470.2,471.46 2 0
github.com/casapps/casrad/src/server/handler/admin.go:471.46,474.3 2 0
github.com/casapps/casrad/src/server/handler/admin.go:475.2,476.54 2 0
github.com/casapps/casrad/src/server/handler/admin.go:479.32,481.2 1 0
github.com/casapps/casrad/src/server/handler/admin.go:484.25,485.12 1 0
github.com/casapps/casrad/src/server/handler/admin.go:485.12,487.3 1 0
github.com/casapps/casrad/src/server/handler/admin.go:488.2,490.9 3 0
github.com/casapps/casrad/src/server/handler/admin.go:490.9,492.3 1 0
github.com/casapps/casrad/src/server/handler/admin.go:493.2,493.12 1 0
github.com/casapps/casrad/src/server/handler/admin.go:493.12,496.3 2 0
github.com/casapps/casrad/src/server/handler/admin.go:497.2,497.9 1 0
github.com/casapps/casrad/src/server/handler/admin.go:497.9,499.3 1 0
github.com/casapps/casrad/src/server/handler/admin.go:500.2,500.10 1 0
github.com/casapps/casrad/src/server/handler/admin.go:504.29,507.17 3 0
github.com/casapps/casrad/src/server/handler/admin.go:507.17,509.3 1 0
github.com/casapps/casrad/src/server/handler/admin.go:510.2,510.44 1 0
github.com/casapps/casrad/src/server/handler/admin_routes.go:37.44,40.16 2 0
github.com/casapps/casrad/src/server/handler/admin_routes.go:40.16,43.3 1 0
github.com/casapps/casrad/src/server/handler/admin_routes.go:45.2,48.40 3 0
github.com/casapps/casrad/src/server/handler/admin_routes.go:48.40,50.3 1 0
github.com/casapps/casrad/src/server/handler/admin_routes.go:51.2,51.12 1 0
github.com/casapps/casrad/src/server/handler/admin_routes.go:56.46,62.43 3 0
github.com/casapps/casrad/src/server/handler/admin_routes.go:62.43,64.3 1 0
github.com/casapps/casrad/src/server/handler/admin_routes.go:67.2,67.42 1 0
github.com/casapps/casrad/src/server/handler/admin_routes.go:67.42,69.3 1 0
github.com/casapps/casrad/src/server/handler/admin_routes.go:72.2,72.46 1 0
github.com/casapps/casrad/src/server/handler/admin_routes.go:72.46,73.26 1 0
github.com/casapps/casrad/src/server/handler/admin_routes.go:73.26,75.4 1 0
github.com/casapps/casrad/src/server/handler/admin_routes.go:78.2,78.12 1 0
github.com/casapps/casrad/src/server/handler/admin_routes.go:83.58,109.2 1 0
github.com/casapps/casrad/src/server/handler/admin_routes.go:112.73,123.2 2 0
github.com/casapps/casrad/src/server/handler/api.go:54.39,55.14 1 0
github.com/casapps/casrad/src/server/handler/api.go:56.42,57.13 1 0
github.com/casapps/casrad/src/server/handler/api.go:58.88,59.13 1 0
github.com/casapps/casrad/src/server/handler/api.go:60.38,61.13 1 0
github.com/casapps/casrad/src/server/handler/api.go:62.19,63.13 1 0
github.com/casapps/casrad/src/server/handler/api.go:64.27,65.13 1 0
github.com/casapps/casrad/src/server/handler/api.go:66.19,67.13 1 0
github.com/casapps/casrad/src/server/handler/api.go:68.22,69.13 1 0
github.com/casapps/casrad/src/server/handler/api.go:70.22,71.13 1 0
github.com/casapps/casrad/src/server/handler/api.go:72.10,73.13 1 0
github.com/casapps/casrad/src/server/handler/api.go:79.54,84.2 4 0
github.com/casapps/casrad/src/server/handler/api.go:88.68,95.2 6 0
github.com/casapps/casrad/src/server/handler/api.go:98.57,103.2 4 0
github.com/casapps/casrad/src/server/handler/api.go:106.59,112.2 5 0
github.com/casapps/casrad/src/server/handler/api.go:122.76,132.2 5 0
github.com/casapps/casrad/src/server/handler/api.go:140.47,144.2 1 0
github.com/casapps/casrad/src/server/handler/api.go:148.69,154.2 5 0
github.com/casapps/casrad/src/server/handler/api.go:157.63,161.45 3 0
github.com/casapps/casrad/src/server/handler/api.go:161.45,162.59 1 0
github.com/casapps/casrad/src/server/handler/api.go:162.59,164.4 1 0
github.com/casapps/casrad/src/server/handler/api.go:166.2,166.46 1 0
github.com/casapps/casrad/src/server/handler/api.go:166.46,167.74 1 0
github.com/casapps/casrad/src/server/handler/api.go:167.74,169.4 1 0
github.com/casapps/casrad/src/server/handler/api.go:172.2,173.8 2 0
github.com/casapps/casrad/src/server/handler/api.go:177.69,205.2 13 0
github.com/casapps/casrad/src/server/handler/api.go:208.68,211.16 3 0
github.com/casapps/casrad/src/server/handler/api.go:211.16,214.3 2 0
github.com/casapps/casrad/src/server/handler/api.go:217.2,227.18 2 0
github.com/casapps/casrad/src/server/handler/api.go:231.74,234.16 3 0
github.com/casapps/casrad/src/server/handler/api.go:234.16,237.3 2 0
github.com/casapps/casrad/src/server/handler/api.go:240.2,241.18 2 0
github.com/casapps/casrad/src/server/handler/api.go:241.18,243.3 1 0
github.com/casapps/casrad/src/server/handler/api.go:246.2,247.48 2 0
github.com/casapps/casrad/src/server/handler/api.go:247.48,248.59 1 0
github.com/casapps/casrad/src/server/handler/api.go:248.59,250.4 1 0
github.com/casapps/casrad/src/server/handler/api.go:259.2,268.30 6 0
github.com/casapps/casrad/src/server/handler/api.go:272.69,291.2 7 0
github.com/casapps/casrad/src/server/handler/api.go:294.68,297.16 3 0
github.com/casapps/casrad/src/server/handler/api.go:297.16,300.3 2 0
github.com/casapps/casrad/src/server/handler/api.go:302.2,312.18 2 0
github.com/casapps/casrad/src/server/handler/api.go:316.70,328.2 3 0
github.com/casapps/casrad/src/server/handler/api.go:331.69,334.16 3 0
github.com/casapps/casrad/src/server/handler/api.go:334.16,337.3 2 0
github.com/casapps/casrad/src/server/handler/api.go:339.2,346.19 2 0
github.com/casapps/casrad/src/server/handler/api.go:350.72,354.17 3 0
github.com/casapps/casrad/src/server/handler/api.go:354.17,357.3 2 0
github.com/casapps/casrad/src/server/handler/api.go:359.2,369.4 3 0
github.com/casapps/casrad/src/server/handler/api.go:373.71,376.16 3 0
github.com/casapps/casrad/src/server/handler/api.go:376.16,379.3 2 0
github.com/casapps/casrad/src/server/handler/api.go:381.2,389.21 2 0
github.com/casapps/casrad/src/server/handler/api.go:393.77,397.17 3 0
github.com/casapps/casrad/src/server/handler/api.go:397.17,400.3 2 0
github.com/casapps/casrad/src/server/handler/api.go:402.2,408.61 2 0
github.com/casapps/casrad/src/server/handler/api.go:408.61,411.3 2 0
github.com/casapps/casrad/src/server/handler/api.go:413.2,413.20 1 0
github.com/casapps/casrad/src/server/handler/api.go:413.20,416.3 2 0
github.com/casapps/casrad/src/server/handler/api.go:420.2,425.4 2 0
github.com/casapps/casrad/src/server/handler/api.go:429.77,433.17 3 0
github.com/casapps/casrad/src/server/handler/api.go:433.17,436.3 2 0
github.com/casapps/casrad/src/server/handler/api.go:438.2,440.16 3 0
github.com/casapps/casrad/src/server/handler/api.go:440.16,443.3 2 0
github.com/casapps/casrad/src/server/handler/api.go:445.2,446.65 2 0
github.com/casapps/casrad/src/server/handler/api.go:446.65,449.3 2 0
github.com/casapps/casrad/src/server/handler/api.go:451.2,453.36 2 0
[...]
github.com/casapps/casrad/src/service/privilege.go:76.15,77.33 1 0
github.com/casapps/casrad/src/service/privilege.go:78.16,79.33 1 0
github.com/casapps/casrad/src/service/privilege.go:80.38,81.31 1 0
github.com/casapps/casrad/src/service/privilege.go:82.17,83.35 1 0
github.com/casapps/casrad/src/service/privilege.go:86.2,86.23 1 0
github.com/casapps/casrad/src/service/privilege.go:86.23,88.3 1 0
github.com/casapps/casrad/src/service/privilege.go:90.2,90.16 1 0
github.com/casapps/casrad/src/service/privilege.go:95.46,99.15 2 0
github.com/casapps/casrad/src/service/privilege.go:99.15,101.3 1 0
github.com/casapps/casrad/src/service/privilege.go:104.2,104.13 1 0
github.com/casapps/casrad/src/service/privilege.go:104.13,106.3 1 0
github.com/casapps/casrad/src/service/privilege.go:109.2,109.17 1 0
github.com/casapps/casrad/src/service/privilege.go:109.17,111.3 1 0
github.com/casapps/casrad/src/service/privilege.go:114.2,114.15 1 0
github.com/casapps/casrad/src/service/privilege.go:114.15,116.3 1 0
github.com/casapps/casrad/src/service/privilege.go:118.2,118.16 1 0
github.com/casapps/casrad/src/service/privilege.go:123.46,127.15 2 0
github.com/casapps/casrad/src/service/privilege.go:127.15,129.3 1 0
github.com/casapps/casrad/src/service/privilege.go:133.2,133.14 1 0
github.com/casapps/casrad/src/service/privilege.go:133.14,135.3 1 0
github.com/casapps/casrad/src/service/privilege.go:137.2,137.16 1 0
github.com/casapps/casrad/src/service/privilege.go:142.44,146.15 2 0
github.com/casapps/casrad/src/service/privilege.go:146.15,148.3 1 0
github.com/casapps/casrad/src/service/privilege.go:151.2,151.15 1 0
github.com/casapps/casrad/src/service/privilege.go:151.15,153.3 1 0
github.com/casapps/casrad/src/service/privilege.go:156.2,156.13 1 0
github.com/casapps/casrad/src/service/privilege.go:156.13,158.3 1 0
github.com/casapps/casrad/src/service/privilege.go:160.2,160.16 1 0
github.com/casapps/casrad/src/service/privilege.go:165.48,169.14 2 0
github.com/casapps/casrad/src/service/privilege.go:169.14,171.3 1 0
github.com/casapps/casrad/src/service/privilege.go:174.2,176.16 2 0
github.com/casapps/casrad/src/service/privilege.go:180.21,183.2 2 0
github.com/casapps/casrad/src/service/privilege.go:186.19,189.2 2 0
github.com/casapps/casrad/src/service/privilege.go:192.23,195.2 2 0
github.com/casapps/casrad/src/service/privilege.go:198.21,200.16 2 0
github.com/casapps/casrad/src/service/privilege.go:200.16,202.3 1 0
github.com/casapps/casrad/src/service/privilege.go:204.2,204.53 1 0
github.com/casapps/casrad/src/service/privilege.go:204.53,206.3 1 0
github.com/casapps/casrad/src/service/privilege.go:208.2,208.31 1 0
github.com/casapps/casrad/src/service/privilege.go:208.31,210.3 1 0
github.com/casapps/casrad/src/service/privilege.go:211.2,211.14 1 0
github.com/casapps/casrad/src/service/privilege.go:215.20,216.22 1 0
github.com/casapps/casrad/src/service/privilege.go:217.16,219.69 1 0
github.com/casapps/casrad/src/service/privilege.go:220.15,221.74 1 0
github.com/casapps/casrad/src/service/privilege.go:222.17,224.14 1 0
github.com/casapps/casrad/src/service/privilege.go:225.10,226.36 1 0
github.com/casapps/casrad/src/service/privilege.go:231.40,241.20 3 0
github.com/casapps/casrad/src/service/privilege.go:241.20,243.3 1 0
github.com/casapps/casrad/src/service/privilege.go:243.8,243.29 1 0
github.com/casapps/casrad/src/service/privilege.go:243.29,245.3 1 0
github.com/casapps/casrad/src/service/privilege.go:245.8,247.3 1 0
github.com/casapps/casrad/src/service/privilege.go:250.2,250.31 1 0
github.com/casapps/casrad/src/service/privilege.go:250.31,253.3 2 0
github.com/casapps/casrad/src/service/privilege.go:255.2,255.13 1 0
github.com/casapps/casrad/src/service/privilege.go:259.61,260.20 1 0
github.com/casapps/casrad/src/service/privilege.go:260.20,262.3 1 0
github.com/casapps/casrad/src/service/privilege.go:264.2,265.16 2 0
github.com/casapps/casrad/src/service/privilege.go:265.16,267.3 1 0
github.com/casapps/casrad/src/service/privilege.go:269.2,269.16 1 0
github.com/casapps/casrad/src/service/privilege.go:270.18,271.40 1 0
github.com/casapps/casrad/src/service/privilege.go:272.18,273.40 1 0
github.com/casapps/casrad/src/service/privilege.go:274.16,275.38 1 0
github.com/casapps/casrad/src/service/privilege.go:276.20,277.42 1 0
github.com/casapps/casrad/src/service/privilege.go:278.23,279.45 1 0
github.com/casapps/casrad/src/service/privilege.go:280.17,281.39 1 0
github.com/casapps/casrad/src/service/privilege.go:282.19,283.41 1 0
github.com/casapps/casrad/src/service/privilege.go:284.10,285.31 1 0
github.com/casapps/casrad/src/service/privilege.go:290.40,291.20 1 0
github.com/casapps/casrad/src/service/privilege.go:291.20,293.3 1 0
github.com/casapps/casrad/src/service/privilege.go:295.2,296.51 2 0
github.com/casapps/casrad/src/service/privilege.go:296.51,298.3 1 0
github.com/casapps/casrad/src/service/privilege.go:300.2,300.35 1 0
github.com/casapps/casrad/src/service/privilege.go:304.59,311.2 6 0
github.com/casapps/casrad/src/service/privilege.go:314.59,321.2 6 0
github.com/casapps/casrad/src/service/privilege.go:324.57,331.2 6 0
github.com/casapps/casrad/src/service/privilege.go:334.61,341.2 6 0
github.com/casapps/casrad/src/service/privilege.go:344.64,352.2 6 0
github.com/casapps/casrad/src/service/privilege.go:355.58,365.2 7 0
github.com/casapps/casrad/src/service/privilege.go:368.60,375.2 6 0
github.com/casapps/casrad/src/service/privilege.go:378.32,379.21 1 0
github.com/casapps/casrad/src/service/privilege.go:379.21,381.3 1 0
github.com/casapps/casrad/src/service/privilege.go:382.2,382.12 1 0
github.com/casapps/casrad/src/service/privilege.go:386.25,387.20 1 0
github.com/casapps/casrad/src/service/privilege.go:387.20,389.3 1 0
github.com/casapps/casrad/src/service/privilege.go:390.2,391.53 2 0
github.com/casapps/casrad/src/service/privilege.go:395.39,396.20 1 0
github.com/casapps/casrad/src/service/privilege.go:396.20,398.3 1 0
github.com/casapps/casrad/src/service/privilege.go:399.2,400.22 2 0
github.com/casapps/casrad/src/service/privilege.go:400.22,402.3 1 0
github.com/casapps/casrad/src/service/privilege.go:403.2,403.19 1 0
github.com/casapps/casrad/src/service/service.go:65.39,66.16 1 0
github.com/casapps/casrad/src/service/service.go:66.16,68.3 1 0
github.com/casapps/casrad/src/service/service.go:70.2,74.22 3 0
github.com/casapps/casrad/src/service/service.go:74.22,76.3 1 0
github.com/casapps/casrad/src/service/service.go:78.2,92.3 1 0
github.com/casapps/casrad/src/service/service.go:96.27,97.22 1 0
github.com/casapps/casrad/src/service/service.go:98.17,99.17 1 0
github.com/casapps/casrad/src/service/service.go:100.16,101.17 1 0
github.com/casapps/casrad/src/service/service.go:102.38,103.13 1 0
github.com/casapps/casrad/src/service/service.go:104.15,106.59 1 0
github.com/casapps/casrad/src/service/service.go:106.59,108.4 1 0
github.com/casapps/casrad/src/service/service.go:110.3,110.50 1 0
github.com/casapps/casrad/src/service/service.go:110.50,112.4 1 0
github.com/casapps/casrad/src/service/service.go:114.3,114.52 1 0
github.com/casapps/casrad/src/service/service.go:114.52,116.4 1 0
github.com/casapps/casrad/src/service/service.go:118.3,118.51 1 0
github.com/casapps/casrad/src/service/service.go:118.51,120.4 1 0
github.com/casapps/casrad/src/service/service.go:122.2,122.16 1 0
github.com/casapps/casrad/src/service/service.go:126.38,128.2 1 0
github.com/casapps/casrad/src/service/service.go:131.35,133.23 1 0
github.com/casapps/casrad/src/service/service.go:133.23,135.3 1 0
github.com/casapps/casrad/src/service/service.go:138.2,138.46 1 0
github.com/casapps/casrad/src/service/service.go:138.46,140.3 1 0
github.com/casapps/casrad/src/service/service.go:143.2,143.46 1 0
github.com/casapps/casrad/src/service/service.go:143.46,145.3 1 0
github.com/casapps/casrad/src/service/service.go:148.2,148.23 1 0
github.com/casapps/casrad/src/service/service.go:149.15,150.28 1 0
github.com/casapps/casrad/src/service/service.go:151.13,152.26 1 0
github.com/casapps/casrad/src/service/service.go:153.14,154.27 1 0
github.com/casapps/casrad/src/service/service.go:155.15,156.28 1 0
github.com/casapps/casrad/src/service/service.go:157.11,158.24 1 0
github.com/casapps/casrad/src/service/service.go:159.15,160.28 1 0
github.com/casapps/casrad/src/service/service.go:161.10,162.48 1 0
github.com/casapps/casrad/src/service/service.go:167.37,168.23 1 0
github.com/casapps/casrad/src/service/service.go:168.23,170.3 1 0
github.com/casapps/casrad/src/service/service.go:172.2,172.23 1 0
github.com/casapps/casrad/src/service/service.go:173.15,174.30 1 0
github.com/casapps/casrad/src/service/service.go:175.13,176.28 1 0
github.com/casapps/casrad/src/service/service.go:177.14,178.29 1 0
github.com/casapps/casrad/src/service/service.go:179.15,180.30 1 0
github.com/casapps/casrad/src/service/service.go:181.11,182.26 1 0
github.com/casapps/casrad/src/service/service.go:183.15,184.30 1 0
github.com/casapps/casrad/src/service/service.go:185.10,186.48 1 0
github.com/casapps/casrad/src/service/service.go:191.33,192.23 1 0
github.com/casapps/casrad/src/service/service.go:193.15,194.65 1 0
github.com/casapps/casrad/src/service/service.go:195.13,196.58 1 0
github.com/casapps/casrad/src/service/service.go:197.14,198.66 1 0
github.com/casapps/casrad/src/service/service.go:199.15,200.77 1 0
github.com/casapps/casrad/src/service/service.go:201.11,202.63 1 0
github.com/casapps/casrad/src/service/service.go:203.15,204.58 1 0
github.com/casapps/casrad/src/service/service.go:205.10,206.48 1 0
github.com/casapps/casrad/src/service/service.go:211.32,212.23 1 0
github.com/casapps/casrad/src/service/service.go:213.15,214.64 1 0
github.com/casapps/casrad/src/service/service.go:215.13,216.57 1 0
github.com/casapps/casrad/src/service/service.go:217.14,218.65 1 0
github.com/casapps/casrad/src/service/service.go:219.15,220.73 1 0
github.com/casapps/casrad/src/service/service.go:221.11,222.62 1 0
github.com/casapps/casrad/src/service/service.go:223.15,224.57 1 0
github.com/casapps/casrad/src/service/service.go:225.10,226.48 1 0
github.com/casapps/casrad/src/service/service.go:231.35,232.23 1 0
github.com/casapps/casrad/src/service/service.go:233.15,234.67 1 0
github.com/casapps/casrad/src/service/service.go:235.13,236.60 1 0
github.com/casapps/casrad/src/service/service.go:237.14,238.68 1 0
github.com/casapps/casrad/src/service/service.go:239.15,241.19 2 0
github.com/casapps/casrad/src/service/service.go:242.11,243.65 1 0
github.com/casapps/casrad/src/service/service.go:244.15,246.58 2 0
github.com/casapps/casrad/src/service/service.go:247.10,248.48 1 0
github.com/casapps/casrad/src/service/service.go:253.34,254.23 1 0
github.com/casapps/casrad/src/service/service.go:255.15,256.66 1 0
github.com/casapps/casrad/src/service/service.go:257.14,258.74 1 0
github.com/casapps/casrad/src/service/service.go:259.11,260.23 1 0
github.com/casapps/casrad/src/service/service.go:261.15,263.13 1 0
github.com/casapps/casrad/src/service/service.go:264.15,265.77 1 0
github.com/casapps/casrad/src/service/service.go:266.10,267.13 1 0
github.com/casapps/casrad/src/service/service.go:272.35,273.23 1 0
github.com/casapps/casrad/src/service/service.go:274.15,275.67 1 0
github.com/casapps/casrad/src/service/service.go:276.14,277.63 1 0
github.com/casapps/casrad/src/service/service.go:278.11,279.24 1 0
github.com/casapps/casrad/src/service/service.go:280.15,281.79 1 0
github.com/casapps/casrad/src/service/service.go:282.15,283.81 1 0
github.com/casapps/casrad/src/service/service.go:284.10,285.13 1 0
github.com/casapps/casrad/src/service/service.go:290.44,291.23 1 0
github.com/casapps/casrad/src/service/service.go:292.15,294.26 2 0
github.com/casapps/casrad/src/service/service.go:295.13,297.26 2 0
github.com/casapps/casrad/src/service/service.go:298.14,300.26 2 0
github.com/casapps/casrad/src/service/service.go:301.15,303.26 2 0
github.com/casapps/casrad/src/service/service.go:304.11,306.26 2 0
github.com/casapps/casrad/src/service/service.go:307.15,309.26 2 0
github.com/casapps/casrad/src/service/service.go:310.10,311.52 1 0
github.com/casapps/casrad/src/service/service.go:316.38,317.23 1 0
github.com/casapps/casrad/src/service/service.go:318.15,320.20 2 0
github.com/casapps/casrad/src/service/service.go:321.13,323.20 2 0
github.com/casapps/casrad/src/service/service.go:324.14,326.20 2 0
github.com/casapps/casrad/src/service/service.go:327.15,329.20 2 0
github.com/casapps/casrad/src/service/service.go:330.11,332.20 2 0
github.com/casapps/casrad/src/service/service.go:333.15,335.54 2 0
github.com/casapps/casrad/src/service/service.go:336.10,337.15 1 0
github.com/casapps/casrad/src/service/service.go:342.36,344.16 2 0
github.com/casapps/casrad/src/service/service.go:344.16,346.3 1 0
github.com/casapps/casrad/src/service/service.go:348.2,348.23 1 0
github.com/casapps/casrad/src/service/service.go:349.15,350.54 1 0
github.com/casapps/casrad/src/service/service.go:351.13,352.42 1 0
github.com/casapps/casrad/src/service/service.go:353.14,354.45 1 0
github.com/casapps/casrad/src/service/service.go:355.15,356.55 1 0
github.com/casapps/casrad/src/service/service.go:357.11,358.48 1 0
github.com/casapps/casrad/src/service/service.go:359.15,360.45 1 0
github.com/casapps/casrad/src/service/service.go:361.10,362.15 1 0
github.com/casapps/casrad/src/service/service.go:367.45,369.54 1 0
github.com/casapps/casrad/src/service/service.go:369.54,371.3 1 0
github.com/casapps/casrad/src/service/service.go:373.2,373.22 1 0
github.com/casapps/casrad/src/service/service.go:374.15,375.29 1 0
github.com/casapps/casrad/src/service/service.go:376.16,377.29 1 0
github.com/casapps/casrad/src/service/service.go:378.17,379.31 1 0
github.com/casapps/casrad/src/service/service.go:380.17,382.13 1 0
github.com/casapps/casrad/src/service/service.go:383.10,384.13 1 0
github.com/casapps/casrad/src/service/service.go:389.43,392.14 2 0
github.com/casapps/casrad/src/service/service.go:392.14,394.3 1 0
github.com/casapps/casrad/src/service/service.go:397.2,397.102 1 0
github.com/casapps/casrad/src/service/service.go:397.103,399.3 0 0
github.com/casapps/casrad/src/service/service.go:402.2,412.47 2 0
github.com/casapps/casrad/src/service/service.go:416.43,419.14 2 0
github.com/casapps/casrad/src/service/service.go:419.14,421.3 1 0
github.com/casapps/casrad/src/service/service.go:423.2,441.31 3 0
github.com/casapps/casrad/src/service/service.go:441.31,442.64 1 0
github.com/casapps/casrad/src/service/service.go:442.65,444.4 0 0
github.com/casapps/casrad/src/service/service.go:447.2,447.12 1 0
github.com/casapps/casrad/src/service/service.go:451.45,453.14 2 0
github.com/casapps/casrad/src/service/service.go:453.14,455.3 1 0
github.com/casapps/casrad/src/service/service.go:457.2,470.9 3 0
github.com/casapps/casrad/src/service/service.go:474.54,475.33 1 0
github.com/casapps/casrad/src/service/service.go:475.33,476.60 1 0
github.com/casapps/casrad/src/service/service.go:476.60,477.12 1 0
github.com/casapps/casrad/src/service/service.go:479.3,479.65 1 0
github.com/casapps/casrad/src/service/service.go:479.65,480.12 1 0
github.com/casapps/casrad/src/service/service.go:482.3,482.12 1 0
github.com/casapps/casrad/src/service/service.go:484.2,484.10 1 0
github.com/casapps/casrad/src/service/service.go:488.45,491.27 2 0
github.com/casapps/casrad/src/service/service.go:491.27,492.48 1 0
github.com/casapps/casrad/src/service/service.go:492.48,494.4 1 0
github.com/casapps/casrad/src/service/service.go:497.3,497.32 1 0
github.com/casapps/casrad/src/service/service.go:497.32,498.56 1 0
github.com/casapps/casrad/src/service/service.go:498.56,502.5 3 0
github.com/casapps/casrad/src/service/service.go:506.2,506.12 1 0
github.com/casapps/casrad/src/service/service.go:539.44,541.2 1 0
github.com/casapps/casrad/src/service/service.go:543.42,545.16 2 0
github.com/casapps/casrad/src/service/service.go:545.16,547.3 1 0
github.com/casapps/casrad/src/service/service.go:549.2,550.16 2 0
github.com/casapps/casrad/src/service/service.go:550.16,552.3 1 0
github.com/casapps/casrad/src/service/service.go:553.2,555.50 2 0
github.com/casapps/casrad/src/service/service.go:555.50,557.3 1 0
github.com/casapps/casrad/src/service/service.go:560.2,560.73 1 0
github.com/casapps/casrad/src/service/service.go:560.73,562.3 1 0
github.com/casapps/casrad/src/service/service.go:565.2,565.65 1 0
github.com/casapps/casrad/src/service/service.go:568.44,578.2 4 0
github.com/casapps/casrad/src/service/service.go:590.40,595.50 3 0
github.com/casapps/casrad/src/service/service.go:595.50,597.3 1 0
github.com/casapps/casrad/src/service/service.go:600.2,602.16 3 0
github.com/casapps/casrad/src/service/service.go:602.16,604.3 1 0
github.com/casapps/casrad/src/service/service.go:605.2,611.16 5 0
github.com/casapps/casrad/src/service/service.go:611.16,613.3 1 0
github.com/casapps/casrad/src/service/service.go:614.2,618.72 3 0
github.com/casapps/casrad/src/service/service.go:621.42,630.2 3 0
github.com/casapps/casrad/src/service/service.go:649.41,651.16 2 0
github.com/casapps/casrad/src/service/service.go:651.16,653.3 1 0
github.com/casapps/casrad/src/service/service.go:655.2,657.16 3 0
github.com/casapps/casrad/src/service/service.go:657.16,659.3 1 0
github.com/casapps/casrad/src/service/service.go:660.2,662.50 2 0
github.com/casapps/casrad/src/service/service.go:662.50,664.3 1 0
github.com/casapps/casrad/src/service/service.go:667.2,667.73 1 0
github.com/casapps/casrad/src/service/service.go:670.43,677.2 3 0
github.com/casapps/casrad/src/service/service.go:717.45,719.2 1 0
github.com/casapps/casrad/src/service/service.go:721.42,723.16 2 0
github.com/casapps/casrad/src/service/service.go:723.16,725.3 1 0
github.com/casapps/casrad/src/service/service.go:727.2,728.16 2 0
github.com/casapps/casrad/src/service/service.go:728.16,730.3 1 0
github.com/casapps/casrad/src/service/service.go:731.2,733.50 2 0
github.com/casapps/casrad/src/service/service.go:733.50,735.3 1 0
github.com/casapps/casrad/src/service/service.go:738.2,741.76 2 0
github.com/casapps/casrad/src/service/service.go:744.44,750.2 2 0
github.com/casapps/casrad/src/service/service.go:771.38,773.16 2 0
github.com/casapps/casrad/src/service/service.go:773.16,775.3 1 0
github.com/casapps/casrad/src/service/service.go:777.2,779.16 3 0
github.com/casapps/casrad/src/service/service.go:779.16,781.3 1 0
github.com/casapps/casrad/src/service/service.go:782.2,784.50 2 0
github.com/casapps/casrad/src/service/service.go:784.50,786.3 1 0
github.com/casapps/casrad/src/service/service.go:789.2,789.22 1 0
github.com/casapps/casrad/src/service/service.go:792.40,801.2 3 0
github.com/casapps/casrad/src/service/service.go:803.37,808.16 3 0
github.com/casapps/casrad/src/service/service.go:808.16,810.3 1 0
github.com/casapps/casrad/src/service/service.go:811.2,814.12 3 0
github.com/casapps/casrad/src/service/service.go:817.38,820.16 2 0
github.com/casapps/casrad/src/service/service.go:820.16,822.3 1 0
github.com/casapps/casrad/src/service/service.go:825.2,829.29 4 0
github.com/casapps/casrad/src/service/service.go:829.29,830.58 1 0
github.com/casapps/casrad/src/service/service.go:830.58,832.4 1 0
github.com/casapps/casrad/src/service/service.go:835.2,835.81 1 0
github.com/casapps/casrad/src/service/service.go:840.42,850.58 2 0
github.com/casapps/casrad/src/service/service.go:850.58,852.3 1 0
github.com/casapps/casrad/src/service/service.go:855.2,855.85 1 0
github.com/casapps/casrad/src/service/service.go:858.44,864.2 2 0
github.com/casapps/casrad/src/service/service.go:867.49,883.2 1 0
github.com/casapps/casrad/src/swagger/swagger.go:432.29,433.71 1 0
github.com/casapps/casrad/src/swagger/swagger.go:433.71,436.3 2 0
github.com/casapps/casrad/src/swagger/swagger.go:441.26,442.71 1 0
github.com/casapps/casrad/src/swagger/swagger.go:442.71,446.3 3 0
github.com/casapps/casrad/src/swagger/theme.go:7.36,8.15 1 0
github.com/casapps/casrad/src/swagger/theme.go:9.15,10.23 1 0
github.com/casapps/casrad/src/swagger/theme.go:11.10,12.22 1 0
